# JRE version: OpenJDK Runtime Environment JBR-11.0.10.9-1341.35-dcevm (11.0.10+9) (build 11.0.10+9-b1341.35)
# Java VM: Dynamic Code Evolution 64-Bit Server VM JBR-11.0.10.9-1341.35-dcevm (11.0.10+9-b1341.35, mixed mode, tiered, compressed oops, concurrent mark sweep gc, windows-amd64)
Heap:
 par new generation   total 39296K, used 5126K [0x00000000d1200000, 0x00000000d3ca0000, 0x00000000e0c00000)
  eden space 34944K,   2% used [0x00000000d1200000, 0x00000000d12d0590, 0x00000000d3420000)
  from space 4352K,  98% used [0x00000000d3860000, 0x00000000d3c91470, 0x00000000d3ca0000)
  to   space 4352K,   0% used [0x00000000d3420000, 0x00000000d3420000, 0x00000000d3860000)
 concurrent mark-sweep generation total 411484K, used 353870K [0x00000000e0c00000, 0x00000000f9dd7000, 0x0000000100000000)
 Metaspace       used 369587K, capacity 380707K, committed 380760K, reserved 1378304K
  class space    used 48308K, capacity 52404K, committed 52424K, reserved 1048576K
GC Heap History (20 events):
Event: 9388.225 GC heap before
{Heap before GC invocations=168 (full 10):
 par new generation   total 39296K, used 38522K [0x00000000d1200000, 0x00000000d3ca0000, 0x00000000e0c00000)
  eden space 34944K, 100% used [0x00000000d1200000, 0x00000000d3420000, 0x00000000d3420000)
  from space 4352K,  82% used [0x00000000d3420000, 0x00000000d379ea40, 0x00000000d3860000)
  to   space 4352K,   0% used [0x00000000d3860000, 0x00000000d3860000, 0x00000000d3ca0000)
 concurrent mark-sweep generation total 411484K, used 342430K [0x00000000e0c00000, 0x00000000f9dd7000, 0x0000000100000000)
 Metaspace       used 367473K, capacity 378623K, committed 378712K, reserved 1376256K
  class space    used 48061K, capacity 52099K, committed 52168K, reserved 1048576K
}
Event: 9388.232 GC heap after
{Heap after GC invocations=169 (full 10):
 par new generation   total 39296K, used 2950K [0x00000000d1200000, 0x00000000d3ca0000, 0x00000000e0c00000)
  eden space 34944K,   0% used [0x00000000d1200000, 0x00000000d1200000, 0x00000000d3420000)
  from space 4352K,  67% used [0x00000000d3860000, 0x00000000d3b41978, 0x00000000d3ca0000)
  to   space 4352K,   0% used [0x00000000d3420000, 0x00000000d3420000, 0x00000000d3860000)
 concurrent mark-sweep generation total 411484K, used 342960K [0x00000000e0c00000, 0x00000000f9dd7000, 0x0000000100000000)
 Metaspace       used 367473K, capacity 378623K, committed 378712K, reserved 1376256K
  class space    used 48061K, capacity 52099K, committed 52168K, reserved 1048576K
}
Event: 9394.419 GC heap before
{Heap before GC invocations=169 (full 10):
 par new generation   total 39296K, used 37894K [0x00000000d1200000, 0x00000000d3ca0000, 0x00000000e0c00000)
  eden space 34944K, 100% used [0x00000000d1200000, 0x00000000d3420000, 0x00000000d3420000)
  from space 4352K,  67% used [0x00000000d3860000, 0x00000000d3b41978, 0x00000000d3ca0000)
  to   space 4352K,   0% used [0x00000000d3420000, 0x00000000d3420000, 0x00000000d3860000)
 concurrent mark-sweep generation total 411484K, used 342960K [0x00000000e0c00000, 0x00000000f9dd7000, 0x0000000100000000)
 Metaspace       used 367575K, capacity 378693K, committed 378968K, reserved 1376256K
  class space    used 48061K, capacity 52100K, committed 52168K, reserved 1048576K
}
Event: 9394.601 GC heap after
{Heap after GC invocations=170 (full 10):
 par new generation   total 39296K, used 2735K [0x00000000d1200000, 0x00000000d3ca0000, 0x00000000e0c00000)
  eden space 34944K,   0% used [0x00000000d1200000, 0x00000000d1200000, 0x00000000d3420000)
  from space 4352K,  62% used [0x00000000d3420000, 0x00000000d36cbff0, 0x00000000d3860000)
  to   space 4352K,   0% used [0x00000000d3860000, 0x00000000d3860000, 0x00000000d3ca0000)
 concurrent mark-sweep generation total 411484K, used 343460K [0x00000000e0c00000, 0x00000000f9dd7000, 0x0000000100000000)
 Metaspace       used 367575K, capacity 378693K, committed 378968K, reserved 1376256K
  class space    used 48061K, capacity 52100K, committed 52168K, reserved 1048576K
}
Event: 9399.582 GC heap before
{Heap before GC invocations=170 (full 10):
 par new generation   total 39296K, used 37679K [0x00000000d1200000, 0x00000000d3ca0000, 0x00000000e0c00000)
  eden space 34944K, 100% used [0x00000000d1200000, 0x00000000d3420000, 0x00000000d3420000)
  from space 4352K,  62% used [0x00000000d3420000, 0x00000000d36cbff0, 0x00000000d3860000)
  to   space 4352K,   0% used [0x00000000d3860000, 0x00000000d3860000, 0x00000000d3ca0000)
 concurrent mark-sweep generation total 411484K, used 343460K [0x00000000e0c00000, 0x00000000f9dd7000, 0x0000000100000000)
 Metaspace       used 367865K, capacity 378981K, committed 379224K, reserved 1376256K
  class space    used 48089K, capacity 52132K, committed 52168K, reserved 1048576K
}
Event: 9399.599 GC heap after
{Heap after GC invocations=171 (full 10):
 par new generation   total 39296K, used 3137K [0x00000000d1200000, 0x00000000d3ca0000, 0x00000000e0c00000)
  eden space 34944K,   0% used [0x00000000d1200000, 0x00000000d1200000, 0x00000000d3420000)
  from space 4352K,  72% used [0x00000000d3860000, 0x00000000d3b707c0, 0x00000000d3ca0000)
  to   space 4352K,   0% used [0x00000000d3420000, 0x00000000d3420000, 0x00000000d3860000)
 concurrent mark-sweep generation total 411484K, used 343982K [0x00000000e0c00000, 0x00000000f9dd7000, 0x0000000100000000)
 Metaspace       used 367865K, capacity 378981K, committed 379224K, reserved 1376256K
  class space    used 48089K, capacity 52132K, committed 52168K, reserved 1048576K
}
Event: 9401.003 GC heap before
{Heap before GC invocations=171 (full 10):
 par new generation   total 39296K, used 38081K [0x00000000d1200000, 0x00000000d3ca0000, 0x00000000e0c00000)
  eden space 34944K, 100% used [0x00000000d1200000, 0x00000000d3420000, 0x00000000d3420000)
  from space 4352K,  72% used [0x00000000d3860000, 0x00000000d3b707c0, 0x00000000d3ca0000)
  to   space 4352K,   0% used [0x00000000d3420000, 0x00000000d3420000, 0x00000000d3860000)
 concurrent mark-sweep generation total 411484K, used 343982K [0x00000000e0c00000, 0x00000000f9dd7000, 0x0000000100000000)
 Metaspace       used 367917K, capacity 379049K, committed 379224K, reserved 1376256K
  class space    used 48089K, capacity 52132K, committed 52168K, reserved 1048576K
}
Event: 9401.045 GC heap after
{Heap after GC invocations=172 (full 10):
 par new generation   total 39296K, used 3210K [0x00000000d1200000, 0x00000000d3ca0000, 0x00000000e0c00000)
  eden space 34944K,   0% used [0x00000000d1200000, 0x00000000d1200000, 0x00000000d3420000)
  from space 4352K,  73% used [0x00000000d3420000, 0x00000000d37428a0, 0x00000000d3860000)
  to   space 4352K,   0% used [0x00000000d3860000, 0x00000000d3860000, 0x00000000d3ca0000)
 concurrent mark-sweep generation total 411484K, used 344621K [0x00000000e0c00000, 0x00000000f9dd7000, 0x0000000100000000)
 Metaspace       used 367917K, capacity 379049K, committed 379224K, reserved 1376256K
  class space    used 48089K, capacity 52132K, committed 52168K, reserved 1048576K
}
Event: 9402.402 GC heap before
{Heap before GC invocations=172 (full 10):
 par new generation   total 39296K, used 38154K [0x00000000d1200000, 0x00000000d3ca0000, 0x00000000e0c00000)
  eden space 34944K, 100% used [0x00000000d1200000, 0x00000000d3420000, 0x00000000d3420000)
  from space 4352K,  73% used [0x00000000d3420000, 0x00000000d37428a0, 0x00000000d3860000)
  to   space 4352K,   0% used [0x00000000d3860000, 0x00000000d3860000, 0x00000000d3ca0000)
 concurrent mark-sweep generation total 411484K, used 344621K [0x00000000e0c00000, 0x00000000f9dd7000, 0x0000000100000000)
 Metaspace       used 367969K, capacity 379113K, committed 379224K, reserved 1376256K
  class space    used 48089K, capacity 52132K, committed 52168K, reserved 1048576K
}
Event: 9402.591 GC heap after
{Heap after GC invocations=173 (full 10):
 par new generation   total 39296K, used 3769K [0x00000000d1200000, 0x00000000d3ca0000, 0x00000000e0c00000)
  eden space 34944K,   0% used [0x00000000d1200000, 0x00000000d1200000, 0x00000000d3420000)
  from space 4352K,  86% used [0x00000000d3860000, 0x00000000d3c0e438, 0x00000000d3ca0000)
  to   space 4352K,   0% used [0x00000000d3420000, 0x00000000d3420000, 0x00000000d3860000)
 concurrent mark-sweep generation total 411484K, used 344621K [0x00000000e0c00000, 0x00000000f9dd7000, 0x0000000100000000)
 Metaspace       used 367969K, capacity 379113K, committed 379224K, reserved 1376256K
  class space    used 48089K, capacity 52132K, committed 52168K, reserved 1048576K
}
Event: 9404.378 GC heap before
{Heap before GC invocations=173 (full 10):
 par new generation   total 39296K, used 38713K [0x00000000d1200000, 0x00000000d3ca0000, 0x00000000e0c00000)
  eden space 34944K, 100% used [0x00000000d1200000, 0x00000000d3420000, 0x00000000d3420000)
  from space 4352K,  86% used [0x00000000d3860000, 0x00000000d3c0e438, 0x00000000d3ca0000)
  to   space 4352K,   0% used [0x00000000d3420000, 0x00000000d3420000, 0x00000000d3860000)
 concurrent mark-sweep generation total 411484K, used 344621K [0x00000000e0c00000, 0x00000000f9dd7000, 0x0000000100000000)
 Metaspace       used 368115K, capacity 379243K, committed 379480K, reserved 1378304K
  class space    used 48099K, capacity 52132K, committed 52168K, reserved 1048576K
}
Event: 9404.474 GC heap after
{Heap after GC invocations=174 (full 10):
 par new generation   total 39296K, used 4352K [0x00000000d1200000, 0x00000000d3ca0000, 0x00000000e0c00000)
  eden space 34944K,   0% used [0x00000000d1200000, 0x00000000d1200000, 0x00000000d3420000)
  from space 4352K, 100% used [0x00000000d3420000, 0x00000000d3860000, 0x00000000d3860000)
  to   space 4352K,   0% used [0x00000000d3860000, 0x00000000d3860000, 0x00000000d3ca0000)
 concurrent mark-sweep generation total 411484K, used 346022K [0x00000000e0c00000, 0x00000000f9dd7000, 0x0000000100000000)
 Metaspace       used 368115K, capacity 379243K, committed 379480K, reserved 1378304K
  class space    used 48099K, capacity 52132K, committed 52168K, reserved 1048576K
}
Event: 9406.725 GC heap before
{Heap before GC invocations=174 (full 10):
 par new generation   total 39296K, used 39296K [0x00000000d1200000, 0x00000000d3ca0000, 0x00000000e0c00000)
  eden space 34944K, 100% used [0x00000000d1200000, 0x00000000d3420000, 0x00000000d3420000)
  from space 4352K, 100% used [0x00000000d3420000, 0x00000000d3860000, 0x00000000d3860000)
  to   space 4352K,   0% used [0x00000000d3860000, 0x00000000d3860000, 0x00000000d3ca0000)
 concurrent mark-sweep generation total 411484K, used 346022K [0x00000000e0c00000, 0x00000000f9dd7000, 0x0000000100000000)
 Metaspace       used 368223K, capacity 379318K, committed 379480K, reserved 1378304K
  class space    used 48109K, capacity 52136K, committed 52168K, reserved 1048576K
}
Event: 9406.867 GC heap after
{Heap after GC invocations=175 (full 10):
 par new generation   total 39296K, used 2828K [0x00000000d1200000, 0x00000000d3ca0000, 0x00000000e0c00000)
  eden space 34944K,   0% used [0x00000000d1200000, 0x00000000d1200000, 0x00000000d3420000)
  from space 4352K,  65% used [0x00000000d3860000, 0x00000000d3b23378, 0x00000000d3ca0000)
  to   space 4352K,   0% used [0x00000000d3420000, 0x00000000d3420000, 0x00000000d3860000)
 concurrent mark-sweep generation total 411484K, used 348959K [0x00000000e0c00000, 0x00000000f9dd7000, 0x0000000100000000)
 Metaspace       used 368223K, capacity 379318K, committed 379480K, reserved 1378304K
  class space    used 48109K, capacity 52136K, committed 52168K, reserved 1048576K
}
Event: 9410.336 GC heap before
{Heap before GC invocations=175 (full 10):
 par new generation   total 39296K, used 37772K [0x00000000d1200000, 0x00000000d3ca0000, 0x00000000e0c00000)
  eden space 34944K, 100% used [0x00000000d1200000, 0x00000000d3420000, 0x00000000d3420000)
  from space 4352K,  65% used [0x00000000d3860000, 0x00000000d3b23378, 0x00000000d3ca0000)
  to   space 4352K,   0% used [0x00000000d3420000, 0x00000000d3420000, 0x00000000d3860000)
 concurrent mark-sweep generation total 411484K, used 348959K [0x00000000e0c00000, 0x00000000f9dd7000, 0x0000000100000000)
 Metaspace       used 368309K, capacity 379385K, committed 379480K, reserved 1378304K
  class space    used 48115K, capacity 52137K, committed 52168K, reserved 1048576K
}
Event: 9410.377 GC heap after
{Heap after GC invocations=176 (full 10):
 par new generation   total 39296K, used 4352K [0x00000000d1200000, 0x00000000d3ca0000, 0x00000000e0c00000)
  eden space 34944K,   0% used [0x00000000d1200000, 0x00000000d1200000, 0x00000000d3420000)
  from space 4352K, 100% used [0x00000000d3420000, 0x00000000d3860000, 0x00000000d3860000)
  to   space 4352K,   0% used [0x00000000d3860000, 0x00000000d3860000, 0x00000000d3ca0000)
 concurrent mark-sweep generation total 411484K, used 350006K [0x00000000e0c00000, 0x00000000f9dd7000, 0x0000000100000000)
 Metaspace       used 368309K, capacity 379385K, committed 379480K, reserved 1378304K
  class space    used 48115K, capacity 52137K, committed 52168K, reserved 1048576K
}
Event: 9457.610 GC heap before
{Heap before GC invocations=176 (full 10):
 par new generation   total 39296K, used 39296K [0x00000000d1200000, 0x00000000d3ca0000, 0x00000000e0c00000)
  eden space 34944K, 100% used [0x00000000d1200000, 0x00000000d3420000, 0x00000000d3420000)
  from space 4352K, 100% used [0x00000000d3420000, 0x00000000d3860000, 0x00000000d3860000)
  to   space 4352K,   0% used [0x00000000d3860000, 0x00000000d3860000, 0x00000000d3ca0000)
 concurrent mark-sweep generation total 411484K, used 350006K [0x00000000e0c00000, 0x00000000f9dd7000, 0x0000000100000000)
 Metaspace       used 368450K, capacity 379542K, committed 379736K, reserved 1378304K
  class space    used 48125K, capacity 52145K, committed 52168K, reserved 1048576K
}
Event: 9457.728 GC heap after
{Heap after GC invocations=177 (full 10):
 par new generation   total 39296K, used 2455K [0x00000000d1200000, 0x00000000d3ca0000, 0x00000000e0c00000)
  eden space 34944K,   0% used [0x00000000d1200000, 0x00000000d1200000, 0x00000000d3420000)
  from space 4352K,  56% used [0x00000000d3860000, 0x00000000d3ac5cc0, 0x00000000d3ca0000)
  to   space 4352K,   0% used [0x00000000d3420000, 0x00000000d3420000, 0x00000000d3860000)
 concurrent mark-sweep generation total 411484K, used 353870K [0x00000000e0c00000, 0x00000000f9dd7000, 0x0000000100000000)
 Metaspace       used 368450K, capacity 379542K, committed 379736K, reserved 1378304K
  class space    used 48125K, capacity 52145K, committed 52168K, reserved 1048576K
}
Event: 9735.967 GC heap before
{Heap before GC invocations=177 (full 10):
 par new generation   total 39296K, used 37399K [0x00000000d1200000, 0x00000000d3ca0000, 0x00000000e0c00000)
  eden space 34944K, 100% used [0x00000000d1200000, 0x00000000d3420000, 0x00000000d3420000)
  from space 4352K,  56% used [0x00000000d3860000, 0x00000000d3ac5cc0, 0x00000000d3ca0000)
  to   space 4352K,   0% used [0x00000000d3420000, 0x00000000d3420000, 0x00000000d3860000)
 concurrent mark-sweep generation total 411484K, used 353870K [0x00000000e0c00000, 0x00000000f9dd7000, 0x0000000100000000)
 Metaspace       used 368598K, capacity 379670K, committed 379736K, reserved 1378304K
  class space    used 48127K, capacity 52145K, committed 52168K, reserved 1048576K
}
Event: 9735.975 GC heap after
{Heap after GC invocations=178 (full 10):
 par new generation   total 39296K, used 1368K [0x00000000d1200000, 0x00000000d3ca0000, 0x00000000e0c00000)
  eden space 34944K,   0% used [0x00000000d1200000, 0x00000000d1200000, 0x00000000d3420000)
  from space 4352K,  31% used [0x00000000d3420000, 0x00000000d3576270, 0x00000000d3860000)
  to   space 4352K,   0% used [0x00000000d3860000, 0x00000000d3860000, 0x00000000d3ca0000)
 concurrent mark-sweep generation total 411484K, used 353870K [0x00000000e0c00000, 0x00000000f9dd7000, 0x0000000100000000)
 Metaspace       used 368598K, capacity 379670K, committed 379736K, reserved 1378304K
  class space    used 48127K, capacity 52145K, committed 52168K, reserved 1048576K
}

