# JRE version: OpenJDK Runtime Environment JBR-11.0.9.1.11-1145.63-jcef (11.0.9.1+11) (build 11.0.9.1+11-b1145.63)
# Java VM: OpenJDK 64-Bit Server VM JBR-11.0.9.1.11-1145.63-jcef (11.0.9.1+11-b1145.63, mixed mode, tiered, compressed oops, concurrent mark sweep gc, windows-amd64)
Heap:
 par new generation   total 39296K, used 34307K [0x00000000d1200000, 0x00000000d3ca0000, 0x00000000e0c00000)
  eden space 34944K,  87% used [0x00000000d1200000, 0x00000000d2fe87d0, 0x00000000d3420000)
  from space 4352K,  84% used [0x00000000d3860000, 0x00000000d3bf8448, 0x00000000d3ca0000)
  to   space 4352K,   0% used [0x00000000d3420000, 0x00000000d3420000, 0x00000000d3860000)
 concurrent mark-sweep generation total 348872K, used 223257K [0x00000000e0c00000, 0x00000000f60b2000, 0x0000000100000000)
 Metaspace       used 238869K, capacity 245876K, committed 246972K, reserved 1263616K
  class space    used 30565K, capacity 33238K, committed 33592K, reserved 1048576K
GC Heap History (20 events):
Event: 210.535 GC heap before
{Heap before GC invocations=258 (full 9):
 par new generation   total 39296K, used 39009K [0x00000000d1200000, 0x00000000d3ca0000, 0x00000000e0c00000)
  eden space 34944K, 100% used [0x00000000d1200000, 0x00000000d3420000, 0x00000000d3420000)
  from space 4352K,  93% used [0x00000000d3420000, 0x00000000d3818458, 0x00000000d3860000)
  to   space 4352K,   0% used [0x00000000d3860000, 0x00000000d3860000, 0x00000000d3ca0000)
 concurrent mark-sweep generation total 348872K, used 312475K [0x00000000e0c00000, 0x00000000f60b2000, 0x0000000100000000)
 Metaspace       used 238234K, capacity 245476K, committed 245820K, reserved 1261568K
  class space    used 30536K, capacity 33307K, committed 33464K, reserved 1048576K
}
Event: 210.542 GC heap after
{Heap after GC invocations=259 (full 9):
 par new generation   total 39296K, used 3616K [0x00000000d1200000, 0x00000000d3ca0000, 0x00000000e0c00000)
  eden space 34944K,   0% used [0x00000000d1200000, 0x00000000d1200000, 0x00000000d3420000)
  from space 4352K,  83% used [0x00000000d3860000, 0x00000000d3be81a0, 0x00000000d3ca0000)
  to   space 4352K,   0% used [0x00000000d3420000, 0x00000000d3420000, 0x00000000d3860000)
 concurrent mark-sweep generation total 348872K, used 313372K [0x00000000e0c00000, 0x00000000f60b2000, 0x0000000100000000)
 Metaspace       used 238234K, capacity 245476K, committed 245820K, reserved 1261568K
  class space    used 30536K, capacity 33307K, committed 33464K, reserved 1048576K
}
Event: 211.292 GC heap before
{Heap before GC invocations=259 (full 9):
 par new generation   total 39296K, used 38560K [0x00000000d1200000, 0x00000000d3ca0000, 0x00000000e0c00000)
  eden space 34944K, 100% used [0x00000000d1200000, 0x00000000d3420000, 0x00000000d3420000)
  from space 4352K,  83% used [0x00000000d3860000, 0x00000000d3be81a0, 0x00000000d3ca0000)
  to   space 4352K,   0% used [0x00000000d3420000, 0x00000000d3420000, 0x00000000d3860000)
 concurrent mark-sweep generation total 348872K, used 313372K [0x00000000e0c00000, 0x00000000f60b2000, 0x0000000100000000)
 Metaspace       used 238249K, capacity 245508K, committed 245820K, reserved 1261568K
  class space    used 30538K, capacity 33339K, committed 33464K, reserved 1048576K
}
Event: 211.302 GC heap after
{Heap after GC invocations=260 (full 9):
 par new generation   total 39296K, used 3617K [0x00000000d1200000, 0x00000000d3ca0000, 0x00000000e0c00000)
  eden space 34944K,   0% used [0x00000000d1200000, 0x00000000d1200000, 0x00000000d3420000)
  from space 4352K,  83% used [0x00000000d3420000, 0x00000000d37a86f0, 0x00000000d3860000)
  to   space 4352K,   0% used [0x00000000d3860000, 0x00000000d3860000, 0x00000000d3ca0000)
 concurrent mark-sweep generation total 348872K, used 314865K [0x00000000e0c00000, 0x00000000f60b2000, 0x0000000100000000)
 Metaspace       used 238249K, capacity 245508K, committed 245820K, reserved 1261568K
  class space    used 30538K, capacity 33339K, committed 33464K, reserved 1048576K
}
Event: 212.074 GC heap before
{Heap before GC invocations=260 (full 9):
 par new generation   total 39296K, used 38561K [0x00000000d1200000, 0x00000000d3ca0000, 0x00000000e0c00000)
  eden space 34944K, 100% used [0x00000000d1200000, 0x00000000d3420000, 0x00000000d3420000)
  from space 4352K,  83% used [0x00000000d3420000, 0x00000000d37a86f0, 0x00000000d3860000)
  to   space 4352K,   0% used [0x00000000d3860000, 0x00000000d3860000, 0x00000000d3ca0000)
 concurrent mark-sweep generation total 348872K, used 314865K [0x00000000e0c00000, 0x00000000f60b2000, 0x0000000100000000)
 Metaspace       used 238249K, capacity 245508K, committed 245820K, reserved 1261568K
  class space    used 30538K, capacity 33339K, committed 33464K, reserved 1048576K
}
Event: 212.080 GC heap after
{Heap after GC invocations=261 (full 9):
 par new generation   total 39296K, used 4169K [0x00000000d1200000, 0x00000000d3ca0000, 0x00000000e0c00000)
  eden space 34944K,   0% used [0x00000000d1200000, 0x00000000d1200000, 0x00000000d3420000)
  from space 4352K,  95% used [0x00000000d3860000, 0x00000000d3c72508, 0x00000000d3ca0000)
  to   space 4352K,   0% used [0x00000000d3420000, 0x00000000d3420000, 0x00000000d3860000)
 concurrent mark-sweep generation total 348872K, used 314865K [0x00000000e0c00000, 0x00000000f60b2000, 0x0000000100000000)
 Metaspace       used 238249K, capacity 245508K, committed 245820K, reserved 1261568K
  class space    used 30538K, capacity 33339K, committed 33464K, reserved 1048576K
}
Event: 214.551 GC heap before
{Heap before GC invocations=261 (full 9):
 par new generation   total 39296K, used 39113K [0x00000000d1200000, 0x00000000d3ca0000, 0x00000000e0c00000)
  eden space 34944K, 100% used [0x00000000d1200000, 0x00000000d3420000, 0x00000000d3420000)
  from space 4352K,  95% used [0x00000000d3860000, 0x00000000d3c72508, 0x00000000d3ca0000)
  to   space 4352K,   0% used [0x00000000d3420000, 0x00000000d3420000, 0x00000000d3860000)
 concurrent mark-sweep generation total 348872K, used 314865K [0x00000000e0c00000, 0x00000000f60b2000, 0x0000000100000000)
 Metaspace       used 239162K, capacity 246449K, committed 246716K, reserved 1263616K
  class space    used 30690K, capacity 33502K, committed 33592K, reserved 1048576K
}
Event: 214.561 GC heap after
{Heap after GC invocations=262 (full 9):
 par new generation   total 39296K, used 3667K [0x00000000d1200000, 0x00000000d3ca0000, 0x00000000e0c00000)
  eden space 34944K,   0% used [0x00000000d1200000, 0x00000000d1200000, 0x00000000d3420000)
  from space 4352K,  84% used [0x00000000d3420000, 0x00000000d37b4ec8, 0x00000000d3860000)
  to   space 4352K,   0% used [0x00000000d3860000, 0x00000000d3860000, 0x00000000d3ca0000)
 concurrent mark-sweep generation total 348872K, used 316268K [0x00000000e0c00000, 0x00000000f60b2000, 0x0000000100000000)
 Metaspace       used 239162K, capacity 246449K, committed 246716K, reserved 1263616K
  class space    used 30690K, capacity 33502K, committed 33592K, reserved 1048576K
}
Event: 215.069 GC heap before
{Heap before GC invocations=262 (full 9):
 par new generation   total 39296K, used 38611K [0x00000000d1200000, 0x00000000d3ca0000, 0x00000000e0c00000)
  eden space 34944K, 100% used [0x00000000d1200000, 0x00000000d3420000, 0x00000000d3420000)
  from space 4352K,  84% used [0x00000000d3420000, 0x00000000d37b4ec8, 0x00000000d3860000)
  to   space 4352K,   0% used [0x00000000d3860000, 0x00000000d3860000, 0x00000000d3ca0000)
 concurrent mark-sweep generation total 348872K, used 316268K [0x00000000e0c00000, 0x00000000f60b2000, 0x0000000100000000)
 Metaspace       used 239340K, capacity 246586K, committed 246716K, reserved 1263616K
  class space    used 30704K, capacity 33504K, committed 33592K, reserved 1048576K
}
Event: 215.079 GC heap after
{Heap after GC invocations=263 (full 9):
 par new generation   total 39296K, used 3260K [0x00000000d1200000, 0x00000000d3ca0000, 0x00000000e0c00000)
  eden space 34944K,   0% used [0x00000000d1200000, 0x00000000d1200000, 0x00000000d3420000)
  from space 4352K,  74% used [0x00000000d3860000, 0x00000000d3b8f230, 0x00000000d3ca0000)
  to   space 4352K,   0% used [0x00000000d3420000, 0x00000000d3420000, 0x00000000d3860000)
 concurrent mark-sweep generation total 348872K, used 317207K [0x00000000e0c00000, 0x00000000f60b2000, 0x0000000100000000)
 Metaspace       used 239340K, capacity 246586K, committed 246716K, reserved 1263616K
  class space    used 30704K, capacity 33504K, committed 33592K, reserved 1048576K
}
Event: 216.237 GC heap before
{Heap before GC invocations=263 (full 9):
 par new generation   total 39296K, used 38204K [0x00000000d1200000, 0x00000000d3ca0000, 0x00000000e0c00000)
  eden space 34944K, 100% used [0x00000000d1200000, 0x00000000d3420000, 0x00000000d3420000)
  from space 4352K,  74% used [0x00000000d3860000, 0x00000000d3b8f230, 0x00000000d3ca0000)
  to   space 4352K,   0% used [0x00000000d3420000, 0x00000000d3420000, 0x00000000d3860000)
 concurrent mark-sweep generation total 348872K, used 317207K [0x00000000e0c00000, 0x00000000f60b2000, 0x0000000100000000)
 Metaspace       used 239359K, capacity 246654K, committed 246972K, reserved 1263616K
  class space    used 30704K, capacity 33504K, committed 33592K, reserved 1048576K
}
Event: 216.247 GC heap after
{Heap after GC invocations=264 (full 9):
 par new generation   total 39296K, used 4352K [0x00000000d1200000, 0x00000000d3ca0000, 0x00000000e0c00000)
  eden space 34944K,   0% used [0x00000000d1200000, 0x00000000d1200000, 0x00000000d3420000)
  from space 4352K, 100% used [0x00000000d3420000, 0x00000000d3860000, 0x00000000d3860000)
  to   space 4352K,   0% used [0x00000000d3860000, 0x00000000d3860000, 0x00000000d3ca0000)
 concurrent mark-sweep generation total 348872K, used 317408K [0x00000000e0c00000, 0x00000000f60b2000, 0x0000000100000000)
 Metaspace       used 239359K, capacity 246654K, committed 246972K, reserved 1263616K
  class space    used 30704K, capacity 33504K, committed 33592K, reserved 1048576K
}
Event: 216.639 GC heap before
{Heap before GC invocations=264 (full 9):
 par new generation   total 39296K, used 39296K [0x00000000d1200000, 0x00000000d3ca0000, 0x00000000e0c00000)
  eden space 34944K, 100% used [0x00000000d1200000, 0x00000000d3420000, 0x00000000d3420000)
  from space 4352K, 100% used [0x00000000d3420000, 0x00000000d3860000, 0x00000000d3860000)
  to   space 4352K,   0% used [0x00000000d3860000, 0x00000000d3860000, 0x00000000d3ca0000)
 concurrent mark-sweep generation total 348872K, used 317408K [0x00000000e0c00000, 0x00000000f60b2000, 0x0000000100000000)
 Metaspace       used 239360K, capacity 246654K, committed 246972K, reserved 1263616K
  class space    used 30704K, capacity 33504K, committed 33592K, reserved 1048576K
}
Event: 216.649 GC heap after
{Heap after GC invocations=265 (full 9):
 par new generation   total 39296K, used 4045K [0x00000000d1200000, 0x00000000d3ca0000, 0x00000000e0c00000)
  eden space 34944K,   0% used [0x00000000d1200000, 0x00000000d1200000, 0x00000000d3420000)
  from space 4352K,  92% used [0x00000000d3860000, 0x00000000d3c53680, 0x00000000d3ca0000)
  to   space 4352K,   0% used [0x00000000d3420000, 0x00000000d3420000, 0x00000000d3860000)
 concurrent mark-sweep generation total 348872K, used 318833K [0x00000000e0c00000, 0x00000000f60b2000, 0x0000000100000000)
 Metaspace       used 239360K, capacity 246654K, committed 246972K, reserved 1263616K
  class space    used 30704K, capacity 33504K, committed 33592K, reserved 1048576K
}
Event: 217.086 GC heap before
{Heap before GC invocations=265 (full 9):
 par new generation   total 39296K, used 38989K [0x00000000d1200000, 0x00000000d3ca0000, 0x00000000e0c00000)
  eden space 34944K, 100% used [0x00000000d1200000, 0x00000000d3420000, 0x00000000d3420000)
  from space 4352K,  92% used [0x00000000d3860000, 0x00000000d3c53680, 0x00000000d3ca0000)
  to   space 4352K,   0% used [0x00000000d3420000, 0x00000000d3420000, 0x00000000d3860000)
 concurrent mark-sweep generation total 348872K, used 318833K [0x00000000e0c00000, 0x00000000f60b2000, 0x0000000100000000)
 Metaspace       used 239360K, capacity 246654K, committed 246972K, reserved 1263616K
  class space    used 30704K, capacity 33504K, committed 33592K, reserved 1048576K
}
Event: 217.110 GC heap after
{Heap after GC invocations=266 (full 9):
 par new generation   total 39296K, used 4018K [0x00000000d1200000, 0x00000000d3ca0000, 0x00000000e0c00000)
  eden space 34944K,   0% used [0x00000000d1200000, 0x00000000d1200000, 0x00000000d3420000)
  from space 4352K,  92% used [0x00000000d3420000, 0x00000000d380cb00, 0x00000000d3860000)
  to   space 4352K,   0% used [0x00000000d3860000, 0x00000000d3860000, 0x00000000d3ca0000)
 concurrent mark-sweep generation total 348872K, used 320468K [0x00000000e0c00000, 0x00000000f60b2000, 0x0000000100000000)
 Metaspace       used 239360K, capacity 246654K, committed 246972K, reserved 1263616K
  class space    used 30704K, capacity 33504K, committed 33592K, reserved 1048576K
}
Event: 217.902 GC heap before
{Heap before GC invocations=266 (full 9):
 par new generation   total 39296K, used 38962K [0x00000000d1200000, 0x00000000d3ca0000, 0x00000000e0c00000)
  eden space 34944K, 100% used [0x00000000d1200000, 0x00000000d3420000, 0x00000000d3420000)
  from space 4352K,  92% used [0x00000000d3420000, 0x00000000d380cb00, 0x00000000d3860000)
  to   space 4352K,   0% used [0x00000000d3860000, 0x00000000d3860000, 0x00000000d3ca0000)
 concurrent mark-sweep generation total 348872K, used 320468K [0x00000000e0c00000, 0x00000000f60b2000, 0x0000000100000000)
 Metaspace       used 239360K, capacity 246654K, committed 246972K, reserved 1263616K
  class space    used 30704K, capacity 33504K, committed 33592K, reserved 1048576K
}
Event: 217.920 GC heap after
{Heap after GC invocations=267 (full 9):
 par new generation   total 39296K, used 3326K [0x00000000d1200000, 0x00000000d3ca0000, 0x00000000e0c00000)
  eden space 34944K,   0% used [0x00000000d1200000, 0x00000000d1200000, 0x00000000d3420000)
  from space 4352K,  76% used [0x00000000d3860000, 0x00000000d3b9fa68, 0x00000000d3ca0000)
  to   space 4352K,   0% used [0x00000000d3420000, 0x00000000d3420000, 0x00000000d3860000)
 concurrent mark-sweep generation total 348872K, used 321380K [0x00000000e0c00000, 0x00000000f60b2000, 0x0000000100000000)
 Metaspace       used 239360K, capacity 246654K, committed 246972K, reserved 1263616K
  class space    used 30704K, capacity 33504K, committed 33592K, reserved 1048576K
}
Event: 219.253 GC heap before
{Heap before GC invocations=267 (full 10):
 par new generation   total 39296K, used 38270K [0x00000000d1200000, 0x00000000d3ca0000, 0x00000000e0c00000)
  eden space 34944K, 100% used [0x00000000d1200000, 0x00000000d3420000, 0x00000000d3420000)
  from space 4352K,  76% used [0x00000000d3860000, 0x00000000d3b9fa68, 0x00000000d3ca0000)
  to   space 4352K,   0% used [0x00000000d3420000, 0x00000000d3420000, 0x00000000d3860000)
 concurrent mark-sweep generation total 348872K, used 222390K [0x00000000e0c00000, 0x00000000f60b2000, 0x0000000100000000)
 Metaspace       used 238856K, capacity 245870K, committed 246972K, reserved 1263616K
  class space    used 30565K, capacity 33237K, committed 33592K, reserved 1048576K
}
Event: 219.265 GC heap after
{Heap after GC invocations=268 (full 10):
 par new generation   total 39296K, used 3030K [0x00000000d1200000, 0x00000000d3ca0000, 0x00000000e0c00000)
  eden space 34944K,   0% used [0x00000000d1200000, 0x00000000d1200000, 0x00000000d3420000)
  from space 4352K,  69% used [0x00000000d3420000, 0x00000000d37158f0, 0x00000000d3860000)
  to   space 4352K,   0% used [0x00000000d3860000, 0x00000000d3860000, 0x00000000d3ca0000)
 concurrent mark-sweep generation total 348872K, used 223257K [0x00000000e0c00000, 0x00000000f60b2000, 0x0000000100000000)
 Metaspace       used 238856K, capacity 245870K, committed 246972K, reserved 1263616K
  class space    used 30565K, capacity 33237K, committed 33592K, reserved 1048576K
}

