# JRE version: OpenJDK Runtime Environment JBR-11.0.9.11-1145.21-jcef (11.0.9+11) (build 11.0.9+11-b1145.21)
# Java VM: OpenJDK 64-Bit Server VM JBR-11.0.9.11-1145.21-jcef (11.0.9+11-b1145.21, mixed mode, tiered, compressed oops, concurrent mark sweep gc, windows-amd64)
Heap:
 par new generation   total 39296K, used 18608K [0x00000000d1200000, 0x00000000d3ca0000, 0x00000000e0c00000)
  eden space 34944K,  45% used [0x00000000d1200000, 0x00000000d21af108, 0x00000000d3420000)
  from space 4352K,  58% used [0x00000000d3860000, 0x00000000d3add058, 0x00000000d3ca0000)
  to   space 4352K,   0% used [0x00000000d3420000, 0x00000000d3420000, 0x00000000d3860000)
 concurrent mark-sweep generation total 512000K, used 254317K [0x00000000e0c00000, 0x0000000100000000, 0x0000000100000000)
 Metaspace       used 224269K, capacity 231594K, committed 231920K, reserved 1253376K
  class space    used 26097K, capacity 29004K, committed 29104K, reserved 1048576K
GC Heap History (20 events):
Event: 1774.111 GC heap before
{Heap before GC invocations=487 (full 20):
 par new generation   total 39296K, used 37128K [0x00000000d1200000, 0x00000000d3ca0000, 0x00000000e0c00000)
  eden space 34944K, 100% used [0x00000000d1200000, 0x00000000d3420000, 0x00000000d3420000)
  from space 4352K,  50% used [0x00000000d3860000, 0x00000000d3a822a0, 0x00000000d3ca0000)
  to   space 4352K,   0% used [0x00000000d3420000, 0x00000000d3420000, 0x00000000d3860000)
 concurrent mark-sweep generation total 512000K, used 249982K [0x00000000e0c00000, 0x0000000100000000, 0x0000000100000000)
 Metaspace       used 222306K, capacity 229622K, committed 229872K, reserved 1251328K
  class space    used 25897K, capacity 28780K, committed 28848K, reserved 1048576K
}
Event: 1774.120 GC heap after
{Heap after GC invocations=488 (full 20):
 par new generation   total 39296K, used 2705K [0x00000000d1200000, 0x00000000d3ca0000, 0x00000000e0c00000)
  eden space 34944K,   0% used [0x00000000d1200000, 0x00000000d1200000, 0x00000000d3420000)
  from space 4352K,  62% used [0x00000000d3420000, 0x00000000d36c4650, 0x00000000d3860000)
  to   space 4352K,   0% used [0x00000000d3860000, 0x00000000d3860000, 0x00000000d3ca0000)
 concurrent mark-sweep generation total 512000K, used 250008K [0x00000000e0c00000, 0x0000000100000000, 0x0000000100000000)
 Metaspace       used 222306K, capacity 229622K, committed 229872K, reserved 1251328K
  class space    used 25897K, capacity 28780K, committed 28848K, reserved 1048576K
}
Event: 1817.186 GC heap before
{Heap before GC invocations=488 (full 20):
 par new generation   total 39296K, used 37649K [0x00000000d1200000, 0x00000000d3ca0000, 0x00000000e0c00000)
  eden space 34944K, 100% used [0x00000000d1200000, 0x00000000d3420000, 0x00000000d3420000)
  from space 4352K,  62% used [0x00000000d3420000, 0x00000000d36c4650, 0x00000000d3860000)
  to   space 4352K,   0% used [0x00000000d3860000, 0x00000000d3860000, 0x00000000d3ca0000)
 concurrent mark-sweep generation total 512000K, used 250008K [0x00000000e0c00000, 0x0000000100000000, 0x0000000100000000)
 Metaspace       used 222346K, capacity 229622K, committed 229872K, reserved 1251328K
  class space    used 25897K, capacity 28780K, committed 28848K, reserved 1048576K
}
Event: 1817.212 GC heap after
{Heap after GC invocations=489 (full 20):
 par new generation   total 39296K, used 2332K [0x00000000d1200000, 0x00000000d3ca0000, 0x00000000e0c00000)
  eden space 34944K,   0% used [0x00000000d1200000, 0x00000000d1200000, 0x00000000d3420000)
  from space 4352K,  53% used [0x00000000d3860000, 0x00000000d3aa7110, 0x00000000d3ca0000)
  to   space 4352K,   0% used [0x00000000d3420000, 0x00000000d3420000, 0x00000000d3860000)
 concurrent mark-sweep generation total 512000K, used 250048K [0x00000000e0c00000, 0x0000000100000000, 0x0000000100000000)
 Metaspace       used 222346K, capacity 229622K, committed 229872K, reserved 1251328K
  class space    used 25897K, capacity 28780K, committed 28848K, reserved 1048576K
}
Event: 1827.605 GC heap before
{Heap before GC invocations=489 (full 20):
 par new generation   total 39296K, used 37276K [0x00000000d1200000, 0x00000000d3ca0000, 0x00000000e0c00000)
  eden space 34944K, 100% used [0x00000000d1200000, 0x00000000d3420000, 0x00000000d3420000)
  from space 4352K,  53% used [0x00000000d3860000, 0x00000000d3aa7110, 0x00000000d3ca0000)
  to   space 4352K,   0% used [0x00000000d3420000, 0x00000000d3420000, 0x00000000d3860000)
 concurrent mark-sweep generation total 512000K, used 250048K [0x00000000e0c00000, 0x0000000100000000, 0x0000000100000000)
 Metaspace       used 222433K, capacity 229754K, committed 229872K, reserved 1251328K
  class space    used 25897K, capacity 28780K, committed 28848K, reserved 1048576K
}
Event: 1827.612 GC heap after
{Heap after GC invocations=490 (full 20):
 par new generation   total 39296K, used 2016K [0x00000000d1200000, 0x00000000d3ca0000, 0x00000000e0c00000)
  eden space 34944K,   0% used [0x00000000d1200000, 0x00000000d1200000, 0x00000000d3420000)
  from space 4352K,  46% used [0x00000000d3420000, 0x00000000d3618038, 0x00000000d3860000)
  to   space 4352K,   0% used [0x00000000d3860000, 0x00000000d3860000, 0x00000000d3ca0000)
 concurrent mark-sweep generation total 512000K, used 250076K [0x00000000e0c00000, 0x0000000100000000, 0x0000000100000000)
 Metaspace       used 222433K, capacity 229754K, committed 229872K, reserved 1251328K
  class space    used 25897K, capacity 28780K, committed 28848K, reserved 1048576K
}
Event: 1842.656 GC heap before
{Heap before GC invocations=490 (full 20):
 par new generation   total 39296K, used 36960K [0x00000000d1200000, 0x00000000d3ca0000, 0x00000000e0c00000)
  eden space 34944K, 100% used [0x00000000d1200000, 0x00000000d3420000, 0x00000000d3420000)
  from space 4352K,  46% used [0x00000000d3420000, 0x00000000d3618038, 0x00000000d3860000)
  to   space 4352K,   0% used [0x00000000d3860000, 0x00000000d3860000, 0x00000000d3ca0000)
 concurrent mark-sweep generation total 512000K, used 250076K [0x00000000e0c00000, 0x0000000100000000, 0x0000000100000000)
 Metaspace       used 222460K, capacity 229754K, committed 229872K, reserved 1251328K
  class space    used 25897K, capacity 28780K, committed 28848K, reserved 1048576K
}
Event: 1842.662 GC heap after
{Heap after GC invocations=491 (full 20):
 par new generation   total 39296K, used 2596K [0x00000000d1200000, 0x00000000d3ca0000, 0x00000000e0c00000)
  eden space 34944K,   0% used [0x00000000d1200000, 0x00000000d1200000, 0x00000000d3420000)
  from space 4352K,  59% used [0x00000000d3860000, 0x00000000d3ae9160, 0x00000000d3ca0000)
  to   space 4352K,   0% used [0x00000000d3420000, 0x00000000d3420000, 0x00000000d3860000)
 concurrent mark-sweep generation total 512000K, used 250107K [0x00000000e0c00000, 0x0000000100000000, 0x0000000100000000)
 Metaspace       used 222460K, capacity 229754K, committed 229872K, reserved 1251328K
  class space    used 25897K, capacity 28780K, committed 28848K, reserved 1048576K
}
Event: 1948.750 GC heap before
{Heap before GC invocations=491 (full 20):
 par new generation   total 39296K, used 37540K [0x00000000d1200000, 0x00000000d3ca0000, 0x00000000e0c00000)
  eden space 34944K, 100% used [0x00000000d1200000, 0x00000000d3420000, 0x00000000d3420000)
  from space 4352K,  59% used [0x00000000d3860000, 0x00000000d3ae9160, 0x00000000d3ca0000)
  to   space 4352K,   0% used [0x00000000d3420000, 0x00000000d3420000, 0x00000000d3860000)
 concurrent mark-sweep generation total 512000K, used 250107K [0x00000000e0c00000, 0x0000000100000000, 0x0000000100000000)
 Metaspace       used 222502K, capacity 229825K, committed 230128K, reserved 1251328K
  class space    used 25898K, capacity 28782K, committed 28848K, reserved 1048576K
}
Event: 1948.824 GC heap after
{Heap after GC invocations=492 (full 20):
 par new generation   total 39296K, used 2383K [0x00000000d1200000, 0x00000000d3ca0000, 0x00000000e0c00000)
  eden space 34944K,   0% used [0x00000000d1200000, 0x00000000d1200000, 0x00000000d3420000)
  from space 4352K,  54% used [0x00000000d3420000, 0x00000000d3673c38, 0x00000000d3860000)
  to   space 4352K,   0% used [0x00000000d3860000, 0x00000000d3860000, 0x00000000d3ca0000)
 concurrent mark-sweep generation total 512000K, used 250185K [0x00000000e0c00000, 0x0000000100000000, 0x0000000100000000)
 Metaspace       used 222502K, capacity 229825K, committed 230128K, reserved 1251328K
  class space    used 25898K, capacity 28782K, committed 28848K, reserved 1048576K
}
Event: 1994.022 GC heap before
{Heap before GC invocations=492 (full 20):
 par new generation   total 39296K, used 37326K [0x00000000d1200000, 0x00000000d3ca0000, 0x00000000e0c00000)
  eden space 34944K,  99% used [0x00000000d1200000, 0x00000000d341ffb8, 0x00000000d3420000)
  from space 4352K,  54% used [0x00000000d3420000, 0x00000000d3673c38, 0x00000000d3860000)
  to   space 4352K,   0% used [0x00000000d3860000, 0x00000000d3860000, 0x00000000d3ca0000)
 concurrent mark-sweep generation total 512000K, used 250185K [0x00000000e0c00000, 0x0000000100000000, 0x0000000100000000)
 Metaspace       used 223945K, capacity 231207K, committed 231280K, reserved 1253376K
  class space    used 26092K, capacity 28966K, committed 28976K, reserved 1048576K
}
Event: 1994.103 GC heap after
{Heap after GC invocations=493 (full 20):
 par new generation   total 39296K, used 4352K [0x00000000d1200000, 0x00000000d3ca0000, 0x00000000e0c00000)
  eden space 34944K,   0% used [0x00000000d1200000, 0x00000000d1200000, 0x00000000d3420000)
  from space 4352K, 100% used [0x00000000d3860000, 0x00000000d3ca0000, 0x00000000d3ca0000)
  to   space 4352K,   0% used [0x00000000d3420000, 0x00000000d3420000, 0x00000000d3860000)
 concurrent mark-sweep generation total 512000K, used 250287K [0x00000000e0c00000, 0x0000000100000000, 0x0000000100000000)
 Metaspace       used 223945K, capacity 231207K, committed 231280K, reserved 1253376K
  class space    used 26092K, capacity 28966K, committed 28976K, reserved 1048576K
}
Event: 2018.956 GC heap before
{Heap before GC invocations=493 (full 20):
 par new generation   total 39296K, used 39296K [0x00000000d1200000, 0x00000000d3ca0000, 0x00000000e0c00000)
  eden space 34944K, 100% used [0x00000000d1200000, 0x00000000d3420000, 0x00000000d3420000)
  from space 4352K, 100% used [0x00000000d3860000, 0x00000000d3ca0000, 0x00000000d3ca0000)
  to   space 4352K,   0% used [0x00000000d3420000, 0x00000000d3420000, 0x00000000d3860000)
 concurrent mark-sweep generation total 512000K, used 250287K [0x00000000e0c00000, 0x0000000100000000, 0x0000000100000000)
 Metaspace       used 224005K, capacity 231275K, committed 231536K, reserved 1253376K
  class space    used 26093K, capacity 28967K, committed 28976K, reserved 1048576K
}
Event: 2019.101 GC heap after
{Heap after GC invocations=494 (full 20):
 par new generation   total 39296K, used 2868K [0x00000000d1200000, 0x00000000d3ca0000, 0x00000000e0c00000)
  eden space 34944K,   0% used [0x00000000d1200000, 0x00000000d1200000, 0x00000000d3420000)
  from space 4352K,  65% used [0x00000000d3420000, 0x00000000d36ed0f8, 0x00000000d3860000)
  to   space 4352K,   0% used [0x00000000d3860000, 0x00000000d3860000, 0x00000000d3ca0000)
 concurrent mark-sweep generation total 512000K, used 253736K [0x00000000e0c00000, 0x0000000100000000, 0x0000000100000000)
 Metaspace       used 224005K, capacity 231275K, committed 231536K, reserved 1253376K
  class space    used 26093K, capacity 28967K, committed 28976K, reserved 1048576K
}
Event: 2020.145 GC heap before
{Heap before GC invocations=494 (full 20):
 par new generation   total 39296K, used 37812K [0x00000000d1200000, 0x00000000d3ca0000, 0x00000000e0c00000)
  eden space 34944K, 100% used [0x00000000d1200000, 0x00000000d3420000, 0x00000000d3420000)
  from space 4352K,  65% used [0x00000000d3420000, 0x00000000d36ed0f8, 0x00000000d3860000)
  to   space 4352K,   0% used [0x00000000d3860000, 0x00000000d3860000, 0x00000000d3ca0000)
 concurrent mark-sweep generation total 512000K, used 253736K [0x00000000e0c00000, 0x0000000100000000, 0x0000000100000000)
 Metaspace       used 224052K, capacity 231378K, committed 231664K, reserved 1253376K
  class space    used 26095K, capacity 29001K, committed 29104K, reserved 1048576K
}
Event: 2020.206 GC heap after
{Heap after GC invocations=495 (full 20):
 par new generation   total 39296K, used 2440K [0x00000000d1200000, 0x00000000d3ca0000, 0x00000000e0c00000)
  eden space 34944K,   0% used [0x00000000d1200000, 0x00000000d1200000, 0x00000000d3420000)
  from space 4352K,  56% used [0x00000000d3860000, 0x00000000d3ac21f8, 0x00000000d3ca0000)
  to   space 4352K,   0% used [0x00000000d3420000, 0x00000000d3420000, 0x00000000d3860000)
 concurrent mark-sweep generation total 512000K, used 253736K [0x00000000e0c00000, 0x0000000100000000, 0x0000000100000000)
 Metaspace       used 224052K, capacity 231378K, committed 231664K, reserved 1253376K
  class space    used 26095K, capacity 29001K, committed 29104K, reserved 1048576K
}
Event: 2022.169 GC heap before
{Heap before GC invocations=495 (full 20):
 par new generation   total 39296K, used 37384K [0x00000000d1200000, 0x00000000d3ca0000, 0x00000000e0c00000)
  eden space 34944K, 100% used [0x00000000d1200000, 0x00000000d3420000, 0x00000000d3420000)
  from space 4352K,  56% used [0x00000000d3860000, 0x00000000d3ac21f8, 0x00000000d3ca0000)
  to   space 4352K,   0% used [0x00000000d3420000, 0x00000000d3420000, 0x00000000d3860000)
 concurrent mark-sweep generation total 512000K, used 253736K [0x00000000e0c00000, 0x0000000100000000, 0x0000000100000000)
 Metaspace       used 224134K, capacity 231523K, committed 231664K, reserved 1253376K
  class space    used 26097K, capacity 29004K, committed 29104K, reserved 1048576K
}
Event: 2022.412 GC heap after
{Heap after GC invocations=496 (full 20):
 par new generation   total 39296K, used 3464K [0x00000000d1200000, 0x00000000d3ca0000, 0x00000000e0c00000)
  eden space 34944K,   0% used [0x00000000d1200000, 0x00000000d1200000, 0x00000000d3420000)
  from space 4352K,  79% used [0x00000000d3420000, 0x00000000d3782090, 0x00000000d3860000)
  to   space 4352K,   0% used [0x00000000d3860000, 0x00000000d3860000, 0x00000000d3ca0000)
 concurrent mark-sweep generation total 512000K, used 253736K [0x00000000e0c00000, 0x0000000100000000, 0x0000000100000000)
 Metaspace       used 224134K, capacity 231523K, committed 231664K, reserved 1253376K
  class space    used 26097K, capacity 29004K, committed 29104K, reserved 1048576K
}
Event: 2023.314 GC heap before
{Heap before GC invocations=496 (full 20):
 par new generation   total 39296K, used 38405K [0x00000000d1200000, 0x00000000d3ca0000, 0x00000000e0c00000)
  eden space 34944K,  99% used [0x00000000d1200000, 0x00000000d341f5d0, 0x00000000d3420000)
  from space 4352K,  79% used [0x00000000d3420000, 0x00000000d3782090, 0x00000000d3860000)
  to   space 4352K,   0% used [0x00000000d3860000, 0x00000000d3860000, 0x00000000d3ca0000)
 concurrent mark-sweep generation total 512000K, used 253736K [0x00000000e0c00000, 0x0000000100000000, 0x0000000100000000)
 Metaspace       used 224236K, capacity 231594K, committed 231920K, reserved 1253376K
  class space    used 26097K, capacity 29004K, committed 29104K, reserved 1048576K
}
Event: 2023.325 GC heap after
{Heap after GC invocations=497 (full 20):
 par new generation   total 39296K, used 2548K [0x00000000d1200000, 0x00000000d3ca0000, 0x00000000e0c00000)
  eden space 34944K,   0% used [0x00000000d1200000, 0x00000000d1200000, 0x00000000d3420000)
  from space 4352K,  58% used [0x00000000d3860000, 0x00000000d3add058, 0x00000000d3ca0000)
  to   space 4352K,   0% used [0x00000000d3420000, 0x00000000d3420000, 0x00000000d3860000)
 concurrent mark-sweep generation total 512000K, used 254317K [0x00000000e0c00000, 0x0000000100000000, 0x0000000100000000)
 Metaspace       used 224236K, capacity 231594K, committed 231920K, reserved 1253376K
  class space    used 26097K, capacity 29004K, committed 29104K, reserved 1048576K
}

