# JRE version: OpenJDK Runtime Environment JBR-11.0.9.11-1145.21-jcef (11.0.9+11) (build 11.0.9+11-b1145.21)
# Java VM: OpenJDK 64-Bit Server VM JBR-11.0.9.11-1145.21-jcef (11.0.9+11-b1145.21, mixed mode, tiered, compressed oops, concurrent mark sweep gc, windows-amd64)
Heap:
 par new generation   total 39296K, used 37956K [0x00000000d1200000, 0x00000000d3ca0000, 0x00000000e0c00000)
  eden space 34944K,  96% used [0x00000000d1200000, 0x00000000d32d1260, 0x00000000d3420000)
  from space 4352K, 100% used [0x00000000d3420000, 0x00000000d3860000, 0x00000000d3860000)
  to   space 4352K,   0% used [0x00000000d3860000, 0x00000000d3860000, 0x00000000d3ca0000)
 concurrent mark-sweep generation total 87424K, used 47353K [0x00000000e0c00000, 0x00000000e6160000, 0x0000000100000000)
 Metaspace       used 59703K, capacity 61834K, committed 62020K, reserved 1112064K
  class space    used 6557K, capacity 7398K, committed 7524K, reserved 1048576K
GC Heap History (13 events):
Event: 26.430 GC heap before
{Heap before GC invocations=0 (full 0):
 par new generation   total 39296K, used 34944K [0x00000000d1200000, 0x00000000d3ca0000, 0x00000000e0c00000)
  eden space 34944K, 100% used [0x00000000d1200000, 0x00000000d3420000, 0x00000000d3420000)
  from space 4352K,   0% used [0x00000000d3420000, 0x00000000d3420000, 0x00000000d3860000)
  to   space 4352K,   0% used [0x00000000d3860000, 0x00000000d3860000, 0x00000000d3ca0000)
 concurrent mark-sweep generation total 87424K, used 0K [0x00000000e0c00000, 0x00000000e6160000, 0x0000000100000000)
 Metaspace       used 8580K, capacity 8759K, committed 9088K, reserved 1056768K
  class space    used 761K, capacity 814K, committed 896K, reserved 1048576K
}
Event: 26.598 GC heap after
{Heap after GC invocations=1 (full 0):
 par new generation   total 39296K, used 4350K [0x00000000d1200000, 0x00000000d3ca0000, 0x00000000e0c00000)
  eden space 34944K,   0% used [0x00000000d1200000, 0x00000000d1200000, 0x00000000d3420000)
  from space 4352K,  99% used [0x00000000d3860000, 0x00000000d3c9fbd0, 0x00000000d3ca0000)
  to   space 4352K,   0% used [0x00000000d3420000, 0x00000000d3420000, 0x00000000d3860000)
 concurrent mark-sweep generation total 87424K, used 11530K [0x00000000e0c00000, 0x00000000e6160000, 0x0000000100000000)
 Metaspace       used 8580K, capacity 8759K, committed 9088K, reserved 1056768K
  class space    used 761K, capacity 814K, committed 896K, reserved 1048576K
}
Event: 41.053 GC heap before
{Heap before GC invocations=1 (full 0):
 par new generation   total 39296K, used 39294K [0x00000000d1200000, 0x00000000d3ca0000, 0x00000000e0c00000)
  eden space 34944K, 100% used [0x00000000d1200000, 0x00000000d3420000, 0x00000000d3420000)
  from space 4352K,  99% used [0x00000000d3860000, 0x00000000d3c9fbd0, 0x00000000d3ca0000)
  to   space 4352K,   0% used [0x00000000d3420000, 0x00000000d3420000, 0x00000000d3860000)
 concurrent mark-sweep generation total 87424K, used 11530K [0x00000000e0c00000, 0x00000000e6160000, 0x0000000100000000)
 Metaspace       used 19229K, capacity 19803K, committed 19968K, reserved 1067008K
  class space    used 1969K, capacity 2240K, committed 2304K, reserved 1048576K
}
Event: 41.102 GC heap after
{Heap after GC invocations=2 (full 0):
 par new generation   total 39296K, used 4352K [0x00000000d1200000, 0x00000000d3ca0000, 0x00000000e0c00000)
  eden space 34944K,   0% used [0x00000000d1200000, 0x00000000d1200000, 0x00000000d3420000)
  from space 4352K, 100% used [0x00000000d3420000, 0x00000000d3860000, 0x00000000d3860000)
  to   space 4352K,   0% used [0x00000000d3860000, 0x00000000d3860000, 0x00000000d3ca0000)
 concurrent mark-sweep generation total 87424K, used 25974K [0x00000000e0c00000, 0x00000000e6160000, 0x0000000100000000)
 Metaspace       used 19229K, capacity 19803K, committed 19968K, reserved 1067008K
  class space    used 1969K, capacity 2240K, committed 2304K, reserved 1048576K
}
Event: 92.035 GC heap before
{Heap before GC invocations=2 (full 1):
 par new generation   total 39296K, used 39296K [0x00000000d1200000, 0x00000000d3ca0000, 0x00000000e0c00000)
  eden space 34944K, 100% used [0x00000000d1200000, 0x00000000d3420000, 0x00000000d3420000)
  from space 4352K, 100% used [0x00000000d3420000, 0x00000000d3860000, 0x00000000d3860000)
  to   space 4352K,   0% used [0x00000000d3860000, 0x00000000d3860000, 0x00000000d3ca0000)
 concurrent mark-sweep generation total 87424K, used 24462K [0x00000000e0c00000, 0x00000000e6160000, 0x0000000100000000)
 Metaspace       used 24651K, capacity 25340K, committed 25616K, reserved 1073152K
  class space    used 2612K, capacity 2915K, committed 2944K, reserved 1048576K
}
Event: 92.057 GC heap after
{Heap after GC invocations=3 (full 1):
 par new generation   total 39296K, used 4352K [0x00000000d1200000, 0x00000000d3ca0000, 0x00000000e0c00000)
  eden space 34944K,   0% used [0x00000000d1200000, 0x00000000d1200000, 0x00000000d3420000)
  from space 4352K, 100% used [0x00000000d3860000, 0x00000000d3ca0000, 0x00000000d3ca0000)
  to   space 4352K,   0% used [0x00000000d3420000, 0x00000000d3420000, 0x00000000d3860000)
 concurrent mark-sweep generation total 87424K, used 34182K [0x00000000e0c00000, 0x00000000e6160000, 0x0000000100000000)
 Metaspace       used 24651K, capacity 25340K, committed 25616K, reserved 1073152K
  class space    used 2612K, capacity 2915K, committed 2944K, reserved 1048576K
}
Event: 110.618 GC heap before
{Heap before GC invocations=3 (full 1):
 par new generation   total 39296K, used 39296K [0x00000000d1200000, 0x00000000d3ca0000, 0x00000000e0c00000)
  eden space 34944K, 100% used [0x00000000d1200000, 0x00000000d3420000, 0x00000000d3420000)
  from space 4352K, 100% used [0x00000000d3860000, 0x00000000d3ca0000, 0x00000000d3ca0000)
  to   space 4352K,   0% used [0x00000000d3420000, 0x00000000d3420000, 0x00000000d3860000)
 concurrent mark-sweep generation total 87424K, used 34182K [0x00000000e0c00000, 0x00000000e6160000, 0x0000000100000000)
 Metaspace       used 33026K, capacity 34022K, committed 34320K, reserved 1079296K
  class space    used 3479K, capacity 3909K, committed 3968K, reserved 1048576K
}
Event: 110.646 GC heap after
{Heap after GC invocations=4 (full 1):
 par new generation   total 39296K, used 4352K [0x00000000d1200000, 0x00000000d3ca0000, 0x00000000e0c00000)
  eden space 34944K,   0% used [0x00000000d1200000, 0x00000000d1200000, 0x00000000d3420000)
  from space 4352K, 100% used [0x00000000d3420000, 0x00000000d3860000, 0x00000000d3860000)
  to   space 4352K,   0% used [0x00000000d3860000, 0x00000000d3860000, 0x00000000d3ca0000)
 concurrent mark-sweep generation total 87424K, used 42206K [0x00000000e0c00000, 0x00000000e6160000, 0x0000000100000000)
 Metaspace       used 33026K, capacity 34022K, committed 34320K, reserved 1079296K
  class space    used 3479K, capacity 3909K, committed 3968K, reserved 1048576K
}
Event: 134.286 GC heap before
{Heap before GC invocations=4 (full 2):
 par new generation   total 39296K, used 39296K [0x00000000d1200000, 0x00000000d3ca0000, 0x00000000e0c00000)
  eden space 34944K, 100% used [0x00000000d1200000, 0x00000000d3420000, 0x00000000d3420000)
  from space 4352K, 100% used [0x00000000d3420000, 0x00000000d3860000, 0x00000000d3860000)
  to   space 4352K,   0% used [0x00000000d3860000, 0x00000000d3860000, 0x00000000d3ca0000)
 concurrent mark-sweep generation total 87424K, used 42206K [0x00000000e0c00000, 0x00000000e6160000, 0x0000000100000000)
 Metaspace       used 43997K, capacity 45131K, committed 45288K, reserved 1089536K
  class space    used 4606K, capacity 5098K, committed 5196K, reserved 1048576K
}
Event: 134.324 GC heap after
{Heap after GC invocations=5 (full 2):
 par new generation   total 39296K, used 4352K [0x00000000d1200000, 0x00000000d3ca0000, 0x00000000e0c00000)
  eden space 34944K,   0% used [0x00000000d1200000, 0x00000000d1200000, 0x00000000d3420000)
  from space 4352K, 100% used [0x00000000d3860000, 0x00000000d3ca0000, 0x00000000d3ca0000)
  to   space 4352K,   0% used [0x00000000d3420000, 0x00000000d3420000, 0x00000000d3860000)
 concurrent mark-sweep generation total 87424K, used 51761K [0x00000000e0c00000, 0x00000000e6160000, 0x0000000100000000)
 Metaspace       used 43997K, capacity 45131K, committed 45288K, reserved 1089536K
  class space    used 4606K, capacity 5098K, committed 5196K, reserved 1048576K
}
Event: 141.772 GC heap before
{Heap before GC invocations=5 (full 2):
 par new generation   total 39296K, used 39296K [0x00000000d1200000, 0x00000000d3ca0000, 0x00000000e0c00000)
  eden space 34944K, 100% used [0x00000000d1200000, 0x00000000d3420000, 0x00000000d3420000)
  from space 4352K, 100% used [0x00000000d3860000, 0x00000000d3ca0000, 0x00000000d3ca0000)
  to   space 4352K,   0% used [0x00000000d3420000, 0x00000000d3420000, 0x00000000d3860000)
 concurrent mark-sweep generation total 87424K, used 41686K [0x00000000e0c00000, 0x00000000e6160000, 0x0000000100000000)
 Metaspace       used 52161K, capacity 53475K, committed 53700K, reserved 1097728K
  class space    used 5497K, capacity 6026K, committed 6116K, reserved 1048576K
}
Event: 141.790 GC heap after
{Heap after GC invocations=6 (full 2):
 par new generation   total 39296K, used 4352K [0x00000000d1200000, 0x00000000d3ca0000, 0x00000000e0c00000)
  eden space 34944K,   0% used [0x00000000d1200000, 0x00000000d1200000, 0x00000000d3420000)
  from space 4352K, 100% used [0x00000000d3420000, 0x00000000d3860000, 0x00000000d3860000)
  to   space 4352K,   0% used [0x00000000d3860000, 0x00000000d3860000, 0x00000000d3ca0000)
 concurrent mark-sweep generation total 87424K, used 47353K [0x00000000e0c00000, 0x00000000e6160000, 0x0000000100000000)
 Metaspace       used 52161K, capacity 53475K, committed 53700K, reserved 1097728K
  class space    used 5497K, capacity 6026K, committed 6116K, reserved 1048576K
}
Event: 156.782 GC heap before
{Heap before GC invocations=6 (full 2):
 par new generation   total 39296K, used 37956K [0x00000000d1200000, 0x00000000d3ca0000, 0x00000000e0c00000)
  eden space 34944K,  96% used [0x00000000d1200000, 0x00000000d32d1260, 0x00000000d3420000)
  from space 4352K, 100% used [0x00000000d3420000, 0x00000000d3860000, 0x00000000d3860000)
  to   space 4352K,   0% used [0x00000000d3860000, 0x00000000d3860000, 0x00000000d3ca0000)
 concurrent mark-sweep generation total 87424K, used 47353K [0x00000000e0c00000, 0x00000000e6160000, 0x0000000100000000)
 Metaspace       used 59703K, capacity 61834K, committed 62020K, reserved 1112064K
  class space    used 6557K, capacity 7398K, committed 7524K, reserved 1048576K
}

