# JRE version: OpenJDK Runtime Environment JBR-11.0.10.9-1341.35-dcevm (11.0.10+9) (build 11.0.10+9-b1341.35)
# Java VM: Dynamic Code Evolution 64-Bit Server VM JBR-11.0.10.9-1341.35-dcevm (11.0.10+9-b1341.35, mixed mode, tiered, compressed oops, concurrent mark sweep gc, windows-amd64)
Heap:
 par new generation   total 39296K, used 39296K [0x00000000d1200000, 0x00000000d3ca0000, 0x00000000e0c00000)
  eden space 34944K, 100% used [0x00000000d1200000, 0x00000000d3420000, 0x00000000d3420000)
  from space 4352K, 100% used [0x00000000d3420000, 0x00000000d3860000, 0x00000000d3860000)
  to   space 4352K, 100% used [0x00000000d3860000, 0x00000000d3ca0000, 0x00000000d3ca0000)
 concurrent mark-sweep generation total 473324K, used 374146K [0x00000000e0c00000, 0x00000000fda3b000, 0x0000000100000000)
 Metaspace       used 309058K, capacity 317940K, committed 318600K, reserved 1325056K
  class space    used 40111K, capacity 43304K, committed 43568K, reserved 1048576K
GC Heap History (20 events):
Event: 789.135 GC heap before
{Heap before GC invocations=313 (full 11):
 par new generation   total 39296K, used 39218K [0x00000000d1200000, 0x00000000d3ca0000, 0x00000000e0c00000)
  eden space 34944K, 100% used [0x00000000d1200000, 0x00000000d3420000, 0x00000000d3420000)
  from space 4352K,  98% used [0x00000000d3860000, 0x00000000d3c8ca60, 0x00000000d3ca0000)
  to   space 4352K,   0% used [0x00000000d3420000, 0x00000000d3420000, 0x00000000d3860000)
 concurrent mark-sweep generation total 450764K, used 416700K [0x00000000e0c00000, 0x00000000fc433000, 0x0000000100000000)
 Metaspace       used 306877K, capacity 315905K, committed 316040K, reserved 1323008K
  class space    used 39924K, capacity 43187K, committed 43312K, reserved 1048576K
}
Event: 789.174 GC heap after
{Heap after GC invocations=314 (full 11):
 par new generation   total 39296K, used 1072K [0x00000000d1200000, 0x00000000d3ca0000, 0x00000000e0c00000)
  eden space 34944K,   0% used [0x00000000d1200000, 0x00000000d1200000, 0x00000000d3420000)
  from space 4352K,  24% used [0x00000000d3420000, 0x00000000d352c000, 0x00000000d3860000)
  to   space 4352K,   0% used [0x00000000d3860000, 0x00000000d3860000, 0x00000000d3ca0000)
 concurrent mark-sweep generation total 450764K, used 421448K [0x00000000e0c00000, 0x00000000fc433000, 0x0000000100000000)
 Metaspace       used 306877K, capacity 315905K, committed 316040K, reserved 1323008K
  class space    used 39924K, capacity 43187K, committed 43312K, reserved 1048576K
}
Event: 789.275 GC heap before
{Heap before GC invocations=314 (full 11):
 par new generation   total 39296K, used 36016K [0x00000000d1200000, 0x00000000d3ca0000, 0x00000000e0c00000)
  eden space 34944K, 100% used [0x00000000d1200000, 0x00000000d3420000, 0x00000000d3420000)
  from space 4352K,  24% used [0x00000000d3420000, 0x00000000d352c000, 0x00000000d3860000)
  to   space 4352K,   0% used [0x00000000d3860000, 0x00000000d3860000, 0x00000000d3ca0000)
 concurrent mark-sweep generation total 450764K, used 421448K [0x00000000e0c00000, 0x00000000fc433000, 0x0000000100000000)
 Metaspace       used 306950K, capacity 315917K, committed 316040K, reserved 1323008K
  class space    used 39928K, capacity 43191K, committed 43312K, reserved 1048576K
}
Event: 789.292 GC heap after
{Heap after GC invocations=315 (full 11):
 par new generation   total 39296K, used 277K [0x00000000d1200000, 0x00000000d3ca0000, 0x00000000e0c00000)
  eden space 34944K,   0% used [0x00000000d1200000, 0x00000000d1200000, 0x00000000d3420000)
  from space 4352K,   6% used [0x00000000d3860000, 0x00000000d38a57c0, 0x00000000d3ca0000)
  to   space 4352K,   0% used [0x00000000d3420000, 0x00000000d3420000, 0x00000000d3860000)
 concurrent mark-sweep generation total 450764K, used 428570K [0x00000000e0c00000, 0x00000000fc433000, 0x0000000100000000)
 Metaspace       used 306950K, capacity 315917K, committed 316040K, reserved 1323008K
  class space    used 39928K, capacity 43191K, committed 43312K, reserved 1048576K
}
Event: 789.450 GC heap before
{Heap before GC invocations=315 (full 11):
 par new generation   total 39296K, used 35221K [0x00000000d1200000, 0x00000000d3ca0000, 0x00000000e0c00000)
  eden space 34944K, 100% used [0x00000000d1200000, 0x00000000d3420000, 0x00000000d3420000)
  from space 4352K,   6% used [0x00000000d3860000, 0x00000000d38a57c0, 0x00000000d3ca0000)
  to   space 4352K,   0% used [0x00000000d3420000, 0x00000000d3420000, 0x00000000d3860000)
 concurrent mark-sweep generation total 450764K, used 428570K [0x00000000e0c00000, 0x00000000fc433000, 0x0000000100000000)
 Metaspace       used 307074K, capacity 316118K, committed 316296K, reserved 1323008K
  class space    used 39969K, capacity 43258K, committed 43312K, reserved 1048576K
}
Event: 789.453 GC heap after
{Heap after GC invocations=316 (full 11):
 par new generation   total 39296K, used 128K [0x00000000d1200000, 0x00000000d3ca0000, 0x00000000e0c00000)
  eden space 34944K,   0% used [0x00000000d1200000, 0x00000000d1200000, 0x00000000d3420000)
  from space 4352K,   2% used [0x00000000d3420000, 0x00000000d3440370, 0x00000000d3860000)
  to   space 4352K,   0% used [0x00000000d3860000, 0x00000000d3860000, 0x00000000d3ca0000)
 concurrent mark-sweep generation total 450764K, used 428570K [0x00000000e0c00000, 0x00000000fc433000, 0x0000000100000000)
 Metaspace       used 307074K, capacity 316118K, committed 316296K, reserved 1323008K
  class space    used 39969K, capacity 43258K, committed 43312K, reserved 1048576K
}
Event: 789.627 GC heap before
{Heap before GC invocations=316 (full 11):
 par new generation   total 39296K, used 35072K [0x00000000d1200000, 0x00000000d3ca0000, 0x00000000e0c00000)
  eden space 34944K, 100% used [0x00000000d1200000, 0x00000000d3420000, 0x00000000d3420000)
  from space 4352K,   2% used [0x00000000d3420000, 0x00000000d3440370, 0x00000000d3860000)
  to   space 4352K,   0% used [0x00000000d3860000, 0x00000000d3860000, 0x00000000d3ca0000)
 concurrent mark-sweep generation total 450764K, used 428570K [0x00000000e0c00000, 0x00000000fc433000, 0x0000000100000000)
 Metaspace       used 307113K, capacity 316185K, committed 316296K, reserved 1323008K
  class space    used 39971K, capacity 43259K, committed 43312K, reserved 1048576K
}
Event: 789.689 GC heap after
{Heap after GC invocations=317 (full 11):
 par new generation   total 39296K, used 168K [0x00000000d1200000, 0x00000000d3ca0000, 0x00000000e0c00000)
  eden space 34944K,   0% used [0x00000000d1200000, 0x00000000d1200000, 0x00000000d3420000)
  from space 4352K,   3% used [0x00000000d3860000, 0x00000000d388a150, 0x00000000d3ca0000)
  to   space 4352K,   0% used [0x00000000d3420000, 0x00000000d3420000, 0x00000000d3860000)
 concurrent mark-sweep generation total 450764K, used 439253K [0x00000000e0c00000, 0x00000000fc433000, 0x0000000100000000)
 Metaspace       used 307113K, capacity 316185K, committed 316296K, reserved 1323008K
  class space    used 39971K, capacity 43259K, committed 43312K, reserved 1048576K
}
Event: 790.625 GC heap before
{Heap before GC invocations=317 (full 11):
 par new generation   total 39296K, used 35112K [0x00000000d1200000, 0x00000000d3ca0000, 0x00000000e0c00000)
  eden space 34944K, 100% used [0x00000000d1200000, 0x00000000d3420000, 0x00000000d3420000)
  from space 4352K,   3% used [0x00000000d3860000, 0x00000000d388a150, 0x00000000d3ca0000)
  to   space 4352K,   0% used [0x00000000d3420000, 0x00000000d3420000, 0x00000000d3860000)
 concurrent mark-sweep generation total 450764K, used 439253K [0x00000000e0c00000, 0x00000000fc433000, 0x0000000100000000)
 Metaspace       used 307279K, capacity 316376K, committed 316552K, reserved 1323008K
  class space    used 39996K, capacity 43280K, committed 43312K, reserved 1048576K
}
Event: 790.629 GC heap after
{Heap after GC invocations=318 (full 11):
 par new generation   total 39296K, used 2931K [0x00000000d1200000, 0x00000000d3ca0000, 0x00000000e0c00000)
  eden space 34944K,   0% used [0x00000000d1200000, 0x00000000d1200000, 0x00000000d3420000)
  from space 4352K,  67% used [0x00000000d3420000, 0x00000000d36fce40, 0x00000000d3860000)
  to   space 4352K,   0% used [0x00000000d3860000, 0x00000000d3860000, 0x00000000d3ca0000)
 concurrent mark-sweep generation total 450764K, used 439253K [0x00000000e0c00000, 0x00000000fc433000, 0x0000000100000000)
 Metaspace       used 307279K, capacity 316376K, committed 316552K, reserved 1323008K
  class space    used 39996K, capacity 43280K, committed 43312K, reserved 1048576K
}
Event: 790.795 GC heap before
{Heap before GC invocations=318 (full 11):
 par new generation   total 39296K, used 37875K [0x00000000d1200000, 0x00000000d3ca0000, 0x00000000e0c00000)
  eden space 34944K, 100% used [0x00000000d1200000, 0x00000000d3420000, 0x00000000d3420000)
  from space 4352K,  67% used [0x00000000d3420000, 0x00000000d36fce40, 0x00000000d3860000)
  to   space 4352K,   0% used [0x00000000d3860000, 0x00000000d3860000, 0x00000000d3ca0000)
 concurrent mark-sweep generation total 450764K, used 439253K [0x00000000e0c00000, 0x00000000fc433000, 0x0000000100000000)
 Metaspace       used 307316K, capacity 316391K, committed 316552K, reserved 1323008K
  class space    used 40002K, capacity 43285K, committed 43312K, reserved 1048576K
}
Event: 790.817 GC heap after
{Heap after GC invocations=319 (full 11):
 par new generation   total 39296K, used 2362K [0x00000000d1200000, 0x00000000d3ca0000, 0x00000000e0c00000)
  eden space 34944K,   0% used [0x00000000d1200000, 0x00000000d1200000, 0x00000000d3420000)
  from space 4352K,  54% used [0x00000000d3860000, 0x00000000d3aaeb98, 0x00000000d3ca0000)
  to   space 4352K,   0% used [0x00000000d3420000, 0x00000000d3420000, 0x00000000d3860000)
 concurrent mark-sweep generation total 450764K, used 441718K [0x00000000e0c00000, 0x00000000fc433000, 0x0000000100000000)
 Metaspace       used 307316K, capacity 316391K, committed 316552K, reserved 1323008K
  class space    used 40002K, capacity 43285K, committed 43312K, reserved 1048576K
}
Event: 790.962 GC heap before
{Heap before GC invocations=319 (full 11):
 par new generation   total 39296K, used 37306K [0x00000000d1200000, 0x00000000d3ca0000, 0x00000000e0c00000)
  eden space 34944K, 100% used [0x00000000d1200000, 0x00000000d3420000, 0x00000000d3420000)
  from space 4352K,  54% used [0x00000000d3860000, 0x00000000d3aaeb98, 0x00000000d3ca0000)
  to   space 4352K,   0% used [0x00000000d3420000, 0x00000000d3420000, 0x00000000d3860000)
 concurrent mark-sweep generation total 450764K, used 441718K [0x00000000e0c00000, 0x00000000fc433000, 0x0000000100000000)
 Metaspace       used 307360K, capacity 316391K, committed 316552K, reserved 1323008K
  class space    used 40004K, capacity 43285K, committed 43312K, reserved 1048576K
}
Event: 790.976 GC heap after
{Heap after GC invocations=320 (full 11):
 par new generation   total 39296K, used 94K [0x00000000d1200000, 0x00000000d3ca0000, 0x00000000e0c00000)
  eden space 34944K,   0% used [0x00000000d1200000, 0x00000000d1200000, 0x00000000d3420000)
  from space 4352K,   2% used [0x00000000d3420000, 0x00000000d3437b00, 0x00000000d3860000)
  to   space 4352K,   0% used [0x00000000d3860000, 0x00000000d3860000, 0x00000000d3ca0000)
 concurrent mark-sweep generation total 455516K, used 446603K [0x00000000e0c00000, 0x00000000fc8d7000, 0x0000000100000000)
 Metaspace       used 307360K, capacity 316391K, committed 316552K, reserved 1323008K
  class space    used 40004K, capacity 43285K, committed 43312K, reserved 1048576K
}
Event: 792.355 GC heap before
{Heap before GC invocations=320 (full 11):
 par new generation   total 39296K, used 35038K [0x00000000d1200000, 0x00000000d3ca0000, 0x00000000e0c00000)
  eden space 34944K, 100% used [0x00000000d1200000, 0x00000000d3420000, 0x00000000d3420000)
  from space 4352K,   2% used [0x00000000d3420000, 0x00000000d3437b00, 0x00000000d3860000)
  to   space 4352K,   0% used [0x00000000d3860000, 0x00000000d3860000, 0x00000000d3ca0000)
 concurrent mark-sweep generation total 455516K, used 445673K [0x00000000e0c00000, 0x00000000fc8d7000, 0x0000000100000000)
 Metaspace       used 307384K, capacity 316473K, committed 316552K, reserved 1323008K
  class space    used 40009K, capacity 43291K, committed 43312K, reserved 1048576K
}
Event: 798.507 GC heap after
{Heap after GC invocations=321 (full 11):
 par new generation   total 39296K, used 178K [0x00000000d1200000, 0x00000000d3ca0000, 0x00000000e0c00000)
  eden space 34944K,   0% used [0x00000000d1200000, 0x00000000d1200000, 0x00000000d3420000)
  from space 4352K,   4% used [0x00000000d3860000, 0x00000000d388c8a8, 0x00000000d3ca0000)
  to   space 4352K,   0% used [0x00000000d3420000, 0x00000000d3420000, 0x00000000d3860000)
 concurrent mark-sweep generation total 462640K, used 452795K [0x00000000e0c00000, 0x00000000fcfcc000, 0x0000000100000000)
 Metaspace       used 307384K, capacity 316473K, committed 316552K, reserved 1323008K
  class space    used 40009K, capacity 43291K, committed 43312K, reserved 1048576K
}
Event: 799.142 GC heap before
{Heap before GC invocations=321 (full 11):
 par new generation   total 39296K, used 35122K [0x00000000d1200000, 0x00000000d3ca0000, 0x00000000e0c00000)
  eden space 34944K, 100% used [0x00000000d1200000, 0x00000000d3420000, 0x00000000d3420000)
  from space 4352K,   4% used [0x00000000d3860000, 0x00000000d388c8a8, 0x00000000d3ca0000)
  to   space 4352K,   0% used [0x00000000d3420000, 0x00000000d3420000, 0x00000000d3860000)
 concurrent mark-sweep generation total 462640K, used 425345K [0x00000000e0c00000, 0x00000000fcfcc000, 0x0000000100000000)
 Metaspace       used 307646K, capacity 316698K, committed 316936K, reserved 1323008K
  class space    used 40046K, capacity 43323K, committed 43440K, reserved 1048576K
}
Event: 799.151 GC heap after
{Heap after GC invocations=322 (full 11):
 par new generation   total 39296K, used 599K [0x00000000d1200000, 0x00000000d3ca0000, 0x00000000e0c00000)
  eden space 34944K,   0% used [0x00000000d1200000, 0x00000000d1200000, 0x00000000d3420000)
  from space 4352K,  13% used [0x00000000d3420000, 0x00000000d34b5ee0, 0x00000000d3860000)
  to   space 4352K,   0% used [0x00000000d3860000, 0x00000000d3860000, 0x00000000d3ca0000)
 concurrent mark-sweep generation total 462640K, used 425345K [0x00000000e0c00000, 0x00000000fcfcc000, 0x0000000100000000)
 Metaspace       used 307646K, capacity 316698K, committed 316936K, reserved 1323008K
  class space    used 40046K, capacity 43323K, committed 43440K, reserved 1048576K
}
Event: 799.381 GC heap before
{Heap before GC invocations=322 (full 11):
 par new generation   total 39296K, used 35543K [0x00000000d1200000, 0x00000000d3ca0000, 0x00000000e0c00000)
  eden space 34944K, 100% used [0x00000000d1200000, 0x00000000d3420000, 0x00000000d3420000)
  from space 4352K,  13% used [0x00000000d3420000, 0x00000000d34b5ee0, 0x00000000d3860000)
  to   space 4352K,   0% used [0x00000000d3860000, 0x00000000d3860000, 0x00000000d3ca0000)
 concurrent mark-sweep generation total 462640K, used 352887K [0x00000000e0c00000, 0x00000000fcfcc000, 0x0000000100000000)
 Metaspace       used 307691K, capacity 316765K, committed 316936K, reserved 1323008K
  class space    used 40049K, capacity 43324K, committed 43440K, reserved 1048576K
}
Event: 799.453 GC heap after
{Heap after GC invocations=323 (full 11):
 par new generation   total 39296K, used 722K [0x00000000d1200000, 0x00000000d3ca0000, 0x00000000e0c00000)
  eden space 34944K,   0% used [0x00000000d1200000, 0x00000000d1200000, 0x00000000d3420000)
  from space 4352K,  16% used [0x00000000d3860000, 0x00000000d39148b0, 0x00000000d3ca0000)
  to   space 4352K,   0% used [0x00000000d3420000, 0x00000000d3420000, 0x00000000d3860000)
 concurrent mark-sweep generation total 473324K, used 363570K [0x00000000e0c00000, 0x00000000fda3b000, 0x0000000100000000)
 Metaspace       used 307691K, capacity 316765K, committed 316936K, reserved 1323008K
  class space    used 40049K, capacity 43324K, committed 43440K, reserved 1048576K
}

