# JRE version: OpenJDK Runtime Environment JBR-11.0.9.1.11-1145.63-jcef (11.0.9.1+11) (build 11.0.9.1+11-b1145.63)
# Java VM: OpenJDK 64-Bit Server VM JBR-11.0.9.1.11-1145.63-jcef (11.0.9.1+11-b1145.63, mixed mode, tiered, compressed oops, concurrent mark sweep gc, windows-amd64)
Heap:
 par new generation   total 39296K, used 21785K [0x00000000d1200000, 0x00000000d3ca0000, 0x00000000e0c00000)
  eden space 34944K,  50% used [0x00000000d1200000, 0x00000000d23285e0, 0x00000000d3420000)
  from space 4352K,  96% used [0x00000000d3420000, 0x00000000d383dea8, 0x00000000d3860000)
  to   space 4352K,   0% used [0x00000000d3860000, 0x00000000d3860000, 0x00000000d3ca0000)
 concurrent mark-sweep generation total 457732K, used 259832K [0x00000000e0c00000, 0x00000000fcb01000, 0x0000000100000000)
 Metaspace       used 263664K, capacity 271453K, committed 271972K, reserved 1294336K
  class space    used 33519K, capacity 36523K, committed 36712K, reserved 1048576K
GC Heap History (20 events):
Event: 175.785 GC heap before
{Heap before GC invocations=97 (full 8):
 par new generation   total 39296K, used 39296K [0x00000000d1200000, 0x00000000d3ca0000, 0x00000000e0c00000)
  eden space 34944K, 100% used [0x00000000d1200000, 0x00000000d3420000, 0x00000000d3420000)
  from space 4352K, 100% used [0x00000000d3420000, 0x00000000d3860000, 0x00000000d3860000)
  to   space 4352K,   0% used [0x00000000d3860000, 0x00000000d3860000, 0x00000000d3ca0000)
 concurrent mark-sweep generation total 457732K, used 349933K [0x00000000e0c00000, 0x00000000fcb01000, 0x0000000100000000)
 Metaspace       used 263606K, capacity 271502K, committed 271972K, reserved 1286144K
  class space    used 33527K, capacity 36565K, committed 36712K, reserved 1048576K
}
Event: 175.882 GC heap after
{Heap after GC invocations=98 (full 8):
 par new generation   total 39296K, used 4352K [0x00000000d1200000, 0x00000000d3ca0000, 0x00000000e0c00000)
  eden space 34944K,   0% used [0x00000000d1200000, 0x00000000d1200000, 0x00000000d3420000)
  from space 4352K, 100% used [0x00000000d3860000, 0x00000000d3ca0000, 0x00000000d3ca0000)
  to   space 4352K,   0% used [0x00000000d3420000, 0x00000000d3420000, 0x00000000d3860000)
 concurrent mark-sweep generation total 457732K, used 368717K [0x00000000e0c00000, 0x00000000fcb01000, 0x0000000100000000)
 Metaspace       used 263606K, capacity 271502K, committed 271972K, reserved 1286144K
  class space    used 33527K, capacity 36565K, committed 36712K, reserved 1048576K
}
Event: 176.185 GC heap before
{Heap before GC invocations=98 (full 9):
 par new generation   total 39296K, used 39296K [0x00000000d1200000, 0x00000000d3ca0000, 0x00000000e0c00000)
  eden space 34944K, 100% used [0x00000000d1200000, 0x00000000d3420000, 0x00000000d3420000)
  from space 4352K, 100% used [0x00000000d3860000, 0x00000000d3ca0000, 0x00000000d3ca0000)
  to   space 4352K,   0% used [0x00000000d3420000, 0x00000000d3420000, 0x00000000d3860000)
 concurrent mark-sweep generation total 457732K, used 368717K [0x00000000e0c00000, 0x00000000fcb01000, 0x0000000100000000)
 Metaspace       used 263629K, capacity 271506K, committed 271972K, reserved 1286144K
  class space    used 33527K, capacity 36565K, committed 36712K, reserved 1048576K
}
Event: 176.236 GC heap after
{Heap after GC invocations=99 (full 9):
 par new generation   total 39296K, used 4352K [0x00000000d1200000, 0x00000000d3ca0000, 0x00000000e0c00000)
  eden space 34944K,   0% used [0x00000000d1200000, 0x00000000d1200000, 0x00000000d3420000)
  from space 4352K, 100% used [0x00000000d3420000, 0x00000000d3860000, 0x00000000d3860000)
  to   space 4352K,   0% used [0x00000000d3860000, 0x00000000d3860000, 0x00000000d3ca0000)
 concurrent mark-sweep generation total 457732K, used 377721K [0x00000000e0c00000, 0x00000000fcb01000, 0x0000000100000000)
 Metaspace       used 263629K, capacity 271506K, committed 271972K, reserved 1286144K
  class space    used 33527K, capacity 36565K, committed 36712K, reserved 1048576K
}
Event: 176.525 GC heap before
{Heap before GC invocations=99 (full 9):
 par new generation   total 39296K, used 39296K [0x00000000d1200000, 0x00000000d3ca0000, 0x00000000e0c00000)
  eden space 34944K, 100% used [0x00000000d1200000, 0x00000000d3420000, 0x00000000d3420000)
  from space 4352K, 100% used [0x00000000d3420000, 0x00000000d3860000, 0x00000000d3860000)
  to   space 4352K,   0% used [0x00000000d3860000, 0x00000000d3860000, 0x00000000d3ca0000)
 concurrent mark-sweep generation total 457732K, used 377721K [0x00000000e0c00000, 0x00000000fcb01000, 0x0000000100000000)
 Metaspace       used 263639K, capacity 271514K, committed 271972K, reserved 1286144K
  class space    used 33527K, capacity 36565K, committed 36712K, reserved 1048576K
}
Event: 176.552 GC heap after
{Heap after GC invocations=100 (full 9):
 par new generation   total 39296K, used 3974K [0x00000000d1200000, 0x00000000d3ca0000, 0x00000000e0c00000)
  eden space 34944K,   0% used [0x00000000d1200000, 0x00000000d1200000, 0x00000000d3420000)
  from space 4352K,  91% used [0x00000000d3860000, 0x00000000d3c41a20, 0x00000000d3ca0000)
  to   space 4352K,   0% used [0x00000000d3420000, 0x00000000d3420000, 0x00000000d3860000)
 concurrent mark-sweep generation total 457732K, used 381724K [0x00000000e0c00000, 0x00000000fcb01000, 0x0000000100000000)
 Metaspace       used 263639K, capacity 271514K, committed 271972K, reserved 1286144K
  class space    used 33527K, capacity 36565K, committed 36712K, reserved 1048576K
}
Event: 177.071 GC heap before
{Heap before GC invocations=100 (full 9):
 par new generation   total 39296K, used 38918K [0x00000000d1200000, 0x00000000d3ca0000, 0x00000000e0c00000)
  eden space 34944K, 100% used [0x00000000d1200000, 0x00000000d3420000, 0x00000000d3420000)
  from space 4352K,  91% used [0x00000000d3860000, 0x00000000d3c41a20, 0x00000000d3ca0000)
  to   space 4352K,   0% used [0x00000000d3420000, 0x00000000d3420000, 0x00000000d3860000)
 concurrent mark-sweep generation total 457732K, used 364467K [0x00000000e0c00000, 0x00000000fcb01000, 0x0000000100000000)
 Metaspace       used 263641K, capacity 271514K, committed 271972K, reserved 1286144K
  class space    used 33527K, capacity 36565K, committed 36712K, reserved 1048576K
}
Event: 177.076 GC heap after
{Heap after GC invocations=101 (full 9):
 par new generation   total 39296K, used 1937K [0x00000000d1200000, 0x00000000d3ca0000, 0x00000000e0c00000)
  eden space 34944K,   0% used [0x00000000d1200000, 0x00000000d1200000, 0x00000000d3420000)
  from space 4352K,  44% used [0x00000000d3420000, 0x00000000d36044d0, 0x00000000d3860000)
  to   space 4352K,   0% used [0x00000000d3860000, 0x00000000d3860000, 0x00000000d3ca0000)
 concurrent mark-sweep generation total 457732K, used 364467K [0x00000000e0c00000, 0x00000000fcb01000, 0x0000000100000000)
 Metaspace       used 263641K, capacity 271514K, committed 271972K, reserved 1286144K
  class space    used 33527K, capacity 36565K, committed 36712K, reserved 1048576K
}
Event: 177.350 GC heap before
{Heap before GC invocations=101 (full 9):
 par new generation   total 39296K, used 36881K [0x00000000d1200000, 0x00000000d3ca0000, 0x00000000e0c00000)
  eden space 34944K, 100% used [0x00000000d1200000, 0x00000000d3420000, 0x00000000d3420000)
  from space 4352K,  44% used [0x00000000d3420000, 0x00000000d36044d0, 0x00000000d3860000)
  to   space 4352K,   0% used [0x00000000d3860000, 0x00000000d3860000, 0x00000000d3ca0000)
 concurrent mark-sweep generation total 457732K, used 251038K [0x00000000e0c00000, 0x00000000fcb01000, 0x0000000100000000)
 Metaspace       used 263563K, capacity 271389K, committed 271972K, reserved 1286144K
  class space    used 33505K, capacity 36523K, committed 36712K, reserved 1048576K
}
Event: 177.355 GC heap after
{Heap after GC invocations=102 (full 9):
 par new generation   total 39296K, used 1983K [0x00000000d1200000, 0x00000000d3ca0000, 0x00000000e0c00000)
  eden space 34944K,   0% used [0x00000000d1200000, 0x00000000d1200000, 0x00000000d3420000)
  from space 4352K,  45% used [0x00000000d3860000, 0x00000000d3a4ff28, 0x00000000d3ca0000)
  to   space 4352K,   0% used [0x00000000d3420000, 0x00000000d3420000, 0x00000000d3860000)
 concurrent mark-sweep generation total 457732K, used 251038K [0x00000000e0c00000, 0x00000000fcb01000, 0x0000000100000000)
 Metaspace       used 263563K, capacity 271389K, committed 271972K, reserved 1286144K
  class space    used 33505K, capacity 36523K, committed 36712K, reserved 1048576K
}
Event: 177.443 GC heap before
{Heap before GC invocations=102 (full 9):
 par new generation   total 39296K, used 36927K [0x00000000d1200000, 0x00000000d3ca0000, 0x00000000e0c00000)
  eden space 34944K, 100% used [0x00000000d1200000, 0x00000000d3420000, 0x00000000d3420000)
  from space 4352K,  45% used [0x00000000d3860000, 0x00000000d3a4ff28, 0x00000000d3ca0000)
  to   space 4352K,   0% used [0x00000000d3420000, 0x00000000d3420000, 0x00000000d3860000)
 concurrent mark-sweep generation total 457732K, used 251038K [0x00000000e0c00000, 0x00000000fcb01000, 0x0000000100000000)
 Metaspace       used 263565K, capacity 271389K, committed 271972K, reserved 1286144K
  class space    used 33505K, capacity 36523K, committed 36712K, reserved 1048576K
}
Event: 177.449 GC heap after
{Heap after GC invocations=103 (full 9):
 par new generation   total 39296K, used 2914K [0x00000000d1200000, 0x00000000d3ca0000, 0x00000000e0c00000)
  eden space 34944K,   0% used [0x00000000d1200000, 0x00000000d1200000, 0x00000000d3420000)
  from space 4352K,  66% used [0x00000000d3420000, 0x00000000d36f8b80, 0x00000000d3860000)
  to   space 4352K,   0% used [0x00000000d3860000, 0x00000000d3860000, 0x00000000d3ca0000)
 concurrent mark-sweep generation total 457732K, used 251038K [0x00000000e0c00000, 0x00000000fcb01000, 0x0000000100000000)
 Metaspace       used 263565K, capacity 271389K, committed 271972K, reserved 1286144K
  class space    used 33505K, capacity 36523K, committed 36712K, reserved 1048576K
}
Event: 177.548 GC heap before
{Heap before GC invocations=103 (full 9):
 par new generation   total 39296K, used 37858K [0x00000000d1200000, 0x00000000d3ca0000, 0x00000000e0c00000)
  eden space 34944K, 100% used [0x00000000d1200000, 0x00000000d3420000, 0x00000000d3420000)
  from space 4352K,  66% used [0x00000000d3420000, 0x00000000d36f8b80, 0x00000000d3860000)
  to   space 4352K,   0% used [0x00000000d3860000, 0x00000000d3860000, 0x00000000d3ca0000)
 concurrent mark-sweep generation total 457732K, used 251038K [0x00000000e0c00000, 0x00000000fcb01000, 0x0000000100000000)
 Metaspace       used 263565K, capacity 271389K, committed 271972K, reserved 1286144K
  class space    used 33505K, capacity 36523K, committed 36712K, reserved 1048576K
}
Event: 177.556 GC heap after
{Heap after GC invocations=104 (full 9):
 par new generation   total 39296K, used 3449K [0x00000000d1200000, 0x00000000d3ca0000, 0x00000000e0c00000)
  eden space 34944K,   0% used [0x00000000d1200000, 0x00000000d1200000, 0x00000000d3420000)
  from space 4352K,  79% used [0x00000000d3860000, 0x00000000d3bbe610, 0x00000000d3ca0000)
  to   space 4352K,   0% used [0x00000000d3420000, 0x00000000d3420000, 0x00000000d3860000)
 concurrent mark-sweep generation total 457732K, used 251518K [0x00000000e0c00000, 0x00000000fcb01000, 0x0000000100000000)
 Metaspace       used 263565K, capacity 271389K, committed 271972K, reserved 1286144K
  class space    used 33505K, capacity 36523K, committed 36712K, reserved 1048576K
}
Event: 177.838 GC heap before
{Heap before GC invocations=104 (full 9):
 par new generation   total 39296K, used 38162K [0x00000000d1200000, 0x00000000d3ca0000, 0x00000000e0c00000)
  eden space 34944K,  99% used [0x00000000d1200000, 0x00000000d33e64b0, 0x00000000d3420000)
  from space 4352K,  79% used [0x00000000d3860000, 0x00000000d3bbe610, 0x00000000d3ca0000)
  to   space 4352K,   0% used [0x00000000d3420000, 0x00000000d3420000, 0x00000000d3860000)
 concurrent mark-sweep generation total 457732K, used 251518K [0x00000000e0c00000, 0x00000000fcb01000, 0x0000000100000000)
 Metaspace       used 263574K, capacity 271389K, committed 271972K, reserved 1286144K
  class space    used 33507K, capacity 36523K, committed 36712K, reserved 1048576K
}
Event: 177.857 GC heap after
{Heap after GC invocations=105 (full 9):
 par new generation   total 39296K, used 1577K [0x00000000d1200000, 0x00000000d3ca0000, 0x00000000e0c00000)
  eden space 34944K,   0% used [0x00000000d1200000, 0x00000000d1200000, 0x00000000d3420000)
  from space 4352K,  36% used [0x00000000d3420000, 0x00000000d35aa560, 0x00000000d3860000)
  to   space 4352K,   0% used [0x00000000d3860000, 0x00000000d3860000, 0x00000000d3ca0000)
 concurrent mark-sweep generation total 457732K, used 254430K [0x00000000e0c00000, 0x00000000fcb01000, 0x0000000100000000)
 Metaspace       used 263574K, capacity 271389K, committed 271972K, reserved 1286144K
  class space    used 33507K, capacity 36523K, committed 36712K, reserved 1048576K
}
Event: 177.929 GC heap before
{Heap before GC invocations=105 (full 9):
 par new generation   total 39296K, used 36521K [0x00000000d1200000, 0x00000000d3ca0000, 0x00000000e0c00000)
  eden space 34944K, 100% used [0x00000000d1200000, 0x00000000d3420000, 0x00000000d3420000)
  from space 4352K,  36% used [0x00000000d3420000, 0x00000000d35aa560, 0x00000000d3860000)
  to   space 4352K,   0% used [0x00000000d3860000, 0x00000000d3860000, 0x00000000d3ca0000)
 concurrent mark-sweep generation total 457732K, used 254430K [0x00000000e0c00000, 0x00000000fcb01000, 0x0000000100000000)
 Metaspace       used 263578K, capacity 271389K, committed 271972K, reserved 1286144K
  class space    used 33507K, capacity 36523K, committed 36712K, reserved 1048576K
}
Event: 177.940 GC heap after
{Heap after GC invocations=106 (full 9):
 par new generation   total 39296K, used 4352K [0x00000000d1200000, 0x00000000d3ca0000, 0x00000000e0c00000)
  eden space 34944K,   0% used [0x00000000d1200000, 0x00000000d1200000, 0x00000000d3420000)
  from space 4352K, 100% used [0x00000000d3860000, 0x00000000d3ca0000, 0x00000000d3ca0000)
  to   space 4352K,   0% used [0x00000000d3420000, 0x00000000d3420000, 0x00000000d3860000)
 concurrent mark-sweep generation total 457732K, used 255140K [0x00000000e0c00000, 0x00000000fcb01000, 0x0000000100000000)
 Metaspace       used 263578K, capacity 271389K, committed 271972K, reserved 1286144K
  class space    used 33507K, capacity 36523K, committed 36712K, reserved 1048576K
}
Event: 178.063 GC heap before
{Heap before GC invocations=106 (full 9):
 par new generation   total 39296K, used 39296K [0x00000000d1200000, 0x00000000d3ca0000, 0x00000000e0c00000)
  eden space 34944K, 100% used [0x00000000d1200000, 0x00000000d3420000, 0x00000000d3420000)
  from space 4352K, 100% used [0x00000000d3860000, 0x00000000d3ca0000, 0x00000000d3ca0000)
  to   space 4352K,   0% used [0x00000000d3420000, 0x00000000d3420000, 0x00000000d3860000)
 concurrent mark-sweep generation total 457732K, used 255140K [0x00000000e0c00000, 0x00000000fcb01000, 0x0000000100000000)
 Metaspace       used 263583K, capacity 271389K, committed 271972K, reserved 1286144K
  class space    used 33508K, capacity 36523K, committed 36712K, reserved 1048576K
}
Event: 178.075 GC heap after
{Heap after GC invocations=107 (full 9):
 par new generation   total 39296K, used 3308K [0x00000000d1200000, 0x00000000d3ca0000, 0x00000000e0c00000)
  eden space 34944K,   0% used [0x00000000d1200000, 0x00000000d1200000, 0x00000000d3420000)
  from space 4352K,  76% used [0x00000000d3420000, 0x00000000d375b3c0, 0x00000000d3860000)
  to   space 4352K,   0% used [0x00000000d3860000, 0x00000000d3860000, 0x00000000d3ca0000)
 concurrent mark-sweep generation total 457732K, used 256925K [0x00000000e0c00000, 0x00000000fcb01000, 0x0000000100000000)
 Metaspace       used 263583K, capacity 271389K, committed 271972K, reserved 1286144K
  class space    used 33508K, capacity 36523K, committed 36712K, reserved 1048576K
}

