# JRE version: OpenJDK Runtime Environment JBR-11.0.9.1.11-1145.63-jcef (11.0.9.1+11) (build 11.0.9.1+11-b1145.63)
# Java VM: OpenJDK 64-Bit Server VM JBR-11.0.9.1.11-1145.63-jcef (11.0.9.1+11-b1145.63, mixed mode, tiered, compressed oops, concurrent mark sweep gc, windows-amd64)
Heap:
 par new generation   total 39296K, used 36510K [0x00000000d1200000, 0x00000000d3ca0000, 0x00000000e0c00000)
  eden space 34944K,  96% used [0x00000000d1200000, 0x00000000d32f1868, 0x00000000d3420000)
  from space 4352K,  63% used [0x00000000d3420000, 0x00000000d36d6268, 0x00000000d3860000)
  to   space 4352K,   0% used [0x00000000d3860000, 0x00000000d3860000, 0x00000000d3ca0000)
 concurrent mark-sweep generation total 177100K, used 145194K [0x00000000e0c00000, 0x00000000eb8f3000, 0x0000000100000000)
 Metaspace       used 177673K, capacity 183618K, committed 183764K, reserved 1216512K
  class space    used 22680K, capacity 25002K, committed 25100K, reserved 1048576K
GC Heap History (20 events):
Event: 141.249 GC heap before
{Heap before GC invocations=24 (full 8):
 par new generation   total 39296K, used 39296K [0x00000000d1200000, 0x00000000d3ca0000, 0x00000000e0c00000)
  eden space 34944K, 100% used [0x00000000d1200000, 0x00000000d3420000, 0x00000000d3420000)
  from space 4352K, 100% used [0x00000000d3420000, 0x00000000d3860000, 0x00000000d3860000)
  to   space 4352K,   0% used [0x00000000d3860000, 0x00000000d3860000, 0x00000000d3ca0000)
 concurrent mark-sweep generation total 177100K, used 132529K [0x00000000e0c00000, 0x00000000eb8f3000, 0x0000000100000000)
 Metaspace       used 175933K, capacity 181752K, committed 181972K, reserved 1206272K
  class space    used 22466K, capacity 24741K, committed 24844K, reserved 1048576K
}
Event: 141.259 GC heap after
{Heap after GC invocations=25 (full 8):
 par new generation   total 39296K, used 2303K [0x00000000d1200000, 0x00000000d3ca0000, 0x00000000e0c00000)
  eden space 34944K,   0% used [0x00000000d1200000, 0x00000000d1200000, 0x00000000d3420000)
  from space 4352K,  52% used [0x00000000d3860000, 0x00000000d3a9fe88, 0x00000000d3ca0000)
  to   space 4352K,   0% used [0x00000000d3420000, 0x00000000d3420000, 0x00000000d3860000)
 concurrent mark-sweep generation total 177100K, used 134858K [0x00000000e0c00000, 0x00000000eb8f3000, 0x0000000100000000)
 Metaspace       used 175933K, capacity 181752K, committed 181972K, reserved 1206272K
  class space    used 22466K, capacity 24741K, committed 24844K, reserved 1048576K
}
Event: 142.003 GC heap before
{Heap before GC invocations=25 (full 8):
 par new generation   total 39296K, used 37239K [0x00000000d1200000, 0x00000000d3ca0000, 0x00000000e0c00000)
  eden space 34944K,  99% used [0x00000000d1200000, 0x00000000d341e040, 0x00000000d3420000)
  from space 4352K,  52% used [0x00000000d3860000, 0x00000000d3a9fe88, 0x00000000d3ca0000)
  to   space 4352K,   0% used [0x00000000d3420000, 0x00000000d3420000, 0x00000000d3860000)
 concurrent mark-sweep generation total 177100K, used 134858K [0x00000000e0c00000, 0x00000000eb8f3000, 0x0000000100000000)
 Metaspace       used 176358K, capacity 182229K, committed 182484K, reserved 1208320K
  class space    used 22516K, capacity 24794K, committed 24844K, reserved 1048576K
}
Event: 142.009 GC heap after
{Heap after GC invocations=26 (full 8):
 par new generation   total 39296K, used 2789K [0x00000000d1200000, 0x00000000d3ca0000, 0x00000000e0c00000)
  eden space 34944K,   0% used [0x00000000d1200000, 0x00000000d1200000, 0x00000000d3420000)
  from space 4352K,  64% used [0x00000000d3420000, 0x00000000d36d94d0, 0x00000000d3860000)
  to   space 4352K,   0% used [0x00000000d3860000, 0x00000000d3860000, 0x00000000d3ca0000)
 concurrent mark-sweep generation total 177100K, used 134858K [0x00000000e0c00000, 0x00000000eb8f3000, 0x0000000100000000)
 Metaspace       used 176358K, capacity 182229K, committed 182484K, reserved 1208320K
  class space    used 22516K, capacity 24794K, committed 24844K, reserved 1048576K
}
Event: 142.674 GC heap before
{Heap before GC invocations=26 (full 8):
 par new generation   total 39296K, used 37733K [0x00000000d1200000, 0x00000000d3ca0000, 0x00000000e0c00000)
  eden space 34944K, 100% used [0x00000000d1200000, 0x00000000d3420000, 0x00000000d3420000)
  from space 4352K,  64% used [0x00000000d3420000, 0x00000000d36d94d0, 0x00000000d3860000)
  to   space 4352K,   0% used [0x00000000d3860000, 0x00000000d3860000, 0x00000000d3ca0000)
 concurrent mark-sweep generation total 177100K, used 134858K [0x00000000e0c00000, 0x00000000eb8f3000, 0x0000000100000000)
 Metaspace       used 176360K, capacity 182229K, committed 182484K, reserved 1208320K
  class space    used 22516K, capacity 24794K, committed 24844K, reserved 1048576K
}
Event: 142.684 GC heap after
{Heap after GC invocations=27 (full 8):
 par new generation   total 39296K, used 3707K [0x00000000d1200000, 0x00000000d3ca0000, 0x00000000e0c00000)
  eden space 34944K,   0% used [0x00000000d1200000, 0x00000000d1200000, 0x00000000d3420000)
  from space 4352K,  85% used [0x00000000d3860000, 0x00000000d3bfeec0, 0x00000000d3ca0000)
  to   space 4352K,   0% used [0x00000000d3420000, 0x00000000d3420000, 0x00000000d3860000)
 concurrent mark-sweep generation total 177100K, used 136038K [0x00000000e0c00000, 0x00000000eb8f3000, 0x0000000100000000)
 Metaspace       used 176360K, capacity 182229K, committed 182484K, reserved 1208320K
  class space    used 22516K, capacity 24794K, committed 24844K, reserved 1048576K
}
Event: 143.269 GC heap before
{Heap before GC invocations=27 (full 8):
 par new generation   total 39296K, used 38651K [0x00000000d1200000, 0x00000000d3ca0000, 0x00000000e0c00000)
  eden space 34944K, 100% used [0x00000000d1200000, 0x00000000d3420000, 0x00000000d3420000)
  from space 4352K,  85% used [0x00000000d3860000, 0x00000000d3bfeec0, 0x00000000d3ca0000)
  to   space 4352K,   0% used [0x00000000d3420000, 0x00000000d3420000, 0x00000000d3860000)
 concurrent mark-sweep generation total 177100K, used 136038K [0x00000000e0c00000, 0x00000000eb8f3000, 0x0000000100000000)
 Metaspace       used 176375K, capacity 182293K, committed 182484K, reserved 1208320K
  class space    used 22516K, capacity 24794K, committed 24844K, reserved 1048576K
}
Event: 143.279 GC heap after
{Heap after GC invocations=28 (full 8):
 par new generation   total 39296K, used 3334K [0x00000000d1200000, 0x00000000d3ca0000, 0x00000000e0c00000)
  eden space 34944K,   0% used [0x00000000d1200000, 0x00000000d1200000, 0x00000000d3420000)
  from space 4352K,  76% used [0x00000000d3420000, 0x00000000d3761a90, 0x00000000d3860000)
  to   space 4352K,   0% used [0x00000000d3860000, 0x00000000d3860000, 0x00000000d3ca0000)
 concurrent mark-sweep generation total 177100K, used 136966K [0x00000000e0c00000, 0x00000000eb8f3000, 0x0000000100000000)
 Metaspace       used 176375K, capacity 182293K, committed 182484K, reserved 1208320K
  class space    used 22516K, capacity 24794K, committed 24844K, reserved 1048576K
}
Event: 144.196 GC heap before
{Heap before GC invocations=28 (full 8):
 par new generation   total 39296K, used 38278K [0x00000000d1200000, 0x00000000d3ca0000, 0x00000000e0c00000)
  eden space 34944K, 100% used [0x00000000d1200000, 0x00000000d3420000, 0x00000000d3420000)
  from space 4352K,  76% used [0x00000000d3420000, 0x00000000d3761a90, 0x00000000d3860000)
  to   space 4352K,   0% used [0x00000000d3860000, 0x00000000d3860000, 0x00000000d3ca0000)
 concurrent mark-sweep generation total 177100K, used 136966K [0x00000000e0c00000, 0x00000000eb8f3000, 0x0000000100000000)
 Metaspace       used 176449K, capacity 182310K, committed 182484K, reserved 1208320K
  class space    used 22522K, capacity 24800K, committed 24844K, reserved 1048576K
}
Event: 144.207 GC heap after
{Heap after GC invocations=29 (full 8):
 par new generation   total 39296K, used 3773K [0x00000000d1200000, 0x00000000d3ca0000, 0x00000000e0c00000)
  eden space 34944K,   0% used [0x00000000d1200000, 0x00000000d1200000, 0x00000000d3420000)
  from space 4352K,  86% used [0x00000000d3860000, 0x00000000d3c0f440, 0x00000000d3ca0000)
  to   space 4352K,   0% used [0x00000000d3420000, 0x00000000d3420000, 0x00000000d3860000)
 concurrent mark-sweep generation total 177100K, used 138363K [0x00000000e0c00000, 0x00000000eb8f3000, 0x0000000100000000)
 Metaspace       used 176449K, capacity 182310K, committed 182484K, reserved 1208320K
  class space    used 22522K, capacity 24800K, committed 24844K, reserved 1048576K
}
Event: 145.113 GC heap before
{Heap before GC invocations=29 (full 8):
 par new generation   total 39296K, used 38717K [0x00000000d1200000, 0x00000000d3ca0000, 0x00000000e0c00000)
  eden space 34944K, 100% used [0x00000000d1200000, 0x00000000d3420000, 0x00000000d3420000)
  from space 4352K,  86% used [0x00000000d3860000, 0x00000000d3c0f440, 0x00000000d3ca0000)
  to   space 4352K,   0% used [0x00000000d3420000, 0x00000000d3420000, 0x00000000d3860000)
 concurrent mark-sweep generation total 177100K, used 138363K [0x00000000e0c00000, 0x00000000eb8f3000, 0x0000000100000000)
 Metaspace       used 176518K, capacity 182350K, committed 182612K, reserved 1208320K
  class space    used 22527K, capacity 24834K, committed 24972K, reserved 1048576K
}
Event: 145.124 GC heap after
{Heap after GC invocations=30 (full 8):
 par new generation   total 39296K, used 4352K [0x00000000d1200000, 0x00000000d3ca0000, 0x00000000e0c00000)
  eden space 34944K,   0% used [0x00000000d1200000, 0x00000000d1200000, 0x00000000d3420000)
  from space 4352K, 100% used [0x00000000d3420000, 0x00000000d3860000, 0x00000000d3860000)
  to   space 4352K,   0% used [0x00000000d3860000, 0x00000000d3860000, 0x00000000d3ca0000)
 concurrent mark-sweep generation total 177100K, used 139590K [0x00000000e0c00000, 0x00000000eb8f3000, 0x0000000100000000)
 Metaspace       used 176518K, capacity 182350K, committed 182612K, reserved 1208320K
  class space    used 22527K, capacity 24834K, committed 24972K, reserved 1048576K
}
Event: 146.135 GC heap before
{Heap before GC invocations=30 (full 8):
 par new generation   total 39296K, used 39296K [0x00000000d1200000, 0x00000000d3ca0000, 0x00000000e0c00000)
  eden space 34944K, 100% used [0x00000000d1200000, 0x00000000d3420000, 0x00000000d3420000)
  from space 4352K, 100% used [0x00000000d3420000, 0x00000000d3860000, 0x00000000d3860000)
  to   space 4352K,   0% used [0x00000000d3860000, 0x00000000d3860000, 0x00000000d3ca0000)
 concurrent mark-sweep generation total 177100K, used 139590K [0x00000000e0c00000, 0x00000000eb8f3000, 0x0000000100000000)
 Metaspace       used 176577K, capacity 182416K, committed 182612K, reserved 1208320K
  class space    used 22538K, capacity 24835K, committed 24972K, reserved 1048576K
}
Event: 146.144 GC heap after
{Heap after GC invocations=31 (full 8):
 par new generation   total 39296K, used 3960K [0x00000000d1200000, 0x00000000d3ca0000, 0x00000000e0c00000)
  eden space 34944K,   0% used [0x00000000d1200000, 0x00000000d1200000, 0x00000000d3420000)
  from space 4352K,  91% used [0x00000000d3860000, 0x00000000d3c3e348, 0x00000000d3ca0000)
  to   space 4352K,   0% used [0x00000000d3420000, 0x00000000d3420000, 0x00000000d3860000)
 concurrent mark-sweep generation total 177100K, used 141390K [0x00000000e0c00000, 0x00000000eb8f3000, 0x0000000100000000)
 Metaspace       used 176577K, capacity 182416K, committed 182612K, reserved 1208320K
  class space    used 22538K, capacity 24835K, committed 24972K, reserved 1048576K
}
Event: 146.990 GC heap before
{Heap before GC invocations=31 (full 8):
 par new generation   total 39296K, used 38904K [0x00000000d1200000, 0x00000000d3ca0000, 0x00000000e0c00000)
  eden space 34944K, 100% used [0x00000000d1200000, 0x00000000d3420000, 0x00000000d3420000)
  from space 4352K,  91% used [0x00000000d3860000, 0x00000000d3c3e348, 0x00000000d3ca0000)
  to   space 4352K,   0% used [0x00000000d3420000, 0x00000000d3420000, 0x00000000d3860000)
 concurrent mark-sweep generation total 177100K, used 141390K [0x00000000e0c00000, 0x00000000eb8f3000, 0x0000000100000000)
 Metaspace       used 176867K, capacity 182717K, committed 182868K, reserved 1208320K
  class space    used 22573K, capacity 24870K, committed 24972K, reserved 1048576K
}
Event: 146.998 GC heap after
{Heap after GC invocations=32 (full 8):
 par new generation   total 39296K, used 4176K [0x00000000d1200000, 0x00000000d3ca0000, 0x00000000e0c00000)
  eden space 34944K,   0% used [0x00000000d1200000, 0x00000000d1200000, 0x00000000d3420000)
  from space 4352K,  95% used [0x00000000d3420000, 0x00000000d38342d0, 0x00000000d3860000)
  to   space 4352K,   0% used [0x00000000d3860000, 0x00000000d3860000, 0x00000000d3ca0000)
 concurrent mark-sweep generation total 177100K, used 142821K [0x00000000e0c00000, 0x00000000eb8f3000, 0x0000000100000000)
 Metaspace       used 176867K, capacity 182717K, committed 182868K, reserved 1208320K
  class space    used 22573K, capacity 24870K, committed 24972K, reserved 1048576K
}
Event: 148.294 GC heap before
{Heap before GC invocations=32 (full 8):
 par new generation   total 39296K, used 39120K [0x00000000d1200000, 0x00000000d3ca0000, 0x00000000e0c00000)
  eden space 34944K, 100% used [0x00000000d1200000, 0x00000000d3420000, 0x00000000d3420000)
  from space 4352K,  95% used [0x00000000d3420000, 0x00000000d38342d0, 0x00000000d3860000)
  to   space 4352K,   0% used [0x00000000d3860000, 0x00000000d3860000, 0x00000000d3ca0000)
 concurrent mark-sweep generation total 177100K, used 142821K [0x00000000e0c00000, 0x00000000eb8f3000, 0x0000000100000000)
 Metaspace       used 177409K, capacity 183315K, committed 183380K, reserved 1208320K
  class space    used 22634K, capacity 24941K, committed 24972K, reserved 1048576K
}
Event: 148.301 GC heap after
{Heap after GC invocations=33 (full 8):
 par new generation   total 39296K, used 3184K [0x00000000d1200000, 0x00000000d3ca0000, 0x00000000e0c00000)
  eden space 34944K,   0% used [0x00000000d1200000, 0x00000000d1200000, 0x00000000d3420000)
  from space 4352K,  73% used [0x00000000d3860000, 0x00000000d3b7c3c0, 0x00000000d3ca0000)
  to   space 4352K,   0% used [0x00000000d3420000, 0x00000000d3420000, 0x00000000d3860000)
 concurrent mark-sweep generation total 177100K, used 144021K [0x00000000e0c00000, 0x00000000eb8f3000, 0x0000000100000000)
 Metaspace       used 177409K, capacity 183315K, committed 183380K, reserved 1208320K
  class space    used 22634K, capacity 24941K, committed 24972K, reserved 1048576K
}
Event: 149.185 GC heap before
{Heap before GC invocations=33 (full 8):
 par new generation   total 39296K, used 38128K [0x00000000d1200000, 0x00000000d3ca0000, 0x00000000e0c00000)
  eden space 34944K, 100% used [0x00000000d1200000, 0x00000000d3420000, 0x00000000d3420000)
  from space 4352K,  73% used [0x00000000d3860000, 0x00000000d3b7c3c0, 0x00000000d3ca0000)
  to   space 4352K,   0% used [0x00000000d3420000, 0x00000000d3420000, 0x00000000d3860000)
 concurrent mark-sweep generation total 177100K, used 144021K [0x00000000e0c00000, 0x00000000eb8f3000, 0x0000000100000000)
 Metaspace       used 177424K, capacity 183316K, committed 183380K, reserved 1208320K
  class space    used 22634K, capacity 24941K, committed 24972K, reserved 1048576K
}
Event: 149.195 GC heap after
{Heap after GC invocations=34 (full 8):
 par new generation   total 39296K, used 2776K [0x00000000d1200000, 0x00000000d3ca0000, 0x00000000e0c00000)
  eden space 34944K,   0% used [0x00000000d1200000, 0x00000000d1200000, 0x00000000d3420000)
  from space 4352K,  63% used [0x00000000d3420000, 0x00000000d36d6268, 0x00000000d3860000)
  to   space 4352K,   0% used [0x00000000d3860000, 0x00000000d3860000, 0x00000000d3ca0000)
 concurrent mark-sweep generation total 177100K, used 145194K [0x00000000e0c00000, 0x00000000eb8f3000, 0x0000000100000000)
 Metaspace       used 177424K, capacity 183316K, committed 183380K, reserved 1208320K
  class space    used 22634K, capacity 24941K, committed 24972K, reserved 1048576K
}

