# JRE version: OpenJDK Runtime Environment JBR-11.0.9.1.11-1145.63-jcef (11.0.9.1+11) (build 11.0.9.1+11-b1145.63)
# Java VM: OpenJDK 64-Bit Server VM JBR-11.0.9.1.11-1145.63-jcef (11.0.9.1+11-b1145.63, mixed mode, tiered, compressed oops, concurrent mark sweep gc, windows-amd64)
Heap:
 par new generation   total 39296K, used 22107K [0x00000000d1200000, 0x00000000d3ca0000, 0x00000000e0c00000)
  eden space 34944K,  50% used [0x00000000d1200000, 0x00000000d2356c88, 0x00000000d3420000)
  from space 4352K, 100% used [0x00000000d3860000, 0x00000000d3ca0000, 0x00000000d3ca0000)
  to   space 4352K,   0% used [0x00000000d3420000, 0x00000000d3420000, 0x00000000d3860000)
 concurrent mark-sweep generation total 231912K, used 144700K [0x00000000e0c00000, 0x00000000eee7a000, 0x0000000100000000)
 Metaspace       used 196897K, capacity 203075K, committed 204484K, reserved 1226752K
  class space    used 24936K, capacity 27240K, committed 27712K, reserved 1048576K
GC Heap History (20 events):
Event: 92.248 GC heap before
{Heap before GC invocations=31 (full 8):
 par new generation   total 39296K, used 38827K [0x00000000d1200000, 0x00000000d3ca0000, 0x00000000e0c00000)
  eden space 34944K, 100% used [0x00000000d1200000, 0x00000000d3420000, 0x00000000d3420000)
  from space 4352K,  89% used [0x00000000d3860000, 0x00000000d3c2ad70, 0x00000000d3ca0000)
  to   space 4352K,   0% used [0x00000000d3420000, 0x00000000d3420000, 0x00000000d3860000)
 concurrent mark-sweep generation total 185092K, used 150997K [0x00000000e0c00000, 0x00000000ec0c1000, 0x0000000100000000)
 Metaspace       used 177178K, capacity 183232K, committed 183364K, reserved 1208320K
  class space    used 22628K, capacity 24973K, committed 25024K, reserved 1048576K
}
Event: 92.256 GC heap after
{Heap after GC invocations=32 (full 8):
 par new generation   total 39296K, used 3765K [0x00000000d1200000, 0x00000000d3ca0000, 0x00000000e0c00000)
  eden space 34944K,   0% used [0x00000000d1200000, 0x00000000d1200000, 0x00000000d3420000)
  from space 4352K,  86% used [0x00000000d3420000, 0x00000000d37cd4f0, 0x00000000d3860000)
  to   space 4352K,   0% used [0x00000000d3860000, 0x00000000d3860000, 0x00000000d3ca0000)
 concurrent mark-sweep generation total 185092K, used 152214K [0x00000000e0c00000, 0x00000000ec0c1000, 0x0000000100000000)
 Metaspace       used 177178K, capacity 183232K, committed 183364K, reserved 1208320K
  class space    used 22628K, capacity 24973K, committed 25024K, reserved 1048576K
}
Event: 93.067 GC heap before
{Heap before GC invocations=32 (full 8):
 par new generation   total 39296K, used 38709K [0x00000000d1200000, 0x00000000d3ca0000, 0x00000000e0c00000)
  eden space 34944K, 100% used [0x00000000d1200000, 0x00000000d3420000, 0x00000000d3420000)
  from space 4352K,  86% used [0x00000000d3420000, 0x00000000d37cd4f0, 0x00000000d3860000)
  to   space 4352K,   0% used [0x00000000d3860000, 0x00000000d3860000, 0x00000000d3ca0000)
 concurrent mark-sweep generation total 185092K, used 152214K [0x00000000e0c00000, 0x00000000ec0c1000, 0x0000000100000000)
 Metaspace       used 177220K, capacity 183242K, committed 183364K, reserved 1208320K
  class space    used 22634K, capacity 24976K, committed 25024K, reserved 1048576K
}
Event: 93.083 GC heap after
{Heap after GC invocations=33 (full 8):
 par new generation   total 39296K, used 3159K [0x00000000d1200000, 0x00000000d3ca0000, 0x00000000e0c00000)
  eden space 34944K,   0% used [0x00000000d1200000, 0x00000000d1200000, 0x00000000d3420000)
  from space 4352K,  72% used [0x00000000d3860000, 0x00000000d3b75d58, 0x00000000d3ca0000)
  to   space 4352K,   0% used [0x00000000d3420000, 0x00000000d3420000, 0x00000000d3860000)
 concurrent mark-sweep generation total 185092K, used 153448K [0x00000000e0c00000, 0x00000000ec0c1000, 0x0000000100000000)
 Metaspace       used 177220K, capacity 183242K, committed 183364K, reserved 1208320K
  class space    used 22634K, capacity 24976K, committed 25024K, reserved 1048576K
}
Event: 94.154 GC heap before
{Heap before GC invocations=33 (full 8):
 par new generation   total 39296K, used 38103K [0x00000000d1200000, 0x00000000d3ca0000, 0x00000000e0c00000)
  eden space 34944K, 100% used [0x00000000d1200000, 0x00000000d3420000, 0x00000000d3420000)
  from space 4352K,  72% used [0x00000000d3860000, 0x00000000d3b75d58, 0x00000000d3ca0000)
  to   space 4352K,   0% used [0x00000000d3420000, 0x00000000d3420000, 0x00000000d3860000)
 concurrent mark-sweep generation total 185092K, used 153448K [0x00000000e0c00000, 0x00000000ec0c1000, 0x0000000100000000)
 Metaspace       used 177307K, capacity 183319K, committed 183364K, reserved 1208320K
  class space    used 22645K, capacity 24980K, committed 25024K, reserved 1048576K
}
Event: 94.162 GC heap after
{Heap after GC invocations=34 (full 8):
 par new generation   total 39296K, used 2923K [0x00000000d1200000, 0x00000000d3ca0000, 0x00000000e0c00000)
  eden space 34944K,   0% used [0x00000000d1200000, 0x00000000d1200000, 0x00000000d3420000)
  from space 4352K,  67% used [0x00000000d3420000, 0x00000000d36fae10, 0x00000000d3860000)
  to   space 4352K,   0% used [0x00000000d3860000, 0x00000000d3860000, 0x00000000d3ca0000)
 concurrent mark-sweep generation total 185092K, used 154724K [0x00000000e0c00000, 0x00000000ec0c1000, 0x0000000100000000)
 Metaspace       used 177307K, capacity 183319K, committed 183364K, reserved 1208320K
  class space    used 22645K, capacity 24980K, committed 25024K, reserved 1048576K
}
Event: 94.696 GC heap before
{Heap before GC invocations=34 (full 8):
 par new generation   total 39296K, used 37867K [0x00000000d1200000, 0x00000000d3ca0000, 0x00000000e0c00000)
  eden space 34944K, 100% used [0x00000000d1200000, 0x00000000d3420000, 0x00000000d3420000)
  from space 4352K,  67% used [0x00000000d3420000, 0x00000000d36fae10, 0x00000000d3860000)
  to   space 4352K,   0% used [0x00000000d3860000, 0x00000000d3860000, 0x00000000d3ca0000)
 concurrent mark-sweep generation total 185092K, used 154724K [0x00000000e0c00000, 0x00000000ec0c1000, 0x0000000100000000)
 Metaspace       used 177308K, capacity 183319K, committed 183364K, reserved 1208320K
  class space    used 22645K, capacity 24980K, committed 25024K, reserved 1048576K
}
Event: 94.703 GC heap after
{Heap after GC invocations=35 (full 8):
 par new generation   total 39296K, used 3351K [0x00000000d1200000, 0x00000000d3ca0000, 0x00000000e0c00000)
  eden space 34944K,   0% used [0x00000000d1200000, 0x00000000d1200000, 0x00000000d3420000)
  from space 4352K,  77% used [0x00000000d3860000, 0x00000000d3ba5e88, 0x00000000d3ca0000)
  to   space 4352K,   0% used [0x00000000d3420000, 0x00000000d3420000, 0x00000000d3860000)
 concurrent mark-sweep generation total 185092K, used 154724K [0x00000000e0c00000, 0x00000000ec0c1000, 0x0000000100000000)
 Metaspace       used 177308K, capacity 183319K, committed 183364K, reserved 1208320K
  class space    used 22645K, capacity 24980K, committed 25024K, reserved 1048576K
}
Event: 102.004 GC heap before
{Heap before GC invocations=35 (full 8):
 par new generation   total 39296K, used 38295K [0x00000000d1200000, 0x00000000d3ca0000, 0x00000000e0c00000)
  eden space 34944K,  99% used [0x00000000d1200000, 0x00000000d341fff8, 0x00000000d3420000)
  from space 4352K,  77% used [0x00000000d3860000, 0x00000000d3ba5e88, 0x00000000d3ca0000)
  to   space 4352K,   0% used [0x00000000d3420000, 0x00000000d3420000, 0x00000000d3860000)
 concurrent mark-sweep generation total 185092K, used 154724K [0x00000000e0c00000, 0x00000000ec0c1000, 0x0000000100000000)
 Metaspace       used 180980K, capacity 187192K, committed 187460K, reserved 1212416K
  class space    used 23062K, capacity 25495K, committed 25536K, reserved 1048576K
}
Event: 102.018 GC heap after
{Heap after GC invocations=36 (full 8):
 par new generation   total 39296K, used 4352K [0x00000000d1200000, 0x00000000d3ca0000, 0x00000000e0c00000)
  eden space 34944K,   0% used [0x00000000d1200000, 0x00000000d1200000, 0x00000000d3420000)
  from space 4352K, 100% used [0x00000000d3420000, 0x00000000d3860000, 0x00000000d3860000)
  to   space 4352K,   0% used [0x00000000d3860000, 0x00000000d3860000, 0x00000000d3ca0000)
 concurrent mark-sweep generation total 185092K, used 156093K [0x00000000e0c00000, 0x00000000ec0c1000, 0x0000000100000000)
 Metaspace       used 180980K, capacity 187192K, committed 187460K, reserved 1212416K
  class space    used 23062K, capacity 25495K, committed 25536K, reserved 1048576K
}
Event: 102.199 GC heap before
{Heap before GC invocations=36 (full 8):
 par new generation   total 39296K, used 39296K [0x00000000d1200000, 0x00000000d3ca0000, 0x00000000e0c00000)
  eden space 34944K, 100% used [0x00000000d1200000, 0x00000000d3420000, 0x00000000d3420000)
  from space 4352K, 100% used [0x00000000d3420000, 0x00000000d3860000, 0x00000000d3860000)
  to   space 4352K,   0% used [0x00000000d3860000, 0x00000000d3860000, 0x00000000d3ca0000)
 concurrent mark-sweep generation total 185092K, used 156093K [0x00000000e0c00000, 0x00000000ec0c1000, 0x0000000100000000)
 Metaspace       used 181014K, capacity 187259K, committed 187460K, reserved 1212416K
  class space    used 23062K, capacity 25495K, committed 25536K, reserved 1048576K
}
Event: 102.222 GC heap after
{Heap after GC invocations=37 (full 8):
 par new generation   total 39296K, used 4352K [0x00000000d1200000, 0x00000000d3ca0000, 0x00000000e0c00000)
  eden space 34944K,   0% used [0x00000000d1200000, 0x00000000d1200000, 0x00000000d3420000)
  from space 4352K, 100% used [0x00000000d3860000, 0x00000000d3ca0000, 0x00000000d3ca0000)
  to   space 4352K,   0% used [0x00000000d3420000, 0x00000000d3420000, 0x00000000d3860000)
 concurrent mark-sweep generation total 185092K, used 160441K [0x00000000e0c00000, 0x00000000ec0c1000, 0x0000000100000000)
 Metaspace       used 181014K, capacity 187259K, committed 187460K, reserved 1212416K
  class space    used 23062K, capacity 25495K, committed 25536K, reserved 1048576K
}
Event: 102.391 GC heap before
{Heap before GC invocations=37 (full 8):
 par new generation   total 39296K, used 39296K [0x00000000d1200000, 0x00000000d3ca0000, 0x00000000e0c00000)
  eden space 34944K, 100% used [0x00000000d1200000, 0x00000000d3420000, 0x00000000d3420000)
  from space 4352K, 100% used [0x00000000d3860000, 0x00000000d3ca0000, 0x00000000d3ca0000)
  to   space 4352K,   0% used [0x00000000d3420000, 0x00000000d3420000, 0x00000000d3860000)
 concurrent mark-sweep generation total 185092K, used 160441K [0x00000000e0c00000, 0x00000000ec0c1000, 0x0000000100000000)
 Metaspace       used 181030K, capacity 187262K, committed 187460K, reserved 1212416K
  class space    used 23062K, capacity 25495K, committed 25536K, reserved 1048576K
}
Event: 102.411 GC heap after
{Heap after GC invocations=38 (full 8):
 par new generation   total 39296K, used 4352K [0x00000000d1200000, 0x00000000d3ca0000, 0x00000000e0c00000)
  eden space 34944K,   0% used [0x00000000d1200000, 0x00000000d1200000, 0x00000000d3420000)
  from space 4352K, 100% used [0x00000000d3420000, 0x00000000d3860000, 0x00000000d3860000)
  to   space 4352K,   0% used [0x00000000d3860000, 0x00000000d3860000, 0x00000000d3ca0000)
 concurrent mark-sweep generation total 185092K, used 164639K [0x00000000e0c00000, 0x00000000ec0c1000, 0x0000000100000000)
 Metaspace       used 181030K, capacity 187262K, committed 187460K, reserved 1212416K
  class space    used 23062K, capacity 25495K, committed 25536K, reserved 1048576K
}
Event: 102.629 GC heap before
{Heap before GC invocations=38 (full 8):
 par new generation   total 39296K, used 39296K [0x00000000d1200000, 0x00000000d3ca0000, 0x00000000e0c00000)
  eden space 34944K, 100% used [0x00000000d1200000, 0x00000000d3420000, 0x00000000d3420000)
  from space 4352K, 100% used [0x00000000d3420000, 0x00000000d3860000, 0x00000000d3860000)
  to   space 4352K,   0% used [0x00000000d3860000, 0x00000000d3860000, 0x00000000d3ca0000)
 concurrent mark-sweep generation total 185092K, used 164639K [0x00000000e0c00000, 0x00000000ec0c1000, 0x0000000100000000)
 Metaspace       used 181032K, capacity 187326K, committed 187460K, reserved 1212416K
  class space    used 23062K, capacity 25495K, committed 25536K, reserved 1048576K
}
Event: 102.649 GC heap after
{Heap after GC invocations=39 (full 8):
 par new generation   total 39296K, used 4352K [0x00000000d1200000, 0x00000000d3ca0000, 0x00000000e0c00000)
  eden space 34944K,   0% used [0x00000000d1200000, 0x00000000d1200000, 0x00000000d3420000)
  from space 4352K, 100% used [0x00000000d3860000, 0x00000000d3ca0000, 0x00000000d3ca0000)
  to   space 4352K,   0% used [0x00000000d3420000, 0x00000000d3420000, 0x00000000d3860000)
 concurrent mark-sweep generation total 185092K, used 169074K [0x00000000e0c00000, 0x00000000ec0c1000, 0x0000000100000000)
 Metaspace       used 181032K, capacity 187326K, committed 187460K, reserved 1212416K
  class space    used 23062K, capacity 25495K, committed 25536K, reserved 1048576K
}
Event: 104.383 GC heap before
{Heap before GC invocations=39 (full 9):
 par new generation   total 39296K, used 39296K [0x00000000d1200000, 0x00000000d3ca0000, 0x00000000e0c00000)
  eden space 34944K, 100% used [0x00000000d1200000, 0x00000000d3420000, 0x00000000d3420000)
  from space 4352K, 100% used [0x00000000d3860000, 0x00000000d3ca0000, 0x00000000d3ca0000)
  to   space 4352K,   0% used [0x00000000d3420000, 0x00000000d3420000, 0x00000000d3860000)
 concurrent mark-sweep generation total 185092K, used 169074K [0x00000000e0c00000, 0x00000000ec0c1000, 0x0000000100000000)
 Metaspace       used 186356K, capacity 192813K, committed 193092K, reserved 1216512K
  class space    used 23755K, capacity 26239K, committed 26304K, reserved 1048576K
}
Event: 104.405 GC heap after
{Heap after GC invocations=40 (full 9):
 par new generation   total 39296K, used 4352K [0x00000000d1200000, 0x00000000d3ca0000, 0x00000000e0c00000)
  eden space 34944K,   0% used [0x00000000d1200000, 0x00000000d1200000, 0x00000000d3420000)
  from space 4352K, 100% used [0x00000000d3420000, 0x00000000d3860000, 0x00000000d3860000)
  to   space 4352K,   0% used [0x00000000d3860000, 0x00000000d3860000, 0x00000000d3ca0000)
 concurrent mark-sweep generation total 185092K, used 173285K [0x00000000e0c00000, 0x00000000ec0c1000, 0x0000000100000000)
 Metaspace       used 186356K, capacity 192813K, committed 193092K, reserved 1216512K
  class space    used 23755K, capacity 26239K, committed 26304K, reserved 1048576K
}
Event: 106.484 GC heap before
{Heap before GC invocations=40 (full 9):
 par new generation   total 39296K, used 39296K [0x00000000d1200000, 0x00000000d3ca0000, 0x00000000e0c00000)
  eden space 34944K, 100% used [0x00000000d1200000, 0x00000000d3420000, 0x00000000d3420000)
  from space 4352K, 100% used [0x00000000d3420000, 0x00000000d3860000, 0x00000000d3860000)
  to   space 4352K,   0% used [0x00000000d3860000, 0x00000000d3860000, 0x00000000d3ca0000)
 concurrent mark-sweep generation total 231912K, used 139147K [0x00000000e0c00000, 0x00000000eee7a000, 0x0000000100000000)
 Metaspace       used 192449K, capacity 198554K, committed 199876K, reserved 1222656K
  class space    used 24414K, capacity 26737K, committed 27200K, reserved 1048576K
}
Event: 106.511 GC heap after
{Heap after GC invocations=41 (full 9):
 par new generation   total 39296K, used 4352K [0x00000000d1200000, 0x00000000d3ca0000, 0x00000000e0c00000)
  eden space 34944K,   0% used [0x00000000d1200000, 0x00000000d1200000, 0x00000000d3420000)
  from space 4352K, 100% used [0x00000000d3860000, 0x00000000d3ca0000, 0x00000000d3ca0000)
  to   space 4352K,   0% used [0x00000000d3420000, 0x00000000d3420000, 0x00000000d3860000)
 concurrent mark-sweep generation total 231912K, used 144700K [0x00000000e0c00000, 0x00000000eee7a000, 0x0000000100000000)
 Metaspace       used 192449K, capacity 198554K, committed 199876K, reserved 1222656K
  class space    used 24414K, capacity 26737K, committed 27200K, reserved 1048576K
}

