# JRE version: OpenJDK Runtime Environment JBR-11.0.9.1.11-1145.63-jcef (11.0.9.1+11) (build 11.0.9.1+11-b1145.63)
# Java VM: OpenJDK 64-Bit Server VM JBR-11.0.9.1.11-1145.63-jcef (11.0.9.1+11-b1145.63, mixed mode, tiered, compressed oops, concurrent mark sweep gc, windows-amd64)
Heap:
 par new generation   total 39296K, used 5951K [0x00000000d1200000, 0x00000000d3ca0000, 0x00000000e0c00000)
  eden space 34944K,   4% used [0x00000000d1200000, 0x00000000d138fe70, 0x00000000d3420000)
  from space 4352K, 100% used [0x00000000d3420000, 0x00000000d3860000, 0x00000000d3860000)
  to   space 4352K,   0% used [0x00000000d3860000, 0x00000000d3860000, 0x00000000d3ca0000)
 concurrent mark-sweep generation total 177696K, used 138917K [0x00000000e0c00000, 0x00000000eb988000, 0x0000000100000000)
 Metaspace       used 187742K, capacity 194022K, committed 194120K, reserved 1224704K
  class space    used 23918K, capacity 26368K, committed 26464K, reserved 1048576K
GC Heap History (20 events):
Event: 85.321 GC heap before
{Heap before GC invocations=16 (full 5):
 par new generation   total 39296K, used 37337K [0x00000000d1200000, 0x00000000d3ca0000, 0x00000000e0c00000)
  eden space 34944K,  94% used [0x00000000d1200000, 0x00000000d3236770, 0x00000000d3420000)
  from space 4352K, 100% used [0x00000000d3420000, 0x00000000d3860000, 0x00000000d3860000)
  to   space 4352K,   0% used [0x00000000d3860000, 0x00000000d3860000, 0x00000000d3ca0000)
 concurrent mark-sweep generation total 145280K, used 110955K [0x00000000e0c00000, 0x00000000e99e0000, 0x0000000100000000)
 Metaspace       used 119635K, capacity 124024K, committed 124228K, reserved 1157120K
  class space    used 14953K, capacity 16622K, committed 16688K, reserved 1048576K
}
Event: 85.343 GC heap after
{Heap after GC invocations=17 (full 5):
 par new generation   total 39296K, used 4352K [0x00000000d1200000, 0x00000000d3ca0000, 0x00000000e0c00000)
  eden space 34944K,   0% used [0x00000000d1200000, 0x00000000d1200000, 0x00000000d3420000)
  from space 4352K, 100% used [0x00000000d3860000, 0x00000000d3ca0000, 0x00000000d3ca0000)
  to   space 4352K,   0% used [0x00000000d3420000, 0x00000000d3420000, 0x00000000d3860000)
 concurrent mark-sweep generation total 145280K, used 119405K [0x00000000e0c00000, 0x00000000e99e0000, 0x0000000100000000)
 Metaspace       used 119635K, capacity 124024K, committed 124228K, reserved 1157120K
  class space    used 14953K, capacity 16622K, committed 16688K, reserved 1048576K
}
Event: 90.254 GC heap before
{Heap before GC invocations=17 (full 6):
 par new generation   total 39296K, used 39296K [0x00000000d1200000, 0x00000000d3ca0000, 0x00000000e0c00000)
  eden space 34944K, 100% used [0x00000000d1200000, 0x00000000d3420000, 0x00000000d3420000)
  from space 4352K, 100% used [0x00000000d3860000, 0x00000000d3ca0000, 0x00000000d3ca0000)
  to   space 4352K,   0% used [0x00000000d3420000, 0x00000000d3420000, 0x00000000d3860000)
 concurrent mark-sweep generation total 145280K, used 119405K [0x00000000e0c00000, 0x00000000e99e0000, 0x0000000100000000)
 Metaspace       used 130418K, capacity 134962K, committed 135236K, reserved 1167360K
  class space    used 16646K, capacity 18417K, committed 18556K, reserved 1048576K
}
Event: 90.278 GC heap after
{Heap after GC invocations=18 (full 6):
 par new generation   total 39296K, used 4352K [0x00000000d1200000, 0x00000000d3ca0000, 0x00000000e0c00000)
  eden space 34944K,   0% used [0x00000000d1200000, 0x00000000d1200000, 0x00000000d3420000)
  from space 4352K, 100% used [0x00000000d3420000, 0x00000000d3860000, 0x00000000d3860000)
  to   space 4352K,   0% used [0x00000000d3860000, 0x00000000d3860000, 0x00000000d3ca0000)
 concurrent mark-sweep generation total 145280K, used 122768K [0x00000000e0c00000, 0x00000000e99e0000, 0x0000000100000000)
 Metaspace       used 130418K, capacity 134962K, committed 135236K, reserved 1167360K
  class space    used 16646K, capacity 18417K, committed 18556K, reserved 1048576K
}
Event: 101.105 GC heap before
{Heap before GC invocations=18 (full 6):
 par new generation   total 39296K, used 39296K [0x00000000d1200000, 0x00000000d3ca0000, 0x00000000e0c00000)
  eden space 34944K, 100% used [0x00000000d1200000, 0x00000000d3420000, 0x00000000d3420000)
  from space 4352K, 100% used [0x00000000d3420000, 0x00000000d3860000, 0x00000000d3860000)
  to   space 4352K,   0% used [0x00000000d3860000, 0x00000000d3860000, 0x00000000d3ca0000)
 concurrent mark-sweep generation total 177696K, used 106615K [0x00000000e0c00000, 0x00000000eb988000, 0x0000000100000000)
 Metaspace       used 138340K, capacity 143220K, committed 143560K, reserved 1173504K
  class space    used 17669K, capacity 19595K, committed 19680K, reserved 1048576K
}
Event: 101.126 GC heap after
{Heap after GC invocations=19 (full 6):
 par new generation   total 39296K, used 4352K [0x00000000d1200000, 0x00000000d3ca0000, 0x00000000e0c00000)
  eden space 34944K,   0% used [0x00000000d1200000, 0x00000000d1200000, 0x00000000d3420000)
  from space 4352K, 100% used [0x00000000d3860000, 0x00000000d3ca0000, 0x00000000d3ca0000)
  to   space 4352K,   0% used [0x00000000d3420000, 0x00000000d3420000, 0x00000000d3860000)
 concurrent mark-sweep generation total 177696K, used 110441K [0x00000000e0c00000, 0x00000000eb988000, 0x0000000100000000)
 Metaspace       used 138340K, capacity 143220K, committed 143560K, reserved 1173504K
  class space    used 17669K, capacity 19595K, committed 19680K, reserved 1048576K
}
Event: 104.676 GC heap before
{Heap before GC invocations=19 (full 6):
 par new generation   total 39296K, used 39296K [0x00000000d1200000, 0x00000000d3ca0000, 0x00000000e0c00000)
  eden space 34944K, 100% used [0x00000000d1200000, 0x00000000d3420000, 0x00000000d3420000)
  from space 4352K, 100% used [0x00000000d3860000, 0x00000000d3ca0000, 0x00000000d3ca0000)
  to   space 4352K,   0% used [0x00000000d3420000, 0x00000000d3420000, 0x00000000d3860000)
 concurrent mark-sweep generation total 177696K, used 110441K [0x00000000e0c00000, 0x00000000eb988000, 0x0000000100000000)
 Metaspace       used 140778K, capacity 145836K, committed 145864K, reserved 1175552K
  class space    used 17969K, capacity 19935K, committed 19936K, reserved 1048576K
}
Event: 104.694 GC heap after
{Heap after GC invocations=20 (full 6):
 par new generation   total 39296K, used 4352K [0x00000000d1200000, 0x00000000d3ca0000, 0x00000000e0c00000)
  eden space 34944K,   0% used [0x00000000d1200000, 0x00000000d1200000, 0x00000000d3420000)
  from space 4352K, 100% used [0x00000000d3420000, 0x00000000d3860000, 0x00000000d3860000)
  to   space 4352K,   0% used [0x00000000d3860000, 0x00000000d3860000, 0x00000000d3ca0000)
 concurrent mark-sweep generation total 177696K, used 113807K [0x00000000e0c00000, 0x00000000eb988000, 0x0000000100000000)
 Metaspace       used 140778K, capacity 145836K, committed 145864K, reserved 1175552K
  class space    used 17969K, capacity 19935K, committed 19936K, reserved 1048576K
}
Event: 115.504 GC heap before
{Heap before GC invocations=20 (full 6):
 par new generation   total 39296K, used 39296K [0x00000000d1200000, 0x00000000d3ca0000, 0x00000000e0c00000)
  eden space 34944K, 100% used [0x00000000d1200000, 0x00000000d3420000, 0x00000000d3420000)
  from space 4352K, 100% used [0x00000000d3420000, 0x00000000d3860000, 0x00000000d3860000)
  to   space 4352K,   0% used [0x00000000d3860000, 0x00000000d3860000, 0x00000000d3ca0000)
 concurrent mark-sweep generation total 177696K, used 113807K [0x00000000e0c00000, 0x00000000eb988000, 0x0000000100000000)
 Metaspace       used 144948K, capacity 150129K, committed 150344K, reserved 1179648K
  class space    used 18488K, capacity 20504K, committed 20576K, reserved 1048576K
}
Event: 115.524 GC heap after
{Heap after GC invocations=21 (full 6):
 par new generation   total 39296K, used 4352K [0x00000000d1200000, 0x00000000d3ca0000, 0x00000000e0c00000)
  eden space 34944K,   0% used [0x00000000d1200000, 0x00000000d1200000, 0x00000000d3420000)
  from space 4352K, 100% used [0x00000000d3860000, 0x00000000d3ca0000, 0x00000000d3ca0000)
  to   space 4352K,   0% used [0x00000000d3420000, 0x00000000d3420000, 0x00000000d3860000)
 concurrent mark-sweep generation total 177696K, used 122773K [0x00000000e0c00000, 0x00000000eb988000, 0x0000000100000000)
 Metaspace       used 144948K, capacity 150129K, committed 150344K, reserved 1179648K
  class space    used 18488K, capacity 20504K, committed 20576K, reserved 1048576K
}
Event: 125.796 GC heap before
{Heap before GC invocations=21 (full 6):
 par new generation   total 39296K, used 39256K [0x00000000d1200000, 0x00000000d3ca0000, 0x00000000e0c00000)
  eden space 34944K,  99% used [0x00000000d1200000, 0x00000000d3416378, 0x00000000d3420000)
  from space 4352K, 100% used [0x00000000d3860000, 0x00000000d3ca0000, 0x00000000d3ca0000)
  to   space 4352K,   0% used [0x00000000d3420000, 0x00000000d3420000, 0x00000000d3860000)
 concurrent mark-sweep generation total 177696K, used 122773K [0x00000000e0c00000, 0x00000000eb988000, 0x0000000100000000)
 Metaspace       used 153801K, capacity 159227K, committed 159432K, reserved 1187840K
  class space    used 19622K, capacity 21620K, committed 21728K, reserved 1048576K
}
Event: 125.810 GC heap after
{Heap after GC invocations=22 (full 6):
 par new generation   total 39296K, used 4277K [0x00000000d1200000, 0x00000000d3ca0000, 0x00000000e0c00000)
  eden space 34944K,   0% used [0x00000000d1200000, 0x00000000d1200000, 0x00000000d3420000)
  from space 4352K,  98% used [0x00000000d3420000, 0x00000000d384d790, 0x00000000d3860000)
  to   space 4352K,   0% used [0x00000000d3860000, 0x00000000d3860000, 0x00000000d3ca0000)
 concurrent mark-sweep generation total 177696K, used 125949K [0x00000000e0c00000, 0x00000000eb988000, 0x0000000100000000)
 Metaspace       used 153801K, capacity 159227K, committed 159432K, reserved 1187840K
  class space    used 19622K, capacity 21620K, committed 21728K, reserved 1048576K
}
Event: 140.411 GC heap before
{Heap before GC invocations=22 (full 6):
 par new generation   total 39296K, used 39221K [0x00000000d1200000, 0x00000000d3ca0000, 0x00000000e0c00000)
  eden space 34944K, 100% used [0x00000000d1200000, 0x00000000d3420000, 0x00000000d3420000)
  from space 4352K,  98% used [0x00000000d3420000, 0x00000000d384d790, 0x00000000d3860000)
  to   space 4352K,   0% used [0x00000000d3860000, 0x00000000d3860000, 0x00000000d3ca0000)
 concurrent mark-sweep generation total 177696K, used 125949K [0x00000000e0c00000, 0x00000000eb988000, 0x0000000100000000)
 Metaspace       used 167404K, capacity 173137K, committed 173384K, reserved 1200128K
  class space    used 21410K, capacity 23607K, committed 23648K, reserved 1048576K
}
Event: 140.427 GC heap after
{Heap after GC invocations=23 (full 6):
 par new generation   total 39296K, used 4352K [0x00000000d1200000, 0x00000000d3ca0000, 0x00000000e0c00000)
  eden space 34944K,   0% used [0x00000000d1200000, 0x00000000d1200000, 0x00000000d3420000)
  from space 4352K, 100% used [0x00000000d3860000, 0x00000000d3ca0000, 0x00000000d3ca0000)
  to   space 4352K,   0% used [0x00000000d3420000, 0x00000000d3420000, 0x00000000d3860000)
 concurrent mark-sweep generation total 177696K, used 128301K [0x00000000e0c00000, 0x00000000eb988000, 0x0000000100000000)
 Metaspace       used 167404K, capacity 173137K, committed 173384K, reserved 1200128K
  class space    used 21410K, capacity 23607K, committed 23648K, reserved 1048576K
}
Event: 148.613 GC heap before
{Heap before GC invocations=23 (full 6):
 par new generation   total 39296K, used 39296K [0x00000000d1200000, 0x00000000d3ca0000, 0x00000000e0c00000)
  eden space 34944K, 100% used [0x00000000d1200000, 0x00000000d3420000, 0x00000000d3420000)
  from space 4352K, 100% used [0x00000000d3860000, 0x00000000d3ca0000, 0x00000000d3ca0000)
  to   space 4352K,   0% used [0x00000000d3420000, 0x00000000d3420000, 0x00000000d3860000)
 concurrent mark-sweep generation total 177696K, used 128301K [0x00000000e0c00000, 0x00000000eb988000, 0x0000000100000000)
 Metaspace       used 173339K, capacity 179285K, committed 179528K, reserved 1204224K
  class space    used 22149K, capacity 24394K, committed 24416K, reserved 1048576K
}
Event: 148.635 GC heap after
{Heap after GC invocations=24 (full 6):
 par new generation   total 39296K, used 4352K [0x00000000d1200000, 0x00000000d3ca0000, 0x00000000e0c00000)
  eden space 34944K,   0% used [0x00000000d1200000, 0x00000000d1200000, 0x00000000d3420000)
  from space 4352K, 100% used [0x00000000d3420000, 0x00000000d3860000, 0x00000000d3860000)
  to   space 4352K,   0% used [0x00000000d3860000, 0x00000000d3860000, 0x00000000d3ca0000)
 concurrent mark-sweep generation total 177696K, used 132007K [0x00000000e0c00000, 0x00000000eb988000, 0x0000000100000000)
 Metaspace       used 173339K, capacity 179285K, committed 179528K, reserved 1204224K
  class space    used 22149K, capacity 24394K, committed 24416K, reserved 1048576K
}
Event: 156.661 GC heap before
{Heap before GC invocations=24 (full 6):
 par new generation   total 39296K, used 39296K [0x00000000d1200000, 0x00000000d3ca0000, 0x00000000e0c00000)
  eden space 34944K, 100% used [0x00000000d1200000, 0x00000000d3420000, 0x00000000d3420000)
  from space 4352K, 100% used [0x00000000d3420000, 0x00000000d3860000, 0x00000000d3860000)
  to   space 4352K,   0% used [0x00000000d3860000, 0x00000000d3860000, 0x00000000d3ca0000)
 concurrent mark-sweep generation total 177696K, used 132007K [0x00000000e0c00000, 0x00000000eb988000, 0x0000000100000000)
 Metaspace       used 179879K, capacity 185884K, committed 186056K, reserved 1210368K
  class space    used 23119K, capacity 25444K, committed 25568K, reserved 1048576K
}
Event: 156.687 GC heap after
{Heap after GC invocations=25 (full 6):
 par new generation   total 39296K, used 4352K [0x00000000d1200000, 0x00000000d3ca0000, 0x00000000e0c00000)
  eden space 34944K,   0% used [0x00000000d1200000, 0x00000000d1200000, 0x00000000d3420000)
  from space 4352K, 100% used [0x00000000d3860000, 0x00000000d3ca0000, 0x00000000d3ca0000)
  to   space 4352K,   0% used [0x00000000d3420000, 0x00000000d3420000, 0x00000000d3860000)
 concurrent mark-sweep generation total 177696K, used 135964K [0x00000000e0c00000, 0x00000000eb988000, 0x0000000100000000)
 Metaspace       used 179879K, capacity 185884K, committed 186056K, reserved 1210368K
  class space    used 23119K, capacity 25444K, committed 25568K, reserved 1048576K
}
Event: 170.049 GC heap before
{Heap before GC invocations=25 (full 6):
 par new generation   total 39296K, used 39296K [0x00000000d1200000, 0x00000000d3ca0000, 0x00000000e0c00000)
  eden space 34944K, 100% used [0x00000000d1200000, 0x00000000d3420000, 0x00000000d3420000)
  from space 4352K, 100% used [0x00000000d3860000, 0x00000000d3ca0000, 0x00000000d3ca0000)
  to   space 4352K,   0% used [0x00000000d3420000, 0x00000000d3420000, 0x00000000d3860000)
 concurrent mark-sweep generation total 177696K, used 135964K [0x00000000e0c00000, 0x00000000eb988000, 0x0000000100000000)
 Metaspace       used 187506K, capacity 193918K, committed 193992K, reserved 1216512K
  class space    used 23891K, capacity 26334K, committed 26336K, reserved 1048576K
}
Event: 170.067 GC heap after
{Heap after GC invocations=26 (full 6):
 par new generation   total 39296K, used 4352K [0x00000000d1200000, 0x00000000d3ca0000, 0x00000000e0c00000)
  eden space 34944K,   0% used [0x00000000d1200000, 0x00000000d1200000, 0x00000000d3420000)
  from space 4352K, 100% used [0x00000000d3420000, 0x00000000d3860000, 0x00000000d3860000)
  to   space 4352K,   0% used [0x00000000d3860000, 0x00000000d3860000, 0x00000000d3ca0000)
 concurrent mark-sweep generation total 177696K, used 138917K [0x00000000e0c00000, 0x00000000eb988000, 0x0000000100000000)
 Metaspace       used 187506K, capacity 193918K, committed 193992K, reserved 1216512K
  class space    used 23891K, capacity 26334K, committed 26336K, reserved 1048576K
}

