# JRE version: OpenJDK Runtime Environment JBR-11.0.9.11-1145.21-jcef (11.0.9+11) (build 11.0.9+11-b1145.21)
# Java VM: OpenJDK 64-Bit Server VM JBR-11.0.9.11-1145.21-jcef (11.0.9+11-b1145.21, mixed mode, tiered, compressed oops, concurrent mark sweep gc, windows-amd64)
Heap:
 par new generation   total 39296K, used 11238K [0x00000000d1200000, 0x00000000d3ca0000, 0x00000000e0c00000)
  eden space 34944K,  19% used [0x00000000d1200000, 0x00000000d18b99f0, 0x00000000d3420000)
  from space 4352K, 100% used [0x00000000d3420000, 0x00000000d3860000, 0x00000000d3860000)
  to   space 4352K,   0% used [0x00000000d3860000, 0x00000000d3860000, 0x00000000d3ca0000)
 concurrent mark-sweep generation total 97072K, used 65789K [0x00000000e0c00000, 0x00000000e6acc000, 0x0000000100000000)
 Metaspace       used 78196K, capacity 80925K, committed 81296K, reserved 1120256K
  class space    used 9114K, capacity 10189K, committed 10264K, reserved 1048576K
GC Heap History (20 events):
Event: 32.244 GC heap before
{Heap before GC invocations=15 (full 2):
 par new generation   total 39296K, used 39296K [0x00000000d1200000, 0x00000000d3ca0000, 0x00000000e0c00000)
  eden space 34944K, 100% used [0x00000000d1200000, 0x00000000d3420000, 0x00000000d3420000)
  from space 4352K, 100% used [0x00000000d3860000, 0x00000000d3ca0000, 0x00000000d3ca0000)
  to   space 4352K,   0% used [0x00000000d3420000, 0x00000000d3420000, 0x00000000d3860000)
 concurrent mark-sweep generation total 87424K, used 67152K [0x00000000e0c00000, 0x00000000e6160000, 0x0000000100000000)
 Metaspace       used 59874K, capacity 62017K, committed 62224K, reserved 1103872K
  class space    used 6573K, capacity 7428K, committed 7576K, reserved 1048576K
}
Event: 32.255 GC heap after
{Heap after GC invocations=16 (full 2):
 par new generation   total 39296K, used 4352K [0x00000000d1200000, 0x00000000d3ca0000, 0x00000000e0c00000)
  eden space 34944K,   0% used [0x00000000d1200000, 0x00000000d1200000, 0x00000000d3420000)
  from space 4352K, 100% used [0x00000000d3420000, 0x00000000d3860000, 0x00000000d3860000)
  to   space 4352K,   0% used [0x00000000d3860000, 0x00000000d3860000, 0x00000000d3ca0000)
 concurrent mark-sweep generation total 87424K, used 70033K [0x00000000e0c00000, 0x00000000e6160000, 0x0000000100000000)
 Metaspace       used 59874K, capacity 62017K, committed 62224K, reserved 1103872K
  class space    used 6573K, capacity 7428K, committed 7576K, reserved 1048576K
}
Event: 34.139 GC heap before
{Heap before GC invocations=16 (full 2):
 par new generation   total 39296K, used 39296K [0x00000000d1200000, 0x00000000d3ca0000, 0x00000000e0c00000)
  eden space 34944K, 100% used [0x00000000d1200000, 0x00000000d3420000, 0x00000000d3420000)
  from space 4352K, 100% used [0x00000000d3420000, 0x00000000d3860000, 0x00000000d3860000)
  to   space 4352K,   0% used [0x00000000d3860000, 0x00000000d3860000, 0x00000000d3ca0000)
 concurrent mark-sweep generation total 87424K, used 70033K [0x00000000e0c00000, 0x00000000e6160000, 0x0000000100000000)
 Metaspace       used 61036K, capacity 63205K, committed 63376K, reserved 1105920K
  class space    used 6759K, capacity 7609K, committed 7704K, reserved 1048576K
}
Event: 34.154 GC heap after
{Heap after GC invocations=17 (full 2):
 par new generation   total 39296K, used 4352K [0x00000000d1200000, 0x00000000d3ca0000, 0x00000000e0c00000)
  eden space 34944K,   0% used [0x00000000d1200000, 0x00000000d1200000, 0x00000000d3420000)
  from space 4352K, 100% used [0x00000000d3860000, 0x00000000d3ca0000, 0x00000000d3ca0000)
  to   space 4352K,   0% used [0x00000000d3420000, 0x00000000d3420000, 0x00000000d3860000)
 concurrent mark-sweep generation total 87424K, used 72379K [0x00000000e0c00000, 0x00000000e6160000, 0x0000000100000000)
 Metaspace       used 61036K, capacity 63205K, committed 63376K, reserved 1105920K
  class space    used 6759K, capacity 7609K, committed 7704K, reserved 1048576K
}
Event: 36.439 GC heap before
{Heap before GC invocations=17 (full 2):
 par new generation   total 39296K, used 39286K [0x00000000d1200000, 0x00000000d3ca0000, 0x00000000e0c00000)
  eden space 34944K,  99% used [0x00000000d1200000, 0x00000000d341d918, 0x00000000d3420000)
  from space 4352K, 100% used [0x00000000d3860000, 0x00000000d3ca0000, 0x00000000d3ca0000)
  to   space 4352K,   0% used [0x00000000d3420000, 0x00000000d3420000, 0x00000000d3860000)
 concurrent mark-sweep generation total 87424K, used 72379K [0x00000000e0c00000, 0x00000000e6160000, 0x0000000100000000)
 Metaspace       used 62290K, capacity 64423K, committed 64528K, reserved 1105920K
  class space    used 6929K, capacity 7758K, committed 7832K, reserved 1048576K
}
Event: 36.448 GC heap after
{Heap after GC invocations=18 (full 2):
 par new generation   total 39296K, used 4352K [0x00000000d1200000, 0x00000000d3ca0000, 0x00000000e0c00000)
  eden space 34944K,   0% used [0x00000000d1200000, 0x00000000d1200000, 0x00000000d3420000)
  from space 4352K, 100% used [0x00000000d3420000, 0x00000000d3860000, 0x00000000d3860000)
  to   space 4352K,   0% used [0x00000000d3860000, 0x00000000d3860000, 0x00000000d3ca0000)
 concurrent mark-sweep generation total 87424K, used 73703K [0x00000000e0c00000, 0x00000000e6160000, 0x0000000100000000)
 Metaspace       used 62290K, capacity 64423K, committed 64528K, reserved 1105920K
  class space    used 6929K, capacity 7758K, committed 7832K, reserved 1048576K
}
Event: 39.281 GC heap before
{Heap before GC invocations=18 (full 2):
 par new generation   total 39296K, used 39296K [0x00000000d1200000, 0x00000000d3ca0000, 0x00000000e0c00000)
  eden space 34944K, 100% used [0x00000000d1200000, 0x00000000d3420000, 0x00000000d3420000)
  from space 4352K, 100% used [0x00000000d3420000, 0x00000000d3860000, 0x00000000d3860000)
  to   space 4352K,   0% used [0x00000000d3860000, 0x00000000d3860000, 0x00000000d3ca0000)
 concurrent mark-sweep generation total 87424K, used 73703K [0x00000000e0c00000, 0x00000000e6160000, 0x0000000100000000)
 Metaspace       used 64129K, capacity 66372K, committed 66448K, reserved 1107968K
  class space    used 7231K, capacity 8144K, committed 8216K, reserved 1048576K
}
Event: 39.305 GC heap after
{Heap after GC invocations=19 (full 2):
 par new generation   total 39296K, used 4352K [0x00000000d1200000, 0x00000000d3ca0000, 0x00000000e0c00000)
  eden space 34944K,   0% used [0x00000000d1200000, 0x00000000d1200000, 0x00000000d3420000)
  from space 4352K, 100% used [0x00000000d3860000, 0x00000000d3ca0000, 0x00000000d3ca0000)
  to   space 4352K,   0% used [0x00000000d3420000, 0x00000000d3420000, 0x00000000d3860000)
 concurrent mark-sweep generation total 87424K, used 76338K [0x00000000e0c00000, 0x00000000e6160000, 0x0000000100000000)
 Metaspace       used 64129K, capacity 66372K, committed 66448K, reserved 1107968K
  class space    used 7231K, capacity 8144K, committed 8216K, reserved 1048576K
}
Event: 42.263 GC heap before
{Heap before GC invocations=19 (full 2):
 par new generation   total 39296K, used 39296K [0x00000000d1200000, 0x00000000d3ca0000, 0x00000000e0c00000)
  eden space 34944K, 100% used [0x00000000d1200000, 0x00000000d3420000, 0x00000000d3420000)
  from space 4352K, 100% used [0x00000000d3860000, 0x00000000d3ca0000, 0x00000000d3ca0000)
  to   space 4352K,   0% used [0x00000000d3420000, 0x00000000d3420000, 0x00000000d3860000)
 concurrent mark-sweep generation total 87424K, used 76338K [0x00000000e0c00000, 0x00000000e6160000, 0x0000000100000000)
 Metaspace       used 65752K, capacity 68066K, committed 68240K, reserved 1110016K
  class space    used 7509K, capacity 8451K, committed 8472K, reserved 1048576K
}
Event: 42.274 GC heap after
{Heap after GC invocations=20 (full 2):
 par new generation   total 39296K, used 4237K [0x00000000d1200000, 0x00000000d3ca0000, 0x00000000e0c00000)
  eden space 34944K,   0% used [0x00000000d1200000, 0x00000000d1200000, 0x00000000d3420000)
  from space 4352K,  97% used [0x00000000d3420000, 0x00000000d3843790, 0x00000000d3860000)
  to   space 4352K,   0% used [0x00000000d3860000, 0x00000000d3860000, 0x00000000d3ca0000)
 concurrent mark-sweep generation total 87424K, used 77230K [0x00000000e0c00000, 0x00000000e6160000, 0x0000000100000000)
 Metaspace       used 65752K, capacity 68066K, committed 68240K, reserved 1110016K
  class space    used 7509K, capacity 8451K, committed 8472K, reserved 1048576K
}
Event: 43.720 GC heap before
{Heap before GC invocations=20 (full 2):
 par new generation   total 39296K, used 39181K [0x00000000d1200000, 0x00000000d3ca0000, 0x00000000e0c00000)
  eden space 34944K, 100% used [0x00000000d1200000, 0x00000000d3420000, 0x00000000d3420000)
  from space 4352K,  97% used [0x00000000d3420000, 0x00000000d3843790, 0x00000000d3860000)
  to   space 4352K,   0% used [0x00000000d3860000, 0x00000000d3860000, 0x00000000d3ca0000)
 concurrent mark-sweep generation total 87424K, used 77230K [0x00000000e0c00000, 0x00000000e6160000, 0x0000000100000000)
 Metaspace       used 66471K, capacity 68929K, committed 69136K, reserved 1110016K
  class space    used 7598K, capacity 8525K, committed 8600K, reserved 1048576K
}
Event: 43.736 GC heap after
{Heap after GC invocations=21 (full 2):
 par new generation   total 39296K, used 4352K [0x00000000d1200000, 0x00000000d3ca0000, 0x00000000e0c00000)
  eden space 34944K,   0% used [0x00000000d1200000, 0x00000000d1200000, 0x00000000d3420000)
  from space 4352K, 100% used [0x00000000d3860000, 0x00000000d3ca0000, 0x00000000d3ca0000)
  to   space 4352K,   0% used [0x00000000d3420000, 0x00000000d3420000, 0x00000000d3860000)
 concurrent mark-sweep generation total 87424K, used 78712K [0x00000000e0c00000, 0x00000000e6160000, 0x0000000100000000)
 Metaspace       used 66471K, capacity 68929K, committed 69136K, reserved 1110016K
  class space    used 7598K, capacity 8525K, committed 8600K, reserved 1048576K
}
Event: 45.922 GC heap before
{Heap before GC invocations=21 (full 2):
 par new generation   total 39296K, used 39296K [0x00000000d1200000, 0x00000000d3ca0000, 0x00000000e0c00000)
  eden space 34944K, 100% used [0x00000000d1200000, 0x00000000d3420000, 0x00000000d3420000)
  from space 4352K, 100% used [0x00000000d3860000, 0x00000000d3ca0000, 0x00000000d3ca0000)
  to   space 4352K,   0% used [0x00000000d3420000, 0x00000000d3420000, 0x00000000d3860000)
 concurrent mark-sweep generation total 87424K, used 78712K [0x00000000e0c00000, 0x00000000e6160000, 0x0000000100000000)
 Metaspace       used 67622K, capacity 70097K, committed 70288K, reserved 1112064K
  class space    used 7756K, capacity 8702K, committed 8728K, reserved 1048576K
}
Event: 45.926 GC heap after
{Heap after GC invocations=22 (full 2):
 par new generation   total 39296K, used 4352K [0x00000000d1200000, 0x00000000d3ca0000, 0x00000000e0c00000)
  eden space 34944K,   0% used [0x00000000d1200000, 0x00000000d1200000, 0x00000000d3420000)
  from space 4352K, 100% used [0x00000000d3420000, 0x00000000d3860000, 0x00000000d3860000)
  to   space 4352K,   0% used [0x00000000d3860000, 0x00000000d3860000, 0x00000000d3ca0000)
 concurrent mark-sweep generation total 87424K, used 79795K [0x00000000e0c00000, 0x00000000e6160000, 0x0000000100000000)
 Metaspace       used 67622K, capacity 70097K, committed 70288K, reserved 1112064K
  class space    used 7756K, capacity 8702K, committed 8728K, reserved 1048576K
}
Event: 49.642 GC heap before
{Heap before GC invocations=22 (full 2):
 par new generation   total 39296K, used 39296K [0x00000000d1200000, 0x00000000d3ca0000, 0x00000000e0c00000)
  eden space 34944K, 100% used [0x00000000d1200000, 0x00000000d3420000, 0x00000000d3420000)
  from space 4352K, 100% used [0x00000000d3420000, 0x00000000d3860000, 0x00000000d3860000)
  to   space 4352K,   0% used [0x00000000d3860000, 0x00000000d3860000, 0x00000000d3ca0000)
 concurrent mark-sweep generation total 87424K, used 79795K [0x00000000e0c00000, 0x00000000e6160000, 0x0000000100000000)
 Metaspace       used 69431K, capacity 71971K, committed 72208K, reserved 1112064K
  class space    used 8038K, capacity 9007K, committed 9112K, reserved 1048576K
}
Event: 49.654 GC heap after
{Heap after GC invocations=23 (full 2):
 par new generation   total 39296K, used 4352K [0x00000000d1200000, 0x00000000d3ca0000, 0x00000000e0c00000)
  eden space 34944K,   0% used [0x00000000d1200000, 0x00000000d1200000, 0x00000000d3420000)
  from space 4352K, 100% used [0x00000000d3860000, 0x00000000d3ca0000, 0x00000000d3ca0000)
  to   space 4352K,   0% used [0x00000000d3420000, 0x00000000d3420000, 0x00000000d3860000)
 concurrent mark-sweep generation total 87424K, used 82025K [0x00000000e0c00000, 0x00000000e6160000, 0x0000000100000000)
 Metaspace       used 69431K, capacity 71971K, committed 72208K, reserved 1112064K
  class space    used 8038K, capacity 9007K, committed 9112K, reserved 1048576K
}
Event: 54.790 GC heap before
{Heap before GC invocations=23 (full 3):
 par new generation   total 39296K, used 39296K [0x00000000d1200000, 0x00000000d3ca0000, 0x00000000e0c00000)
  eden space 34944K, 100% used [0x00000000d1200000, 0x00000000d3420000, 0x00000000d3420000)
  from space 4352K, 100% used [0x00000000d3860000, 0x00000000d3ca0000, 0x00000000d3ca0000)
  to   space 4352K,   0% used [0x00000000d3420000, 0x00000000d3420000, 0x00000000d3860000)
 concurrent mark-sweep generation total 97072K, used 58241K [0x00000000e0c00000, 0x00000000e6acc000, 0x0000000100000000)
 Metaspace       used 72739K, capacity 75060K, committed 75920K, reserved 1116160K
  class space    used 8384K, capacity 9246K, committed 9496K, reserved 1048576K
}
Event: 54.796 GC heap after
{Heap after GC invocations=24 (full 3):
 par new generation   total 39296K, used 4352K [0x00000000d1200000, 0x00000000d3ca0000, 0x00000000e0c00000)
  eden space 34944K,   0% used [0x00000000d1200000, 0x00000000d1200000, 0x00000000d3420000)
  from space 4352K, 100% used [0x00000000d3420000, 0x00000000d3860000, 0x00000000d3860000)
  to   space 4352K,   0% used [0x00000000d3860000, 0x00000000d3860000, 0x00000000d3ca0000)
 concurrent mark-sweep generation total 97072K, used 60709K [0x00000000e0c00000, 0x00000000e6acc000, 0x0000000100000000)
 Metaspace       used 72739K, capacity 75060K, committed 75920K, reserved 1116160K
  class space    used 8384K, capacity 9246K, committed 9496K, reserved 1048576K
}
Event: 57.601 GC heap before
{Heap before GC invocations=24 (full 3):
 par new generation   total 39296K, used 39293K [0x00000000d1200000, 0x00000000d3ca0000, 0x00000000e0c00000)
  eden space 34944K,  99% used [0x00000000d1200000, 0x00000000d341f510, 0x00000000d3420000)
  from space 4352K, 100% used [0x00000000d3420000, 0x00000000d3860000, 0x00000000d3860000)
  to   space 4352K,   0% used [0x00000000d3860000, 0x00000000d3860000, 0x00000000d3ca0000)
 concurrent mark-sweep generation total 97072K, used 60709K [0x00000000e0c00000, 0x00000000e6acc000, 0x0000000100000000)
 Metaspace       used 74626K, capacity 77113K, committed 77712K, reserved 1118208K
  class space    used 8641K, capacity 9573K, committed 9752K, reserved 1048576K
}
Event: 57.616 GC heap after
{Heap after GC invocations=25 (full 3):
 par new generation   total 39296K, used 4352K [0x00000000d1200000, 0x00000000d3ca0000, 0x00000000e0c00000)
  eden space 34944K,   0% used [0x00000000d1200000, 0x00000000d1200000, 0x00000000d3420000)
  from space 4352K, 100% used [0x00000000d3860000, 0x00000000d3ca0000, 0x00000000d3ca0000)
  to   space 4352K,   0% used [0x00000000d3420000, 0x00000000d3420000, 0x00000000d3860000)
 concurrent mark-sweep generation total 97072K, used 63273K [0x00000000e0c00000, 0x00000000e6acc000, 0x0000000100000000)
 Metaspace       used 74626K, capacity 77113K, committed 77712K, reserved 1118208K
  class space    used 8641K, capacity 9573K, committed 9752K, reserved 1048576K
}

