# JRE version: OpenJDK Runtime Environment JBR-11.0.9.1.11-1145.63-jcef (11.0.9.1+11) (build 11.0.9.1+11-b1145.63)
# Java VM: OpenJDK 64-Bit Server VM JBR-11.0.9.1.11-1145.63-jcef (11.0.9.1+11-b1145.63, mixed mode, tiered, compressed oops, concurrent mark sweep gc, windows-amd64)
Heap:
 par new generation   total 39296K, used 20879K [0x00000000d1200000, 0x00000000d3ca0000, 0x00000000e0c00000)
  eden space 34944K,  47% used [0x00000000d1200000, 0x00000000d2223da0, 0x00000000d3420000)
  from space 4352K, 100% used [0x00000000d3860000, 0x00000000d3ca0000, 0x00000000d3ca0000)
  to   space 4352K,   0% used [0x00000000d3420000, 0x00000000d3420000, 0x00000000d3860000)
 concurrent mark-sweep generation total 221380K, used 178069K [0x00000000e0c00000, 0x00000000ee431000, 0x0000000100000000)
 Metaspace       used 222774K, capacity 229761K, committed 230048K, reserved 1249280K
  class space    used 28380K, capacity 30982K, committed 31032K, reserved 1048576K
GC Heap History (20 events):
Event: 109.078 GC heap before
{Heap before GC invocations=39 (full 7):
 par new generation   total 39296K, used 39217K [0x00000000d1200000, 0x00000000d3ca0000, 0x00000000e0c00000)
  eden space 34944K, 100% used [0x00000000d1200000, 0x00000000d3420000, 0x00000000d3420000)
  from space 4352K,  98% used [0x00000000d3860000, 0x00000000d3c8c780, 0x00000000d3ca0000)
  to   space 4352K,   0% used [0x00000000d3420000, 0x00000000d3420000, 0x00000000d3860000)
 concurrent mark-sweep generation total 221380K, used 143597K [0x00000000e0c00000, 0x00000000ee431000, 0x0000000100000000)
 Metaspace       used 194846K, capacity 200968K, committed 202144K, reserved 1224704K
  class space    used 24969K, capacity 27279K, committed 27704K, reserved 1048576K
}
Event: 109.084 GC heap after
{Heap after GC invocations=40 (full 7):
 par new generation   total 39296K, used 3595K [0x00000000d1200000, 0x00000000d3ca0000, 0x00000000e0c00000)
  eden space 34944K,   0% used [0x00000000d1200000, 0x00000000d1200000, 0x00000000d3420000)
  from space 4352K,  82% used [0x00000000d3420000, 0x00000000d37a2de0, 0x00000000d3860000)
  to   space 4352K,   0% used [0x00000000d3860000, 0x00000000d3860000, 0x00000000d3ca0000)
 concurrent mark-sweep generation total 221380K, used 145581K [0x00000000e0c00000, 0x00000000ee431000, 0x0000000100000000)
 Metaspace       used 194846K, capacity 200968K, committed 202144K, reserved 1224704K
  class space    used 24969K, capacity 27279K, committed 27704K, reserved 1048576K
}
Event: 111.641 GC heap before
{Heap before GC invocations=40 (full 7):
 par new generation   total 39296K, used 38539K [0x00000000d1200000, 0x00000000d3ca0000, 0x00000000e0c00000)
  eden space 34944K,  99% used [0x00000000d1200000, 0x00000000d341fff0, 0x00000000d3420000)
  from space 4352K,  82% used [0x00000000d3420000, 0x00000000d37a2de0, 0x00000000d3860000)
  to   space 4352K,   0% used [0x00000000d3860000, 0x00000000d3860000, 0x00000000d3ca0000)
 concurrent mark-sweep generation total 221380K, used 145581K [0x00000000e0c00000, 0x00000000ee431000, 0x0000000100000000)
 Metaspace       used 200024K, capacity 206187K, committed 207136K, reserved 1228800K
  class space    used 25670K, capacity 27949K, committed 28344K, reserved 1048576K
}
Event: 111.648 GC heap after
{Heap after GC invocations=41 (full 7):
 par new generation   total 39296K, used 4329K [0x00000000d1200000, 0x00000000d3ca0000, 0x00000000e0c00000)
  eden space 34944K,   0% used [0x00000000d1200000, 0x00000000d1200000, 0x00000000d3420000)
  from space 4352K,  99% used [0x00000000d3860000, 0x00000000d3c9a7d0, 0x00000000d3ca0000)
  to   space 4352K,   0% used [0x00000000d3420000, 0x00000000d3420000, 0x00000000d3860000)
 concurrent mark-sweep generation total 221380K, used 145581K [0x00000000e0c00000, 0x00000000ee431000, 0x0000000100000000)
 Metaspace       used 200024K, capacity 206187K, committed 207136K, reserved 1228800K
  class space    used 25670K, capacity 27949K, committed 28344K, reserved 1048576K
}
Event: 113.853 GC heap before
{Heap before GC invocations=41 (full 7):
 par new generation   total 39296K, used 39273K [0x00000000d1200000, 0x00000000d3ca0000, 0x00000000e0c00000)
  eden space 34944K, 100% used [0x00000000d1200000, 0x00000000d3420000, 0x00000000d3420000)
  from space 4352K,  99% used [0x00000000d3860000, 0x00000000d3c9a7d0, 0x00000000d3ca0000)
  to   space 4352K,   0% used [0x00000000d3420000, 0x00000000d3420000, 0x00000000d3860000)
 concurrent mark-sweep generation total 221380K, used 145581K [0x00000000e0c00000, 0x00000000ee431000, 0x0000000100000000)
 Metaspace       used 205814K, capacity 212118K, committed 212768K, reserved 1232896K
  class space    used 26357K, capacity 28642K, committed 28856K, reserved 1048576K
}
Event: 113.879 GC heap after
{Heap after GC invocations=42 (full 7):
 par new generation   total 39296K, used 4352K [0x00000000d1200000, 0x00000000d3ca0000, 0x00000000e0c00000)
  eden space 34944K,   0% used [0x00000000d1200000, 0x00000000d1200000, 0x00000000d3420000)
  from space 4352K, 100% used [0x00000000d3420000, 0x00000000d3860000, 0x00000000d3860000)
  to   space 4352K,   0% used [0x00000000d3860000, 0x00000000d3860000, 0x00000000d3ca0000)
 concurrent mark-sweep generation total 221380K, used 149722K [0x00000000e0c00000, 0x00000000ee431000, 0x0000000100000000)
 Metaspace       used 205814K, capacity 212118K, committed 212768K, reserved 1232896K
  class space    used 26357K, capacity 28642K, committed 28856K, reserved 1048576K
}
Event: 116.937 GC heap before
{Heap before GC invocations=42 (full 7):
 par new generation   total 39296K, used 39296K [0x00000000d1200000, 0x00000000d3ca0000, 0x00000000e0c00000)
  eden space 34944K, 100% used [0x00000000d1200000, 0x00000000d3420000, 0x00000000d3420000)
  from space 4352K, 100% used [0x00000000d3420000, 0x00000000d3860000, 0x00000000d3860000)
  to   space 4352K,   0% used [0x00000000d3860000, 0x00000000d3860000, 0x00000000d3ca0000)
 concurrent mark-sweep generation total 221380K, used 149722K [0x00000000e0c00000, 0x00000000ee431000, 0x0000000100000000)
 Metaspace       used 213431K, capacity 219929K, committed 220320K, reserved 1239040K
  class space    used 27426K, capacity 29802K, committed 30008K, reserved 1048576K
}
Event: 116.955 GC heap after
{Heap after GC invocations=43 (full 7):
 par new generation   total 39296K, used 4352K [0x00000000d1200000, 0x00000000d3ca0000, 0x00000000e0c00000)
  eden space 34944K,   0% used [0x00000000d1200000, 0x00000000d1200000, 0x00000000d3420000)
  from space 4352K, 100% used [0x00000000d3860000, 0x00000000d3ca0000, 0x00000000d3ca0000)
  to   space 4352K,   0% used [0x00000000d3420000, 0x00000000d3420000, 0x00000000d3860000)
 concurrent mark-sweep generation total 221380K, used 154442K [0x00000000e0c00000, 0x00000000ee431000, 0x0000000100000000)
 Metaspace       used 213431K, capacity 219929K, committed 220320K, reserved 1239040K
  class space    used 27426K, capacity 29802K, committed 30008K, reserved 1048576K
}
Event: 120.969 GC heap before
{Heap before GC invocations=43 (full 7):
 par new generation   total 39296K, used 39296K [0x00000000d1200000, 0x00000000d3ca0000, 0x00000000e0c00000)
  eden space 34944K, 100% used [0x00000000d1200000, 0x00000000d3420000, 0x00000000d3420000)
  from space 4352K, 100% used [0x00000000d3860000, 0x00000000d3ca0000, 0x00000000d3ca0000)
  to   space 4352K,   0% used [0x00000000d3420000, 0x00000000d3420000, 0x00000000d3860000)
 concurrent mark-sweep generation total 221380K, used 154442K [0x00000000e0c00000, 0x00000000ee431000, 0x0000000100000000)
 Metaspace       used 218800K, capacity 225599K, committed 225824K, reserved 1245184K
  class space    used 28061K, capacity 30621K, committed 30648K, reserved 1048576K
}
Event: 120.982 GC heap after
{Heap after GC invocations=44 (full 7):
 par new generation   total 39296K, used 4352K [0x00000000d1200000, 0x00000000d3ca0000, 0x00000000e0c00000)
  eden space 34944K,   0% used [0x00000000d1200000, 0x00000000d1200000, 0x00000000d3420000)
  from space 4352K, 100% used [0x00000000d3420000, 0x00000000d3860000, 0x00000000d3860000)
  to   space 4352K,   0% used [0x00000000d3860000, 0x00000000d3860000, 0x00000000d3ca0000)
 concurrent mark-sweep generation total 221380K, used 156853K [0x00000000e0c00000, 0x00000000ee431000, 0x0000000100000000)
 Metaspace       used 218800K, capacity 225599K, committed 225824K, reserved 1245184K
  class space    used 28061K, capacity 30621K, committed 30648K, reserved 1048576K
}
Event: 121.150 GC heap before
{Heap before GC invocations=44 (full 7):
 par new generation   total 39296K, used 39296K [0x00000000d1200000, 0x00000000d3ca0000, 0x00000000e0c00000)
  eden space 34944K, 100% used [0x00000000d1200000, 0x00000000d3420000, 0x00000000d3420000)
  from space 4352K, 100% used [0x00000000d3420000, 0x00000000d3860000, 0x00000000d3860000)
  to   space 4352K,   0% used [0x00000000d3860000, 0x00000000d3860000, 0x00000000d3ca0000)
 concurrent mark-sweep generation total 221380K, used 156853K [0x00000000e0c00000, 0x00000000ee431000, 0x0000000100000000)
 Metaspace       used 218947K, capacity 225872K, committed 226080K, reserved 1245184K
  class space    used 28074K, capacity 30626K, committed 30648K, reserved 1048576K
}
Event: 121.163 GC heap after
{Heap after GC invocations=45 (full 7):
 par new generation   total 39296K, used 4352K [0x00000000d1200000, 0x00000000d3ca0000, 0x00000000e0c00000)
  eden space 34944K,   0% used [0x00000000d1200000, 0x00000000d1200000, 0x00000000d3420000)
  from space 4352K, 100% used [0x00000000d3860000, 0x00000000d3ca0000, 0x00000000d3ca0000)
  to   space 4352K,   0% used [0x00000000d3420000, 0x00000000d3420000, 0x00000000d3860000)
 concurrent mark-sweep generation total 221380K, used 160270K [0x00000000e0c00000, 0x00000000ee431000, 0x0000000100000000)
 Metaspace       used 218947K, capacity 225872K, committed 226080K, reserved 1245184K
  class space    used 28074K, capacity 30626K, committed 30648K, reserved 1048576K
}
Event: 121.319 GC heap before
{Heap before GC invocations=45 (full 7):
 par new generation   total 39296K, used 39296K [0x00000000d1200000, 0x00000000d3ca0000, 0x00000000e0c00000)
  eden space 34944K, 100% used [0x00000000d1200000, 0x00000000d3420000, 0x00000000d3420000)
  from space 4352K, 100% used [0x00000000d3860000, 0x00000000d3ca0000, 0x00000000d3ca0000)
  to   space 4352K,   0% used [0x00000000d3420000, 0x00000000d3420000, 0x00000000d3860000)
 concurrent mark-sweep generation total 221380K, used 160270K [0x00000000e0c00000, 0x00000000ee431000, 0x0000000100000000)
 Metaspace       used 219139K, capacity 225942K, committed 226080K, reserved 1245184K
  class space    used 28082K, capacity 30626K, committed 30648K, reserved 1048576K
}
Event: 121.334 GC heap after
{Heap after GC invocations=46 (full 7):
 par new generation   total 39296K, used 4352K [0x00000000d1200000, 0x00000000d3ca0000, 0x00000000e0c00000)
  eden space 34944K,   0% used [0x00000000d1200000, 0x00000000d1200000, 0x00000000d3420000)
  from space 4352K, 100% used [0x00000000d3420000, 0x00000000d3860000, 0x00000000d3860000)
  to   space 4352K,   0% used [0x00000000d3860000, 0x00000000d3860000, 0x00000000d3ca0000)
 concurrent mark-sweep generation total 221380K, used 164560K [0x00000000e0c00000, 0x00000000ee431000, 0x0000000100000000)
 Metaspace       used 219139K, capacity 225942K, committed 226080K, reserved 1245184K
  class space    used 28082K, capacity 30626K, committed 30648K, reserved 1048576K
}
Event: 121.606 GC heap before
{Heap before GC invocations=46 (full 7):
 par new generation   total 39296K, used 39296K [0x00000000d1200000, 0x00000000d3ca0000, 0x00000000e0c00000)
  eden space 34944K, 100% used [0x00000000d1200000, 0x00000000d3420000, 0x00000000d3420000)
  from space 4352K, 100% used [0x00000000d3420000, 0x00000000d3860000, 0x00000000d3860000)
  to   space 4352K,   0% used [0x00000000d3860000, 0x00000000d3860000, 0x00000000d3ca0000)
 concurrent mark-sweep generation total 221380K, used 164560K [0x00000000e0c00000, 0x00000000ee431000, 0x0000000100000000)
 Metaspace       used 219436K, capacity 226326K, committed 226464K, reserved 1245184K
  class space    used 28101K, capacity 30690K, committed 30776K, reserved 1048576K
}
Event: 121.620 GC heap after
{Heap after GC invocations=47 (full 7):
 par new generation   total 39296K, used 4352K [0x00000000d1200000, 0x00000000d3ca0000, 0x00000000e0c00000)
  eden space 34944K,   0% used [0x00000000d1200000, 0x00000000d1200000, 0x00000000d3420000)
  from space 4352K, 100% used [0x00000000d3860000, 0x00000000d3ca0000, 0x00000000d3ca0000)
  to   space 4352K,   0% used [0x00000000d3420000, 0x00000000d3420000, 0x00000000d3860000)
 concurrent mark-sweep generation total 221380K, used 168737K [0x00000000e0c00000, 0x00000000ee431000, 0x0000000100000000)
 Metaspace       used 219436K, capacity 226326K, committed 226464K, reserved 1245184K
  class space    used 28101K, capacity 30690K, committed 30776K, reserved 1048576K
}
Event: 122.226 GC heap before
{Heap before GC invocations=47 (full 7):
 par new generation   total 39296K, used 39296K [0x00000000d1200000, 0x00000000d3ca0000, 0x00000000e0c00000)
  eden space 34944K, 100% used [0x00000000d1200000, 0x00000000d3420000, 0x00000000d3420000)
  from space 4352K, 100% used [0x00000000d3860000, 0x00000000d3ca0000, 0x00000000d3ca0000)
  to   space 4352K,   0% used [0x00000000d3420000, 0x00000000d3420000, 0x00000000d3860000)
 concurrent mark-sweep generation total 221380K, used 168737K [0x00000000e0c00000, 0x00000000ee431000, 0x0000000100000000)
 Metaspace       used 219699K, capacity 226655K, committed 226976K, reserved 1245184K
  class space    used 28113K, capacity 30690K, committed 30776K, reserved 1048576K
}
Event: 122.241 GC heap after
{Heap after GC invocations=48 (full 7):
 par new generation   total 39296K, used 4352K [0x00000000d1200000, 0x00000000d3ca0000, 0x00000000e0c00000)
  eden space 34944K,   0% used [0x00000000d1200000, 0x00000000d1200000, 0x00000000d3420000)
  from space 4352K, 100% used [0x00000000d3420000, 0x00000000d3860000, 0x00000000d3860000)
  to   space 4352K,   0% used [0x00000000d3860000, 0x00000000d3860000, 0x00000000d3ca0000)
 concurrent mark-sweep generation total 221380K, used 172920K [0x00000000e0c00000, 0x00000000ee431000, 0x0000000100000000)
 Metaspace       used 219699K, capacity 226655K, committed 226976K, reserved 1245184K
  class space    used 28113K, capacity 30690K, committed 30776K, reserved 1048576K
}
Event: 124.217 GC heap before
{Heap before GC invocations=48 (full 7):
 par new generation   total 39296K, used 39296K [0x00000000d1200000, 0x00000000d3ca0000, 0x00000000e0c00000)
  eden space 34944K, 100% used [0x00000000d1200000, 0x00000000d3420000, 0x00000000d3420000)
  from space 4352K, 100% used [0x00000000d3420000, 0x00000000d3860000, 0x00000000d3860000)
  to   space 4352K,   0% used [0x00000000d3860000, 0x00000000d3860000, 0x00000000d3ca0000)
 concurrent mark-sweep generation total 221380K, used 172920K [0x00000000e0c00000, 0x00000000ee431000, 0x0000000100000000)
 Metaspace       used 220230K, capacity 227060K, committed 227232K, reserved 1245184K
  class space    used 28119K, capacity 30690K, committed 30776K, reserved 1048576K
}
Event: 124.233 GC heap after
{Heap after GC invocations=49 (full 7):
 par new generation   total 39296K, used 4352K [0x00000000d1200000, 0x00000000d3ca0000, 0x00000000e0c00000)
  eden space 34944K,   0% used [0x00000000d1200000, 0x00000000d1200000, 0x00000000d3420000)
  from space 4352K, 100% used [0x00000000d3860000, 0x00000000d3ca0000, 0x00000000d3ca0000)
  to   space 4352K,   0% used [0x00000000d3420000, 0x00000000d3420000, 0x00000000d3860000)
 concurrent mark-sweep generation total 221380K, used 178069K [0x00000000e0c00000, 0x00000000ee431000, 0x0000000100000000)
 Metaspace       used 220230K, capacity 227060K, committed 227232K, reserved 1245184K
  class space    used 28119K, capacity 30690K, committed 30776K, reserved 1048576K
}

