# JRE version: OpenJDK Runtime Environment JBR-11.0.9.1.11-1145.63-jcef (11.0.9.1+11) (build 11.0.9.1+11-b1145.63)
# Java VM: OpenJDK 64-Bit Server VM JBR-11.0.9.1.11-1145.63-jcef (11.0.9.1+11-b1145.63, mixed mode, tiered, compressed oops, concurrent mark sweep gc, windows-amd64)
Heap:
 par new generation   total 39296K, used 14343K [0x00000000d1200000, 0x00000000d3ca0000, 0x00000000e0c00000)
  eden space 34944K,  37% used [0x00000000d1200000, 0x00000000d1ec15e8, 0x00000000d3420000)
  from space 4352K,  29% used [0x00000000d3860000, 0x00000000d39a06f0, 0x00000000d3ca0000)
  to   space 4352K,   0% used [0x00000000d3420000, 0x00000000d3420000, 0x00000000d3860000)
 concurrent mark-sweep generation total 493972K, used 364611K [0x00000000e0c00000, 0x00000000fee65000, 0x0000000100000000)
 Metaspace       used 287645K, capacity 296196K, committed 296708K, reserved 1306624K
  class space    used 36687K, capacity 39991K, committed 40216K, reserved 1048576K
GC Heap History (20 events):
Event: 504.676 GC heap before
{Heap before GC invocations=359 (full 16):
 par new generation   total 39296K, used 38258K [0x00000000d1200000, 0x00000000d3ca0000, 0x00000000e0c00000)
  eden space 34944K, 100% used [0x00000000d1200000, 0x00000000d3420000, 0x00000000d3420000)
  from space 4352K,  76% used [0x00000000d3860000, 0x00000000d3b9cbc8, 0x00000000d3ca0000)
  to   space 4352K,   0% used [0x00000000d3420000, 0x00000000d3420000, 0x00000000d3860000)
 concurrent mark-sweep generation total 493972K, used 355281K [0x00000000e0c00000, 0x00000000fee65000, 0x0000000100000000)
 Metaspace       used 284790K, capacity 293102K, committed 293892K, reserved 1304576K
  class space    used 36403K, capacity 39634K, committed 39960K, reserved 1048576K
}
Event: 504.679 GC heap after
{Heap after GC invocations=360 (full 16):
 par new generation   total 39296K, used 2483K [0x00000000d1200000, 0x00000000d3ca0000, 0x00000000e0c00000)
  eden space 34944K,   0% used [0x00000000d1200000, 0x00000000d1200000, 0x00000000d3420000)
  from space 4352K,  57% used [0x00000000d3420000, 0x00000000d368cfc8, 0x00000000d3860000)
  to   space 4352K,   0% used [0x00000000d3860000, 0x00000000d3860000, 0x00000000d3ca0000)
 concurrent mark-sweep generation total 493972K, used 355281K [0x00000000e0c00000, 0x00000000fee65000, 0x0000000100000000)
 Metaspace       used 284790K, capacity 293102K, committed 293892K, reserved 1304576K
  class space    used 36403K, capacity 39634K, committed 39960K, reserved 1048576K
}
Event: 504.774 GC heap before
{Heap before GC invocations=360 (full 16):
 par new generation   total 39296K, used 37427K [0x00000000d1200000, 0x00000000d3ca0000, 0x00000000e0c00000)
  eden space 34944K, 100% used [0x00000000d1200000, 0x00000000d3420000, 0x00000000d3420000)
  from space 4352K,  57% used [0x00000000d3420000, 0x00000000d368cfc8, 0x00000000d3860000)
  to   space 4352K,   0% used [0x00000000d3860000, 0x00000000d3860000, 0x00000000d3ca0000)
 concurrent mark-sweep generation total 493972K, used 355281K [0x00000000e0c00000, 0x00000000fee65000, 0x0000000100000000)
 Metaspace       used 284791K, capacity 293102K, committed 293892K, reserved 1304576K
  class space    used 36403K, capacity 39634K, committed 39960K, reserved 1048576K
}
Event: 504.777 GC heap after
{Heap after GC invocations=361 (full 16):
 par new generation   total 39296K, used 2159K [0x00000000d1200000, 0x00000000d3ca0000, 0x00000000e0c00000)
  eden space 34944K,   0% used [0x00000000d1200000, 0x00000000d1200000, 0x00000000d3420000)
  from space 4352K,  49% used [0x00000000d3860000, 0x00000000d3a7be30, 0x00000000d3ca0000)
  to   space 4352K,   0% used [0x00000000d3420000, 0x00000000d3420000, 0x00000000d3860000)
 concurrent mark-sweep generation total 493972K, used 355281K [0x00000000e0c00000, 0x00000000fee65000, 0x0000000100000000)
 Metaspace       used 284791K, capacity 293102K, committed 293892K, reserved 1304576K
  class space    used 36403K, capacity 39634K, committed 39960K, reserved 1048576K
}
Event: 504.870 GC heap before
{Heap before GC invocations=361 (full 16):
 par new generation   total 39296K, used 37103K [0x00000000d1200000, 0x00000000d3ca0000, 0x00000000e0c00000)
  eden space 34944K, 100% used [0x00000000d1200000, 0x00000000d3420000, 0x00000000d3420000)
  from space 4352K,  49% used [0x00000000d3860000, 0x00000000d3a7be30, 0x00000000d3ca0000)
  to   space 4352K,   0% used [0x00000000d3420000, 0x00000000d3420000, 0x00000000d3860000)
 concurrent mark-sweep generation total 493972K, used 355281K [0x00000000e0c00000, 0x00000000fee65000, 0x0000000100000000)
 Metaspace       used 284792K, capacity 293103K, committed 293892K, reserved 1304576K
  class space    used 36403K, capacity 39634K, committed 39960K, reserved 1048576K
}
Event: 504.875 GC heap after
{Heap after GC invocations=362 (full 16):
 par new generation   total 39296K, used 3210K [0x00000000d1200000, 0x00000000d3ca0000, 0x00000000e0c00000)
  eden space 34944K,   0% used [0x00000000d1200000, 0x00000000d1200000, 0x00000000d3420000)
  from space 4352K,  73% used [0x00000000d3420000, 0x00000000d3742880, 0x00000000d3860000)
  to   space 4352K,   0% used [0x00000000d3860000, 0x00000000d3860000, 0x00000000d3ca0000)
 concurrent mark-sweep generation total 493972K, used 355281K [0x00000000e0c00000, 0x00000000fee65000, 0x0000000100000000)
 Metaspace       used 284792K, capacity 293103K, committed 293892K, reserved 1304576K
  class space    used 36403K, capacity 39634K, committed 39960K, reserved 1048576K
}
Event: 504.987 GC heap before
{Heap before GC invocations=362 (full 16):
 par new generation   total 39296K, used 38154K [0x00000000d1200000, 0x00000000d3ca0000, 0x00000000e0c00000)
  eden space 34944K, 100% used [0x00000000d1200000, 0x00000000d3420000, 0x00000000d3420000)
  from space 4352K,  73% used [0x00000000d3420000, 0x00000000d3742880, 0x00000000d3860000)
  to   space 4352K,   0% used [0x00000000d3860000, 0x00000000d3860000, 0x00000000d3ca0000)
 concurrent mark-sweep generation total 493972K, used 355281K [0x00000000e0c00000, 0x00000000fee65000, 0x0000000100000000)
 Metaspace       used 284792K, capacity 293103K, committed 293892K, reserved 1304576K
  class space    used 36403K, capacity 39634K, committed 39960K, reserved 1048576K
}
Event: 504.993 GC heap after
{Heap after GC invocations=363 (full 16):
 par new generation   total 39296K, used 835K [0x00000000d1200000, 0x00000000d3ca0000, 0x00000000e0c00000)
  eden space 34944K,   0% used [0x00000000d1200000, 0x00000000d1200000, 0x00000000d3420000)
  from space 4352K,  19% used [0x00000000d3860000, 0x00000000d3930f20, 0x00000000d3ca0000)
  to   space 4352K,   0% used [0x00000000d3420000, 0x00000000d3420000, 0x00000000d3860000)
 concurrent mark-sweep generation total 493972K, used 357905K [0x00000000e0c00000, 0x00000000fee65000, 0x0000000100000000)
 Metaspace       used 284792K, capacity 293103K, committed 293892K, reserved 1304576K
  class space    used 36403K, capacity 39634K, committed 39960K, reserved 1048576K
}
Event: 505.080 GC heap before
{Heap before GC invocations=363 (full 16):
 par new generation   total 39296K, used 35779K [0x00000000d1200000, 0x00000000d3ca0000, 0x00000000e0c00000)
  eden space 34944K, 100% used [0x00000000d1200000, 0x00000000d3420000, 0x00000000d3420000)
  from space 4352K,  19% used [0x00000000d3860000, 0x00000000d3930f20, 0x00000000d3ca0000)
  to   space 4352K,   0% used [0x00000000d3420000, 0x00000000d3420000, 0x00000000d3860000)
 concurrent mark-sweep generation total 493972K, used 357905K [0x00000000e0c00000, 0x00000000fee65000, 0x0000000100000000)
 Metaspace       used 284795K, capacity 293105K, committed 293892K, reserved 1304576K
  class space    used 36403K, capacity 39634K, committed 39960K, reserved 1048576K
}
Event: 505.082 GC heap after
{Heap after GC invocations=364 (full 16):
 par new generation   total 39296K, used 567K [0x00000000d1200000, 0x00000000d3ca0000, 0x00000000e0c00000)
  eden space 34944K,   0% used [0x00000000d1200000, 0x00000000d1200000, 0x00000000d3420000)
  from space 4352K,  13% used [0x00000000d3420000, 0x00000000d34adfc0, 0x00000000d3860000)
  to   space 4352K,   0% used [0x00000000d3860000, 0x00000000d3860000, 0x00000000d3ca0000)
 concurrent mark-sweep generation total 493972K, used 357905K [0x00000000e0c00000, 0x00000000fee65000, 0x0000000100000000)
 Metaspace       used 284795K, capacity 293105K, committed 293892K, reserved 1304576K
  class space    used 36403K, capacity 39634K, committed 39960K, reserved 1048576K
}
Event: 505.170 GC heap before
{Heap before GC invocations=364 (full 16):
 par new generation   total 39296K, used 35511K [0x00000000d1200000, 0x00000000d3ca0000, 0x00000000e0c00000)
  eden space 34944K, 100% used [0x00000000d1200000, 0x00000000d3420000, 0x00000000d3420000)
  from space 4352K,  13% used [0x00000000d3420000, 0x00000000d34adfc0, 0x00000000d3860000)
  to   space 4352K,   0% used [0x00000000d3860000, 0x00000000d3860000, 0x00000000d3ca0000)
 concurrent mark-sweep generation total 493972K, used 357905K [0x00000000e0c00000, 0x00000000fee65000, 0x0000000100000000)
 Metaspace       used 284917K, capacity 293298K, committed 294148K, reserved 1304576K
  class space    used 36416K, capacity 39677K, committed 39960K, reserved 1048576K
}
Event: 505.175 GC heap after
{Heap after GC invocations=365 (full 16):
 par new generation   total 39296K, used 3571K [0x00000000d1200000, 0x00000000d3ca0000, 0x00000000e0c00000)
  eden space 34944K,   0% used [0x00000000d1200000, 0x00000000d1200000, 0x00000000d3420000)
  from space 4352K,  82% used [0x00000000d3860000, 0x00000000d3bdcc28, 0x00000000d3ca0000)
  to   space 4352K,   0% used [0x00000000d3420000, 0x00000000d3420000, 0x00000000d3860000)
 concurrent mark-sweep generation total 493972K, used 357905K [0x00000000e0c00000, 0x00000000fee65000, 0x0000000100000000)
 Metaspace       used 284917K, capacity 293298K, committed 294148K, reserved 1304576K
  class space    used 36416K, capacity 39677K, committed 39960K, reserved 1048576K
}
Event: 505.354 GC heap before
{Heap before GC invocations=365 (full 16):
 par new generation   total 39296K, used 38515K [0x00000000d1200000, 0x00000000d3ca0000, 0x00000000e0c00000)
  eden space 34944K, 100% used [0x00000000d1200000, 0x00000000d3420000, 0x00000000d3420000)
  from space 4352K,  82% used [0x00000000d3860000, 0x00000000d3bdcc28, 0x00000000d3ca0000)
  to   space 4352K,   0% used [0x00000000d3420000, 0x00000000d3420000, 0x00000000d3860000)
 concurrent mark-sweep generation total 493972K, used 357905K [0x00000000e0c00000, 0x00000000fee65000, 0x0000000100000000)
 Metaspace       used 285064K, capacity 293450K, committed 294148K, reserved 1304576K
  class space    used 36434K, capacity 39687K, committed 39960K, reserved 1048576K
}
Event: 505.364 GC heap after
{Heap after GC invocations=366 (full 16):
 par new generation   total 39296K, used 2802K [0x00000000d1200000, 0x00000000d3ca0000, 0x00000000e0c00000)
  eden space 34944K,   0% used [0x00000000d1200000, 0x00000000d1200000, 0x00000000d3420000)
  from space 4352K,  64% used [0x00000000d3420000, 0x00000000d36dcbe0, 0x00000000d3860000)
  to   space 4352K,   0% used [0x00000000d3860000, 0x00000000d3860000, 0x00000000d3ca0000)
 concurrent mark-sweep generation total 493972K, used 361237K [0x00000000e0c00000, 0x00000000fee65000, 0x0000000100000000)
 Metaspace       used 285064K, capacity 293450K, committed 294148K, reserved 1304576K
  class space    used 36434K, capacity 39687K, committed 39960K, reserved 1048576K
}
Event: 505.479 GC heap before
{Heap before GC invocations=366 (full 16):
 par new generation   total 39296K, used 37744K [0x00000000d1200000, 0x00000000d3ca0000, 0x00000000e0c00000)
  eden space 34944K,  99% used [0x00000000d1200000, 0x00000000d341f5b8, 0x00000000d3420000)
  from space 4352K,  64% used [0x00000000d3420000, 0x00000000d36dcbe0, 0x00000000d3860000)
  to   space 4352K,   0% used [0x00000000d3860000, 0x00000000d3860000, 0x00000000d3ca0000)
 concurrent mark-sweep generation total 493972K, used 361237K [0x00000000e0c00000, 0x00000000fee65000, 0x0000000100000000)
 Metaspace       used 285204K, capacity 293642K, committed 294404K, reserved 1304576K
  class space    used 36445K, capacity 39687K, committed 39960K, reserved 1048576K
}
Event: 505.488 GC heap after
{Heap after GC invocations=367 (full 16):
 par new generation   total 39296K, used 3890K [0x00000000d1200000, 0x00000000d3ca0000, 0x00000000e0c00000)
  eden space 34944K,   0% used [0x00000000d1200000, 0x00000000d1200000, 0x00000000d3420000)
  from space 4352K,  89% used [0x00000000d3860000, 0x00000000d3c2c860, 0x00000000d3ca0000)
  to   space 4352K,   0% used [0x00000000d3420000, 0x00000000d3420000, 0x00000000d3860000)
 concurrent mark-sweep generation total 493972K, used 361924K [0x00000000e0c00000, 0x00000000fee65000, 0x0000000100000000)
 Metaspace       used 285204K, capacity 293642K, committed 294404K, reserved 1304576K
  class space    used 36445K, capacity 39687K, committed 39960K, reserved 1048576K
}
Event: 505.526 GC heap before
{Heap before GC invocations=367 (full 16):
 par new generation   total 39296K, used 38834K [0x00000000d1200000, 0x00000000d3ca0000, 0x00000000e0c00000)
  eden space 34944K, 100% used [0x00000000d1200000, 0x00000000d3420000, 0x00000000d3420000)
  from space 4352K,  89% used [0x00000000d3860000, 0x00000000d3c2c860, 0x00000000d3ca0000)
  to   space 4352K,   0% used [0x00000000d3420000, 0x00000000d3420000, 0x00000000d3860000)
 concurrent mark-sweep generation total 493972K, used 361924K [0x00000000e0c00000, 0x00000000fee65000, 0x0000000100000000)
 Metaspace       used 285234K, capacity 293642K, committed 294404K, reserved 1304576K
  class space    used 36448K, capacity 39687K, committed 39960K, reserved 1048576K
}
Event: 505.534 GC heap after
{Heap after GC invocations=368 (full 16):
 par new generation   total 39296K, used 3296K [0x00000000d1200000, 0x00000000d3ca0000, 0x00000000e0c00000)
  eden space 34944K,   0% used [0x00000000d1200000, 0x00000000d1200000, 0x00000000d3420000)
  from space 4352K,  75% used [0x00000000d3420000, 0x00000000d37581b8, 0x00000000d3860000)
  to   space 4352K,   0% used [0x00000000d3860000, 0x00000000d3860000, 0x00000000d3ca0000)
 concurrent mark-sweep generation total 493972K, used 364611K [0x00000000e0c00000, 0x00000000fee65000, 0x0000000100000000)
 Metaspace       used 285234K, capacity 293642K, committed 294404K, reserved 1304576K
  class space    used 36448K, capacity 39687K, committed 39960K, reserved 1048576K
}
Event: 506.703 GC heap before
{Heap before GC invocations=368 (full 16):
 par new generation   total 39296K, used 38240K [0x00000000d1200000, 0x00000000d3ca0000, 0x00000000e0c00000)
  eden space 34944K,  99% used [0x00000000d1200000, 0x00000000d341ffc0, 0x00000000d3420000)
  from space 4352K,  75% used [0x00000000d3420000, 0x00000000d37581b8, 0x00000000d3860000)
  to   space 4352K,   0% used [0x00000000d3860000, 0x00000000d3860000, 0x00000000d3ca0000)
 concurrent mark-sweep generation total 493972K, used 364611K [0x00000000e0c00000, 0x00000000fee65000, 0x0000000100000000)
 Metaspace       used 286779K, capacity 295252K, committed 295812K, reserved 1304576K
  class space    used 36595K, capacity 39861K, committed 40088K, reserved 1048576K
}
Event: 506.707 GC heap after
{Heap after GC invocations=369 (full 16):
 par new generation   total 39296K, used 1281K [0x00000000d1200000, 0x00000000d3ca0000, 0x00000000e0c00000)
  eden space 34944K,   0% used [0x00000000d1200000, 0x00000000d1200000, 0x00000000d3420000)
  from space 4352K,  29% used [0x00000000d3860000, 0x00000000d39a06f0, 0x00000000d3ca0000)
  to   space 4352K,   0% used [0x00000000d3420000, 0x00000000d3420000, 0x00000000d3860000)
 concurrent mark-sweep generation total 493972K, used 364611K [0x00000000e0c00000, 0x00000000fee65000, 0x0000000100000000)
 Metaspace       used 286779K, capacity 295252K, committed 295812K, reserved 1304576K
  class space    used 36595K, capacity 39861K, committed 40088K, reserved 1048576K
}

